<?xml version="1.0" encoding="UTF-8"?>
<testsuite xmlns:xsi="http://www.w3.org/2001/XMLSchema-instance" xsi:noNamespaceSchemaLocation="https://maven.apache.org/surefire/maven-surefire-plugin/xsd/surefire-test-report-3.0.xsd" version="3.0" name="TestSuite" time="39.515" tests="1" errors="0" skipped="0" failures="1">
  <properties>
[...]
</properties>
  <testcase name="runScenario[&quot;Verify the end to end flow of Exchange flow for AUD corridor&quot;, &quot;End to End Exchange flow - AUD&quot;](1)" classname="anhtester.com.runners.OpsTestRunner" time="33.018">
    <failure message="Actual value:&apos;02/08/2023 &amp; Expected value:&apos;&apos; expected [true] but found [false]" type="java.lang.AssertionError"><![CDATA[java.lang.AssertionError: Actual value:'02/08/2023 & Expected value:'' expected [true] but found [false]
	at org.testng.Assert.fail(Assert.java:111)
	at org.testng.Assert.failNotEquals(Assert.java:1578)
	at org.testng.Assert.assertTrue(Assert.java:57)
	at anhtester.com.keywords.WebUI.verifyTrue(WebUI.java:1053)
	at anhtester.com.hubpay.corp.pages.DashboardPage.verifyFieldValue(DashboardPage.java:144)
	at anhtester.com.hubpay.corp.pages.DashboardPage.verifyOnlyExchangeTransactionDetails(DashboardPage.java:162)
	at anhtester.com.hubpay.corp.stepdefinitions.DashboardPageStepDefinition.I_verify_transactions_status_open_details_view(DashboardPageStepDefinition.java:162)
	at ✽.I verify details of exchange transaction on transaction details view(file:///Users/kanthreddy/wip/Hubpay_QAAutomation/src/test/resources/features/ExchangeFlow_AUD.feature:34)
]]></failure>
    <system-out><![CDATA[================ BEFORE ALL ================
[INFO] 01-08-2023 18:08:52 [LogUtils] - Loaded all properties files.
[INFO] 01-08-2023 18:08:52 [LogUtils] - {TARGET=local, ownerDetail=xpath&&//div[@id='s2id_created_by']//a[@class='select2-choice']/span[1], menuClients=xpath&&//span[normalize-space()='Clients'], TELEGRAM_CHATID=, OVERRIDE_REPORTS=yes, inputPhone=xpath&&//input[@id='phone'], inputClientGroups=xpath&&(//label[normalize-space()='Client groups']/following-sibling::div//input)[1], buttonSaveOnDialog=xpath&&//div[@id='ajaxModalContent']//button[normalize-space()='Save'], spanFirstItemClientGroups=xpath&&//span[@class='select2-match'], inputCountry=xpath&&//input[@id='country'], SEND_REPORT_TO_TELEGRAM=no, SEND_EMAIL_TO_USERS=no, ZIP_FOLDER_NAME=CucumberExtentReports.zip, WAIT_DEFAULT=5, REMOTE_PORT=4444, TELEGRAM_TOKEN=, buttonAddClient=xpath&&//a[normalize-space()='Add client'], URL_CORP=https://corporate-dev.hubpay.ae/auth/signin, labelClientGroups=xpath&&//li[@class='select2-search-choice']/div, URL_OPS=https://ops-portal-dev.hubpay.ae/wallet/, inputState=xpath&&//input[@id='state'], labelOnClientPage=xpath&&//span[normalize-space()='Total clients'], inputPassword=xpath&&//input[@id='password'], EXTENT_REPORT_PDF=PdfReport.pdf, inputAddress=xpath&&//textarea[@id='address'], VIDEO_RECORD=no, inputSearchOwner=xpath&&//div[@id='select2-drop']//input, tabClient=xpath&&//ul[@id='client-tabs']//li[2], labelEmailError=id&&email-error, tabClientInfo=xpath&&//a[normalize-space()='Client info'], PASSWORD=T+wyT5u9cOelDJbBWNgxLw, inputWebsite=xpath&&//input[@id='website'], SCREENSHOT_ALL_STEPS=no, labelAuthentication=xpath&&//div[@role='alert'], EXTENT_REPORT_NAME=ExtentReport, EXPORT_VIDEO_PATH=ExportData/Videos, EXPORT_CAPTURE_PATH=ExportData/Images, WAIT_PAGE_LOADED=30, SCREENSHOT_PASSED_STEPS=no, radioOrganization=xpath&&//input[@id='type_organization'], EXTENT_REPORT_FOLDER=reports/CucumberExtentReports, itemClientFirstRow=xpath&&//table[@id='client-table']//tbody/tr[1]/td[2]/a, WAIT_EXPLICIT=10, BROWSER=chrome, SCREENSHOT_SKIPPED_STEPS=yes, inputEmail=xpath&&//input[@id='email'], menuDashboard=xpath&&//span[normalize-space()='Dashboard'], REPORT_TITLE=Report | Automation Framework Cucumber TestNG | Anh Tester, AUTHOR=Anh Tester, EXCEL_DATA_FILE_PATH=src/test/resources/testdata/ClientsDataExcel.xlsx, WAIT_IMPLICIT=20, PROJECT_NAME=Automation Framework Cucumber TestNG | Anh Tester, HEADLESS=false, REMOTE_URL=localhost, inputCompanyName=xpath&&//input[@id='company_name'], selectOwner=xpath&&//div[@id='s2id_created_by'], inputCity=xpath&&//input[@id='city'], SCREENSHOT_FAILED_STEPS=yes, TXT_FILE_PATH=src/test/resources/testdata/TxtFileData.txt, selectFirstItemOwner=xpath&&(//div[contains(@id,'select2-result-label')])[1], buttonSignIn=xpath&&//button[normalize-space()='Sign in'], JSON_DATA_FILE_PATH=src/test/resources/config/config.json, inputVat=xpath&&//input[@id='vat_number'], ACTIVE_PAGE_LOADED=true, headerPageClientInfo=xpath&&//form[@id='company-form']//h4, URL_CRM=https://rise.fairsketch.com/signin, WAIT_SLEEP_STEP=0, OPEN_REPORTS_AFTER_EXECUTION=no, buttonDynamicXpath=xpath&&//button[normalize-space()='%s'], ZIP_FOLDER_PATH=reports/CucumberExtentReports, inputZip=xpath&&//input[@id='zip'], inputSearch=xpath&&//input[@placeholder='Search'], ZIP_FOLDER=no, menuProjects=xpath&&//span[normalize-space()='Projects']}
[INFO] 01-08-2023 18:08:52 [LogUtils] - Loaded all properties files.
[INFO] 01-08-2023 18:08:52 [LogUtils] - {TARGET=local, ownerDetail=xpath&&//div[@id='s2id_created_by']//a[@class='select2-choice']/span[1], menuClients=xpath&&//span[normalize-space()='Clients'], TELEGRAM_CHATID=, OVERRIDE_REPORTS=yes, inputPhone=xpath&&//input[@id='phone'], inputClientGroups=xpath&&(//label[normalize-space()='Client groups']/following-sibling::div//input)[1], buttonSaveOnDialog=xpath&&//div[@id='ajaxModalContent']//button[normalize-space()='Save'], spanFirstItemClientGroups=xpath&&//span[@class='select2-match'], inputCountry=xpath&&//input[@id='country'], SEND_REPORT_TO_TELEGRAM=no, SEND_EMAIL_TO_USERS=no, ZIP_FOLDER_NAME=CucumberExtentReports.zip, WAIT_DEFAULT=5, REMOTE_PORT=4444, TELEGRAM_TOKEN=, buttonAddClient=xpath&&//a[normalize-space()='Add client'], URL_CORP=https://corporate-dev.hubpay.ae/auth/signin, labelClientGroups=xpath&&//li[@class='select2-search-choice']/div, URL_OPS=https://ops-portal-dev.hubpay.ae/wallet/, inputState=xpath&&//input[@id='state'], labelOnClientPage=xpath&&//span[normalize-space()='Total clients'], inputPassword=xpath&&//input[@id='password'], EXTENT_REPORT_PDF=PdfReport.pdf, inputAddress=xpath&&//textarea[@id='address'], VIDEO_RECORD=no, inputSearchOwner=xpath&&//div[@id='select2-drop']//input, tabClient=xpath&&//ul[@id='client-tabs']//li[2], labelEmailError=id&&email-error, tabClientInfo=xpath&&//a[normalize-space()='Client info'], PASSWORD=T+wyT5u9cOelDJbBWNgxLw, inputWebsite=xpath&&//input[@id='website'], SCREENSHOT_ALL_STEPS=no, labelAuthentication=xpath&&//div[@role='alert'], EXTENT_REPORT_NAME=ExtentReport, EXPORT_VIDEO_PATH=ExportData/Videos, EXPORT_CAPTURE_PATH=ExportData/Images, WAIT_PAGE_LOADED=30, SCREENSHOT_PASSED_STEPS=no, radioOrganization=xpath&&//input[@id='type_organization'], EXTENT_REPORT_FOLDER=reports/CucumberExtentReports, itemClientFirstRow=xpath&&//table[@id='client-table']//tbody/tr[1]/td[2]/a, WAIT_EXPLICIT=10, BROWSER=chrome, SCREENSHOT_SKIPPED_STEPS=yes, inputEmail=xpath&&//input[@id='email'], menuDashboard=xpath&&//span[normalize-space()='Dashboard'], REPORT_TITLE=Report | Automation Framework Cucumber TestNG | Anh Tester, AUTHOR=Anh Tester, EXCEL_DATA_FILE_PATH=src/test/resources/testdata/ClientsDataExcel.xlsx, WAIT_IMPLICIT=20, PROJECT_NAME=Automation Framework Cucumber TestNG | Anh Tester, HEADLESS=false, REMOTE_URL=localhost, inputCompanyName=xpath&&//input[@id='company_name'], selectOwner=xpath&&//div[@id='s2id_created_by'], inputCity=xpath&&//input[@id='city'], SCREENSHOT_FAILED_STEPS=yes, TXT_FILE_PATH=src/test/resources/testdata/TxtFileData.txt, selectFirstItemOwner=xpath&&(//div[contains(@id,'select2-result-label')])[1], buttonSignIn=xpath&&//button[normalize-space()='Sign in'], JSON_DATA_FILE_PATH=src/test/resources/config/config.json, inputVat=xpath&&//input[@id='vat_number'], ACTIVE_PAGE_LOADED=true, headerPageClientInfo=xpath&&//form[@id='company-form']//h4, URL_CRM=https://rise.fairsketch.com/signin, WAIT_SLEEP_STEP=0, OPEN_REPORTS_AFTER_EXECUTION=no, buttonDynamicXpath=xpath&&//button[normalize-space()='%s'], ZIP_FOLDER_PATH=reports/CucumberExtentReports, inputZip=xpath&&//input[@id='zip'], inputSearch=xpath&&//input[@placeholder='Search'], ZIP_FOLDER=no, menuProjects=xpath&&//span[normalize-space()='Projects']}
Data From FrameworkConstants: {TARGET=local, ownerDetail=xpath&&//div[@id='s2id_created_by']//a[@class='select2-choice']/span[1], menuClients=xpath&&//span[normalize-space()='Clients'], TELEGRAM_CHATID=, OVERRIDE_REPORTS=yes, inputPhone=xpath&&//input[@id='phone'], inputClientGroups=xpath&&(//label[normalize-space()='Client groups']/following-sibling::div//input)[1], buttonSaveOnDialog=xpath&&//div[@id='ajaxModalContent']//button[normalize-space()='Save'], spanFirstItemClientGroups=xpath&&//span[@class='select2-match'], inputCountry=xpath&&//input[@id='country'], SEND_REPORT_TO_TELEGRAM=no, SEND_EMAIL_TO_USERS=no, ZIP_FOLDER_NAME=CucumberExtentReports.zip, WAIT_DEFAULT=5, REMOTE_PORT=4444, TELEGRAM_TOKEN=, buttonAddClient=xpath&&//a[normalize-space()='Add client'], URL_CORP=https://corporate-dev.hubpay.ae/auth/signin, labelClientGroups=xpath&&//li[@class='select2-search-choice']/div, URL_OPS=https://ops-portal-dev.hubpay.ae/wallet/, inputState=xpath&&//input[@id='state'], labelOnClientPage=xpath&&//span[normalize-space()='Total clients'], inputPassword=xpath&&//input[@id='password'], EXTENT_REPORT_PDF=PdfReport.pdf, inputAddress=xpath&&//textarea[@id='address'], VIDEO_RECORD=no, inputSearchOwner=xpath&&//div[@id='select2-drop']//input, tabClient=xpath&&//ul[@id='client-tabs']//li[2], labelEmailError=id&&email-error, tabClientInfo=xpath&&//a[normalize-space()='Client info'], PASSWORD=T+wyT5u9cOelDJbBWNgxLw, inputWebsite=xpath&&//input[@id='website'], SCREENSHOT_ALL_STEPS=no, labelAuthentication=xpath&&//div[@role='alert'], EXTENT_REPORT_NAME=ExtentReport, EXPORT_VIDEO_PATH=ExportData/Videos, EXPORT_CAPTURE_PATH=ExportData/Images, WAIT_PAGE_LOADED=30, SCREENSHOT_PASSED_STEPS=no, radioOrganization=xpath&&//input[@id='type_organization'], EXTENT_REPORT_FOLDER=reports/CucumberExtentReports, itemClientFirstRow=xpath&&//table[@id='client-table']//tbody/tr[1]/td[2]/a, WAIT_EXPLICIT=10, BROWSER=chrome, SCREENSHOT_SKIPPED_STEPS=yes, inputEmail=xpath&&//input[@id='email'], menuDashboard=xpath&&//span[normalize-space()='Dashboard'], REPORT_TITLE=Report | Automation Framework Cucumber TestNG | Anh Tester, AUTHOR=Anh Tester, EXCEL_DATA_FILE_PATH=src/test/resources/testdata/ClientsDataExcel.xlsx, WAIT_IMPLICIT=20, PROJECT_NAME=Automation Framework Cucumber TestNG | Anh Tester, HEADLESS=false, REMOTE_URL=localhost, inputCompanyName=xpath&&//input[@id='company_name'], selectOwner=xpath&&//div[@id='s2id_created_by'], inputCity=xpath&&//input[@id='city'], SCREENSHOT_FAILED_STEPS=yes, TXT_FILE_PATH=src/test/resources/testdata/TxtFileData.txt, selectFirstItemOwner=xpath&&(//div[contains(@id,'select2-result-label')])[1], buttonSignIn=xpath&&//button[normalize-space()='Sign in'], JSON_DATA_FILE_PATH=src/test/resources/config/config.json, inputVat=xpath&&//input[@id='vat_number'], ACTIVE_PAGE_LOADED=true, headerPageClientInfo=xpath&&//form[@id='company-form']//h4, URL_CRM=https://rise.fairsketch.com/signin, WAIT_SLEEP_STEP=0, OPEN_REPORTS_AFTER_EXECUTION=no, buttonDynamicXpath=xpath&&//button[normalize-space()='%s'], ZIP_FOLDER_PATH=reports/CucumberExtentReports, inputZip=xpath&&//input[@id='zip'], inputSearch=xpath&&//input[@placeholder='Search'], ZIP_FOLDER=no, menuProjects=xpath&&//span[normalize-space()='Projects']}
null
Allure environment data saved.
Allure Reports is installed.

@exchange @aud @corp
Scenario Outline: Verify the end to end flow of Exchange flow for AUD corridor          # src/test/resources/features/ExchangeFlow_AUD.feature:94
[ERROR] 01-08-2023 18:08:55 [HttpClient] - Error HTTP 404 executing https://chromedriver.storage.googleapis.com/LATEST_RELEASE_115
[WARN] 01-08-2023 18:08:55 [VersionDetector] - Exception reading https://chromedriver.storage.googleapis.com/LATEST_RELEASE_115 to get latest version of chromedriver (Error HTTP 404 executing https://chromedriver.storage.googleapis.com/LATEST_RELEASE_115)
[INFO] 01-08-2023 18:08:57 [WebDriverManager] - Exporting webdriver.chrome.driver as /Users/kanthreddy/.cache/selenium/chromedriver/mac-arm64/114.0.5735.90/chromedriver
[INFO] 01-08-2023 18:09:01 [LogUtils] - Driver in TestContext: ChromeDriver: chrome on mac (bf2dd70c44b92839cd71dfaa1d496f74)
  Given I setup test data file name for "ForeignExchange" "AUD" "30"                    # anhtester.com.common.CommonSteps.I_create_testdata_file_for(java.lang.String,java.lang.String,java.lang.String)
[INFO] 01-08-2023 18:09:02 [LogUtils] - Open URL: https://corporate-dev.hubpay.ae/auth/signin
[INFO] 01-08-2023 18:09:02 [LogUtils] - Verify element visible By.cssSelector: input[name='username']
[INFO] 01-08-2023 18:09:02 [LogUtils] - Set text corp-demo-1@hubpay.ae on By.cssSelector: input[name='username']
[INFO] 01-08-2023 18:09:03 [LogUtils] - Verify element visible By.cssSelector: input[name='password']
[INFO] 01-08-2023 18:09:03 [LogUtils] - Set text CorpDemo123! on By.cssSelector: input[name='password']
[INFO] 01-08-2023 18:09:03 [LogUtils] - Click on element with JS: By.xpath: //button[text()='Next']
[INFO] 01-08-2023 18:09:05 [LogUtils] - Verify element visible By.xpath: //li[contains(.,'Sign out')]
Login successful
  Given I'm Logged in to the Corp portal                                                # anhtester.com.common.CommonSteps.I_enter_credentials_on_CorpSuite_Login_Page()
{COMMON={toCurrencyName=Australian Dollar, toCurrencyCode=AUD, fromCurrencyName=UAE Dirham, fromCurrencyCode=AED, toCurrencyWalletBalance=AUD 0.00, feePerPayment=21 AUD, processingTime=Instant, fromCurrencyWalletBalance=AED 33,240.45, noOfPayments=0, totalReceiveAmount=AUD 500.00, totalAmount=, totalFees=AUD 0.00, totalPayable=AUD 500.00, balanceDue=AUD 0.00, expectedPaymentDate=31st July 2023, liveRate=1 AUD = 2.46572 AED, settlementDate=2nd August 2023, formatted_settlementDate=2nd Augu 2023}, EXCHANGE={toAmount=30.00, fromAmount=73.97, type=Foreign Exchange, createdAt=Monday 31 July 2023, transactionReference=AF-WT2V-NJHK, orderedAt=31/07/2023, orderSettledAt=-, rejectedAt=-, completedAt=-, totalFundsDue=75.26}}
[INFO] 01-08-2023 18:09:08 [LogUtils] - Verify element visible By.xpath: //h1[text()='Dashboard']
[INFO] 01-08-2023 18:09:08 [LogUtils] - Verify element visible By.xpath: //h1[text()='Dashboard']
  Then I verify Dashboard page is displayed                                             # anhtester.com.hubpay.corp.stepdefinitions.DashboardPageStepDefinition.I_verify_dashboard_page_is_displayed()
I_note_wallet_balance_for_corridor:src/test/resources/testdata/ForeignExchange_AUD_30.json
[INFO] 01-08-2023 18:09:09 [LogUtils] - Verify element visible By.xpath: //p[contains(text(),'AUD')]
[INFO] 01-08-2023 18:09:09 [LogUtils] - Verify element visible By.xpath: //p[contains(text(),'AUD')]
[INFO] 01-08-2023 18:09:09 [LogUtils] - Verify element visible By.xpath: //p[contains(text(),'AED')]
[INFO] 01-08-2023 18:09:09 [LogUtils] - Verify element visible By.xpath: //p[contains(text(),'AED')]
  Then I Note the wallet balance for the "AUD" corridor                                 # anhtester.com.hubpay.corp.stepdefinitions.DashboardPageStepDefinition.I_note_wallet_balance_for_corridor(java.lang.String)
I_verify_default_details_on_exchange_page:src/test/resources/testdata/ForeignExchange_AUD_30.json
[INFO] 01-08-2023 18:09:09 [LogUtils] - Verify element visible By.xpath: //a[text()='Exchange']
[INFO] 01-08-2023 18:09:09 [LogUtils] - Clicked on the element By.xpath: //a[text()='Exchange']
[INFO] 01-08-2023 18:09:10 [LogUtils] - Verify element visible By.xpath: //h1[text()='Exchange']
  Then I navigate to Exchange page                                                      # anhtester.com.hubpay.corp.stepdefinitions.DashboardPageStepDefinition.I_navigate_to_exchange_page()
{COMMON={toCurrencyName=Australian Dollar, toCurrencyCode=AUD, fromCurrencyName=UAE Dirham, fromCurrencyCode=AED, toCurrencyWalletBalance=AUD 0.00, feePerPayment=21 AUD, processingTime=Instant, fromCurrencyWalletBalance=AED 33,240.45, noOfPayments=0, totalReceiveAmount=AUD 500.00, totalAmount=, totalFees=AUD 0.00, totalPayable=AUD 500.00, balanceDue=AUD 0.00, expectedPaymentDate=31st July 2023, liveRate=1 AUD = 2.46572 AED, settlementDate=2nd August 2023, formatted_settlementDate=2nd Augu 2023}, EXCHANGE={toAmount=30.00, fromAmount=73.97, type=Foreign Exchange, createdAt=Monday 31 July 2023, transactionReference=AF-WT2V-NJHK, orderedAt=31/07/2023, orderSettledAt=-, rejectedAt=-, completedAt=-, totalFundsDue=75.26}}
[INFO] 01-08-2023 18:09:10 [LogUtils] - Verify element visible By.xpath: //h1[text()='Exchange']
[INFO] 01-08-2023 18:09:11 [LogUtils] - Verify element visible By.xpath: //p[text()='Convert money between your wallets']
[INFO] 01-08-2023 18:09:11 [LogUtils] - Verify element visible By.xpath: //span[text()='Amount']/preceding-sibling::span[text()='1']/parent::span
[INFO] 01-08-2023 18:09:11 [LogUtils] - Verify element visible By.xpath: //span[text()='Review & confirm']/preceding-sibling::span[text()='2']/parent::span
[INFO] 01-08-2023 18:09:11 [LogUtils] - Verify element visible By.xpath: //h1[text()='Amount']
[INFO] 01-08-2023 18:09:11 [LogUtils] - Verify element visible By.xpath: //h1[text()='Amount']/following-sibling::p[text()='Select the wallet you want to exchange to and define the amount']
[INFO] 01-08-2023 18:09:11 [LogUtils] - Verify element visible By.xpath: //input[@name='amount']/following-sibling::div/button
[INFO] 01-08-2023 18:09:11 [LogUtils] - Verify element visible By.xpath: //label[text()='Sell']/following-sibling::div/input[@placeholder='0.00']/following-sibling::div[.='AED']
[INFO] 01-08-2023 18:09:11 [LogUtils] - Verify TRUE: true
  Then I verify default details on Exchange page                                        # anhtester.com.hubpay.corp.stepdefinitions.ExchangePageStepDefinition.I_verify_default_details_on_exchange_page()
[INFO] 01-08-2023 18:09:11 [LogUtils] - Verify element visible By.xpath: //span[text()='Amount']/preceding-sibling::span[text()='1']/parent::span
[INFO] 01-08-2023 18:09:11 [LogUtils] - Verify element visible By.xpath: //span[text()='Amount']/preceding-sibling::span[text()='1']/parent::span
[INFO] 01-08-2023 18:09:11 [LogUtils] - Verify element visible By.xpath: //span[text()='Amount']/preceding-sibling::span[text()='1']/parent::span
[INFO] 01-08-2023 18:09:11 [LogUtils] - Verify TRUE: true
  Then I verify "Amount" step is "Active" on "Exchange" page                            # anhtester.com.hubpay.corp.stepdefinitions.ExchangePageStepDefinition.I_verify_step_status_on_exchange_page(java.lang.String,java.lang.String,java.lang.String)
[INFO] 01-08-2023 18:09:11 [LogUtils] - Verify element visible By.xpath: //span[text()='Review & confirm']/preceding-sibling::span[text()='2']/parent::span
[INFO] 01-08-2023 18:09:11 [LogUtils] - Verify element visible By.xpath: //span[text()='Review & confirm']/preceding-sibling::span[text()='2']/parent::span
[INFO] 01-08-2023 18:09:11 [LogUtils] - Verify element visible By.xpath: //span[text()='Review & confirm']/preceding-sibling::span[text()='2']/parent::span
[INFO] 01-08-2023 18:09:11 [LogUtils] - Verify TRUE: true
  Then I verify "Review & confirm" step is "Inactive" on "Exchange" page                # anhtester.com.hubpay.corp.stepdefinitions.ExchangePageStepDefinition.I_verify_step_status_on_exchange_page(java.lang.String,java.lang.String,java.lang.String)
[INFO] 01-08-2023 18:09:11 [LogUtils] - Verify element visible By.xpath: //input[@name='amount']
[INFO] 01-08-2023 18:09:11 [LogUtils] - Verify element visible By.xpath: //input[@name='amount']
[INFO] 01-08-2023 18:09:11 [LogUtils] - Clear and Fill 30.00 on By.xpath: //input[@name='amount']
  When I select "AUD" corridor and input "30.00" amount on Exchange page                # anhtester.com.hubpay.corp.stepdefinitions.ExchangePageStepDefinition.I_select_corridor_and_input_amount_on_exchange_page(java.lang.String,java.lang.String)
[INFO] 01-08-2023 18:09:12 [LogUtils] - Verify element visible By.xpath: //div[text()='Live rate']/preceding-sibling::div//p
[INFO] 01-08-2023 18:09:12 [LogUtils] - Verify element visible By.xpath: //div[text()='Live rate']/preceding-sibling::div//p
[INFO] 01-08-2023 18:09:12 [LogUtils] - Verify element visible By.xpath: //div[text()='Live rate']/preceding-sibling::div//p
[INFO] 01-08-2023 18:09:12 [LogUtils] - Verify element visible By.xpath: //div[text()='Live rate']/preceding-sibling::div//p
[INFO] 01-08-2023 18:09:12 [LogUtils] - Verify text of an element [Contains]: true
[INFO] 01-08-2023 18:09:12 [LogUtils] - Verify element visible By.xpath: //div[text()='Live rate']/preceding-sibling::div//p
[INFO] 01-08-2023 18:09:12 [LogUtils] - Verify element visible By.xpath: //div[text()='Live rate']/preceding-sibling::div//p
  Then I verify Live rate is displayed for "AUD" corridor                               # anhtester.com.hubpay.corp.stepdefinitions.ExchangePageStepDefinition.I_verify_live_rate_is_displayed_exchange_page(java.lang.String)
[INFO] 01-08-2023 18:09:12 [LogUtils] - Verify element visible By.xpath: //div[text()='Processing time']/preceding-sibling::div
[INFO] 01-08-2023 18:09:12 [LogUtils] - Verify element visible By.xpath: //div[text()='Processing time']/preceding-sibling::div
[INFO] 01-08-2023 18:09:12 [LogUtils] - Verify element visible By.xpath: //div[text()='Processing time']/preceding-sibling::div
[INFO] 01-08-2023 18:09:12 [LogUtils] - Verify text of an element [Equals]: true
[INFO] 01-08-2023 18:09:12 [LogUtils] - Verify element visible By.xpath: //div[text()='Processing time']/preceding-sibling::div
[INFO] 01-08-2023 18:09:12 [LogUtils] - Verify element visible By.xpath: //div[text()='Processing time']/preceding-sibling::div
[INFO] 01-08-2023 18:09:12 [LogUtils] - Verify element visible By.xpath: //div[text()='Processing time']/preceding-sibling::div
[INFO] 01-08-2023 18:09:12 [LogUtils] - Verify element visible By.xpath: //div[text()='Processing time']/preceding-sibling::div
[INFO] 01-08-2023 18:09:12 [LogUtils] - Verify element visible By.xpath: //div[text()='Processing time']/preceding-sibling::div
[INFO] 01-08-2023 18:09:12 [LogUtils] - Verify element visible By.xpath: //div[text()='Processing time']/preceding-sibling::div
In Exchange steps:Print from File
{COMMON={toCurrencyName=Australian Dollar, toCurrencyCode=AUD, fromCurrencyName=UAE Dirham, fromCurrencyCode=AED, toCurrencyWalletBalance=AUD 0.00, feePerPayment=21 AUD, processingTime=Instant, fromCurrencyWalletBalance=AED 33,240.45, noOfPayments=0, totalReceiveAmount=AUD 500.00, totalAmount=, totalFees=AUD 0.00, totalPayable=AUD 500.00, balanceDue=AUD 0.00, expectedPaymentDate=31st July 2023, liveRate=1 AUD = 2.46572 AED, settlementDate=2nd August 2023, formatted_settlementDate=2nd Augu 2023}, EXCHANGE={toAmount=30.00, fromAmount=73.97, type=Foreign Exchange, createdAt=Monday 31 July 2023, transactionReference=AF-WT2V-NJHK, orderedAt=31/07/2023, orderSettledAt=-, rejectedAt=-, completedAt=-, totalFundsDue=75.26}}
[INFO] 01-08-2023 18:09:12 [LogUtils] - Verify element visible By.xpath: //input[@name='amount']
[INFO] 01-08-2023 18:09:12 [LogUtils] - Verify element visible By.xpath: //button/span
[INFO] 01-08-2023 18:09:12 [LogUtils] - Verify element visible By.xpath: //div[text()='Live rate']/preceding-sibling::div//p
[INFO] 01-08-2023 18:09:12 [LogUtils] - Verify element visible By.xpath: //div[text()='Live rate']/preceding-sibling::div//p
[INFO] 01-08-2023 18:09:12 [LogUtils] - Verify element visible By.xpath: //div[text()='Live rate']/preceding-sibling::div//p
[INFO] 01-08-2023 18:09:12 [LogUtils] - Verify element visible By.xpath: //div[text()='Live rate']/preceding-sibling::div//p
calculated sell amount:73.98
[INFO] 01-08-2023 18:09:12 [LogUtils] - Verify element visible By.xpath: //div[text()='Settlement date']/preceding-sibling::div
[INFO] 01-08-2023 18:09:12 [LogUtils] - Verify element visible By.xpath: //div[text()='Settlement date']/preceding-sibling::div
[INFO] 01-08-2023 18:09:13 [LogUtils] - Verify element visible By.xpath: //div[text()='Settlement date']/preceding-sibling::div
[INFO] 01-08-2023 18:09:13 [LogUtils] - Verify element visible By.xpath: //div[text()='Settlement date']/preceding-sibling::div
[INFO] 01-08-2023 18:09:13 [LogUtils] - Verify element visible By.xpath: //div[text()='Settlement date']/preceding-sibling::div
[INFO] 01-08-2023 18:09:13 [LogUtils] - Verify element visible By.xpath: //div[text()='Settlement date']/preceding-sibling::div
[INFO] 01-08-2023 18:09:13 [LogUtils] - Verify element visible By.xpath: //div[text()='Settlement date']/preceding-sibling::div
[INFO] 01-08-2023 18:09:13 [LogUtils] - Verify element visible By.xpath: //div[text()='Settlement date']/preceding-sibling::div
After Merging Maps:
{COMMON={toCurrencyName=Australian Dollar, toCurrencyCode=AUD, fromCurrencyName=UAE Dirham, fromCurrencyCode=AED, toCurrencyWalletBalance=AUD 0.00, feePerPayment=21 AUD, processingTime=Instant, fromCurrencyWalletBalance=AED 33,240.45, noOfPayments=0, totalReceiveAmount=AUD 500.00, totalAmount=, totalFees=AUD 0.00, totalPayable=AUD 500.00, balanceDue=AUD 0.00, expectedPaymentDate=31st July 2023, liveRate=1 AUD = 2.46613 AED, settlementDate=2nd August 2023, formatted_settlementDate=2nd Augu 2023}, EXCHANGE={toAmount=30.00, fromAmount=73.98, type=Foreign Exchange, createdAt=Monday 31 July 2023, transactionReference=AF-WT2V-NJHK, orderedAt=31/07/2023, orderSettledAt=-, rejectedAt=-, completedAt=-, totalFundsDue=75.26}}
  Then I verify "Instant" for the "AUD" corridor                                        # anhtester.com.hubpay.corp.stepdefinitions.ExchangePageStepDefinition.I_verify_processingtime_for_the_corridor(java.lang.String,java.lang.String)
[INFO] 01-08-2023 18:09:13 [LogUtils] - Click on element with JS: By.xpath: //button[contains(.,'Next')]
[INFO] 01-08-2023 18:09:15 [LogUtils] - Verify element visible By.xpath: //h1[text()='Review & confirm']
  When I click "Next" button on "Exchange" page                                         # anhtester.com.hubpay.corp.stepdefinitions.ExchangePageStepDefinition.I_click_button_on_exchange_page(java.lang.String,java.lang.String)
[INFO] 01-08-2023 18:09:15 [LogUtils] - Verify element visible By.xpath: //button[@id='confirm']
[INFO] 01-08-2023 18:09:15 [LogUtils] - Clicked on the element By.xpath: //button[@id='confirm']
  When I "check" consent checkbox on Exchange page                                      # anhtester.com.hubpay.corp.stepdefinitions.ExchangePageStepDefinition.I_consent_checkbox_exchange_page(java.lang.String)
{COMMON={toCurrencyName=Australian Dollar, toCurrencyCode=AUD, fromCurrencyName=UAE Dirham, fromCurrencyCode=AED, toCurrencyWalletBalance=AUD 0.00, feePerPayment=21 AUD, processingTime=Instant, fromCurrencyWalletBalance=AED 33,240.45, noOfPayments=0, totalReceiveAmount=AUD 500.00, totalAmount=, totalFees=AUD 0.00, totalPayable=AUD 500.00, balanceDue=AUD 0.00, expectedPaymentDate=31st July 2023, liveRate=1 AUD = 2.46613 AED, settlementDate=2nd August 2023, formatted_settlementDate=2nd Augu 2023}, EXCHANGE={toAmount=30.00, fromAmount=73.98, type=Foreign Exchange, createdAt=Monday 31 July 2023, transactionReference=AF-WT2V-NJHK, orderedAt=31/07/2023, orderSettledAt=-, rejectedAt=-, completedAt=-, totalFundsDue=75.26}}
{COMMON={toCurrencyName=Australian Dollar, toCurrencyCode=AUD, fromCurrencyName=UAE Dirham, fromCurrencyCode=AED, toCurrencyWalletBalance=AUD 0.00, feePerPayment=21 AUD, processingTime=Instant, fromCurrencyWalletBalance=AED 33,240.45, noOfPayments=0, totalReceiveAmount=AUD 500.00, totalAmount=, totalFees=AUD 0.00, totalPayable=AUD 500.00, balanceDue=AUD 0.00, expectedPaymentDate=31st July 2023, liveRate=1 AUD = 2.46613 AED, settlementDate=2nd August 2023, formatted_settlementDate=2nd Augu 2023}, EXCHANGE={toAmount=30.00, fromAmount=73.98, type=Foreign Exchange, createdAt=Monday 31 July 2023, transactionReference=AF-WT2V-NJHK, orderedAt=31/07/2023, orderSettledAt=-, rejectedAt=-, completedAt=-, totalFundsDue=75.26}}
[INFO] 01-08-2023 18:09:15 [LogUtils] - Verify element visible By.xpath: //div[text()='Buy']/following-sibling::div
[INFO] 01-08-2023 18:09:15 [LogUtils] - Verify element visible By.xpath: //div[text()='Buy']/following-sibling::div
[INFO] 01-08-2023 18:09:15 [LogUtils] - Verify element visible By.xpath: //div[text()='Buy']/following-sibling::div
[INFO] 01-08-2023 18:09:15 [LogUtils] - Verify text of an element [Equals]: true
[INFO] 01-08-2023 18:09:15 [LogUtils] - Verify element visible By.xpath: //div[text()='Buy']/following-sibling::div
[INFO] 01-08-2023 18:09:15 [LogUtils] - Verify element visible By.xpath: //div[text()='Buy']/following-sibling::div
[INFO] 01-08-2023 18:09:15 [LogUtils] - Verify element visible By.xpath: //div[text()='Buy']/following-sibling::div
[INFO] 01-08-2023 18:09:15 [LogUtils] - Verify element visible By.xpath: //div[text()='Buy']/following-sibling::div
[INFO] 01-08-2023 18:09:15 [LogUtils] - Verify element visible By.xpath: //div[text()='Buy']/following-sibling::div
[INFO] 01-08-2023 18:09:15 [LogUtils] - Verify element visible By.xpath: //div[text()='Buy']/following-sibling::div
[INFO] 01-08-2023 18:09:15 [LogUtils] - Verify element visible By.xpath: //div[text()='Buy']/following-sibling::div
[INFO] 01-08-2023 18:09:15 [LogUtils] - Verify element visible By.xpath: //div[text()='Buy']/following-sibling::div
[INFO] 01-08-2023 18:09:15 [LogUtils] - Verify element visible By.xpath: //div[text()='Buy']/following-sibling::div
[INFO] 01-08-2023 18:09:15 [LogUtils] - Verify text of an element [Equals]: true
[INFO] 01-08-2023 18:09:15 [LogUtils] - Verify element visible By.xpath: //div[text()='Buy']/following-sibling::div
[INFO] 01-08-2023 18:09:15 [LogUtils] - Verify element visible By.xpath: //div[text()='Buy']/following-sibling::div
[INFO] 01-08-2023 18:09:15 [LogUtils] - Verify element visible By.xpath: //div[text()='Buy']/following-sibling::div
[INFO] 01-08-2023 18:09:15 [LogUtils] - Verify element visible By.xpath: //div[text()='Buy']/following-sibling::div
[INFO] 01-08-2023 18:09:15 [LogUtils] - Verify element visible By.xpath: //div[text()='Buy']/following-sibling::div
[INFO] 01-08-2023 18:09:15 [LogUtils] - Verify element visible By.xpath: //div[text()='Buy']/following-sibling::div
[INFO] 01-08-2023 18:09:15 [LogUtils] - Verify element visible By.xpath: //div[contains(text(),' Rate:')]/following-sibling::div
[INFO] 01-08-2023 18:09:15 [LogUtils] - Verify element visible By.xpath: //div[contains(text(),' Rate:')]/following-sibling::div
[INFO] 01-08-2023 18:09:15 [LogUtils] - Verify element visible By.xpath: //div[contains(text(),' Rate:')]/following-sibling::div
[INFO] 01-08-2023 18:09:15 [LogUtils] - Verify text of an element [Equals]: true
[INFO] 01-08-2023 18:09:16 [LogUtils] - Verify element visible By.xpath: //div[contains(text(),' Rate:')]/following-sibling::div
[INFO] 01-08-2023 18:09:16 [LogUtils] - Verify element visible By.xpath: //div[contains(text(),' Rate:')]/following-sibling::div
[INFO] 01-08-2023 18:09:16 [LogUtils] - Verify element visible By.xpath: //div[contains(text(),' Rate:')]/following-sibling::div
[INFO] 01-08-2023 18:09:16 [LogUtils] - Verify element visible By.xpath: //div[contains(text(),' Rate:')]/following-sibling::div
[INFO] 01-08-2023 18:09:16 [LogUtils] - Verify element visible By.xpath: //div[contains(text(),' Rate:')]/following-sibling::div
[INFO] 01-08-2023 18:09:16 [LogUtils] - Verify element visible By.xpath: //div[contains(text(),' Rate:')]/following-sibling::div
[INFO] 01-08-2023 18:09:16 [LogUtils] - Verify element visible By.xpath: //div[contains(text(),' Sell:')]/following-sibling::div
[INFO] 01-08-2023 18:09:16 [LogUtils] - Verify element visible By.xpath: //div[contains(text(),' Sell:')]/following-sibling::div
[INFO] 01-08-2023 18:09:16 [LogUtils] - Verify TRUE: true
[INFO] 01-08-2023 18:09:16 [LogUtils] - Verify element visible By.xpath: //div[.='Total payable:']/following-sibling::div
[INFO] 01-08-2023 18:09:16 [LogUtils] - Verify element visible By.xpath: //div[.='Total payable:']/following-sibling::div
[INFO] 01-08-2023 18:09:16 [LogUtils] - Verify TRUE: true
[INFO] 01-08-2023 18:09:16 [LogUtils] - Verify element visible By.xpath: //div[.='Total payable:']/following-sibling::div
[INFO] 01-08-2023 18:09:16 [LogUtils] - Verify element visible By.xpath: //div[.='Total payable:']/following-sibling::div
AED 73.98
[INFO] 01-08-2023 18:09:16 [LogUtils] - Verify element visible By.xpath: //div[.='Total payable:']/following-sibling::div
[INFO] 01-08-2023 18:09:16 [LogUtils] - Verify element visible By.xpath: //div[.='Total payable:']/following-sibling::div
[INFO] 01-08-2023 18:09:17 [LogUtils] - Verify element visible By.xpath: //div[contains(.,'Available from ') and contains(.,'allet balance:')]/following-sibling::div
[INFO] 01-08-2023 18:09:17 [LogUtils] - Verify element visible By.xpath: //div[contains(.,'Available from ') and contains(.,'allet balance:')]/following-sibling::div
act:'-AED 73.98'
Exp:'-AED 73.98'
73.98
[INFO] 01-08-2023 18:09:17 [LogUtils] - Verify element visible By.xpath: //div[contains(.,'Available from ') and contains(.,'allet balance:')]/following-sibling::div
[INFO] 01-08-2023 18:09:17 [LogUtils] - Verify element visible By.xpath: //div[contains(.,'Available from ') and contains(.,'allet balance:')]/following-sibling::div
[INFO] 01-08-2023 18:09:17 [LogUtils] - Verify TRUE: true
[INFO] 01-08-2023 18:09:17 [LogUtils] - Verify element visible By.xpath: //div[.='Balance due:']/following-sibling::div
[INFO] 01-08-2023 18:09:17 [LogUtils] - Verify element visible By.xpath: //div[.='Balance due:']/following-sibling::div
act:AED 0.00'
Exp:'AED 0.00
[INFO] 01-08-2023 18:09:17 [LogUtils] - Verify element visible By.xpath: //div[.='Balance due:']/following-sibling::div
[INFO] 01-08-2023 18:09:17 [LogUtils] - Verify element visible By.xpath: //div[.='Balance due:']/following-sibling::div
[INFO] 01-08-2023 18:09:17 [LogUtils] - Verify TRUE: true
  Then I review Exchange summary for "AUD" corridor and "30.00" amount                  # anhtester.com.hubpay.corp.stepdefinitions.ExchangePageStepDefinition.I_review_exchangesummary_for_corridor_and_amount(java.lang.String,java.lang.String)
[INFO] 01-08-2023 18:09:18 [LogUtils] - Verify element visible By.xpath: //button[contains(.,'Confirm Exchange')]
[INFO] 01-08-2023 18:09:18 [LogUtils] - Clicked on the element By.xpath: //button[contains(.,'Confirm Exchange')]
  When I Confirm the Exchange transaction                                               # anhtester.com.hubpay.corp.stepdefinitions.ExchangePageStepDefinition.I_confirm_the_exchange_transaction()
[INFO] 01-08-2023 18:09:19 [LogUtils] - Verify element visible By.xpath: //div[@role='dialog']//h2[text()='Success!']
[INFO] 01-08-2023 18:09:19 [LogUtils] - Verify element visible By.xpath: //div[@role='dialog']//h2[text()='Success!']
[INFO] 01-08-2023 18:09:19 [LogUtils] - Verify element visible By.xpath: //div[@role='dialog']//h2[text()='Success!']
[INFO] 01-08-2023 18:09:19 [LogUtils] - Verify element visible By.xpath: //div[@role='dialog']//p[text()='Please ensure you add sufficient funds to your AED wallet by the settlement date']
[INFO] 01-08-2023 18:09:19 [LogUtils] - Verify element visible By.xpath: //div[@role='dialog']//p[text()='Total amount converted']/following-sibling::p
[INFO] 01-08-2023 18:09:19 [LogUtils] - Verify element visible By.xpath: //div[@role='dialog']//p[text()='Total amount converted']/following-sibling::p
[INFO] 01-08-2023 18:09:19 [LogUtils] - Verify element visible By.xpath: //div[@role='dialog']//p[text()='Total amount converted']/following-sibling::p
[INFO] 01-08-2023 18:09:19 [LogUtils] - Verify text of an element [Equals]: true
[INFO] 01-08-2023 18:09:19 [LogUtils] - Verify element visible By.xpath: //div[@role='dialog']//p[text()='Total amount converted']/following-sibling::p
[INFO] 01-08-2023 18:09:19 [LogUtils] - Verify element visible By.xpath: //div[@role='dialog']//p[text()='Total amount converted']/following-sibling::p
[INFO] 01-08-2023 18:09:19 [LogUtils] - Verify element visible By.xpath: //div[@role='dialog']//p[text()='Total amount converted']/following-sibling::p
[INFO] 01-08-2023 18:09:19 [LogUtils] - Verify element visible By.xpath: //div[@role='dialog']//p[text()='Total amount converted']/following-sibling::p
[INFO] 01-08-2023 18:09:19 [LogUtils] - Verify element visible By.xpath: //div[@role='dialog']//p[text()='Total amount converted']/following-sibling::p
[INFO] 01-08-2023 18:09:19 [LogUtils] - Verify element visible By.xpath: //div[@role='dialog']//p[text()='Total amount converted']/following-sibling::p
[INFO] 01-08-2023 18:09:19 [LogUtils] - Verify element visible By.xpath: //div[@role='dialog']//p[text()='Settlement due date']/following-sibling::p
[INFO] 01-08-2023 18:09:19 [LogUtils] - Verify element visible By.xpath: //div[@role='dialog']//p[text()='Settlement due date']/following-sibling::p
[INFO] 01-08-2023 18:09:19 [LogUtils] - Verify element visible By.xpath: //div[@role='dialog']//p[text()='Settlement due date']/following-sibling::p
[INFO] 01-08-2023 18:09:19 [LogUtils] - Verify text of an element [Equals]: true
[INFO] 01-08-2023 18:09:19 [LogUtils] - Verify element visible By.xpath: //div[@role='dialog']//p[text()='Settlement due date']/following-sibling::p
[INFO] 01-08-2023 18:09:19 [LogUtils] - Verify element visible By.xpath: //div[@role='dialog']//p[text()='Settlement due date']/following-sibling::p
[INFO] 01-08-2023 18:09:19 [LogUtils] - Verify element visible By.xpath: //div[@role='dialog']//p[text()='Settlement due date']/following-sibling::p
[INFO] 01-08-2023 18:09:19 [LogUtils] - Verify element visible By.xpath: //div[@role='dialog']//p[text()='Settlement due date']/following-sibling::p
[INFO] 01-08-2023 18:09:19 [LogUtils] - Verify element visible By.xpath: //div[@role='dialog']//p[text()='Settlement due date']/following-sibling::p
[INFO] 01-08-2023 18:09:19 [LogUtils] - Verify element visible By.xpath: //div[@role='dialog']//p[text()='Settlement due date']/following-sibling::p
[INFO] 01-08-2023 18:09:19 [LogUtils] - Verify element visible By.xpath: //div[@role='dialog']//p[text()='Transaction reference']/following-sibling::p
[INFO] 01-08-2023 18:09:20 [LogUtils] - Verify element visible By.xpath: //div[@role='dialog']//p[text()='Transaction reference']/following-sibling::p
[INFO] 01-08-2023 18:09:20 [LogUtils] - Verify TRUE: true
[INFO] 01-08-2023 18:09:20 [LogUtils] - Verify element visible By.xpath: //div[@role='dialog']//p[text()='Transaction reference']/following-sibling::p
[INFO] 01-08-2023 18:09:20 [LogUtils] - Verify element visible By.xpath: //div[@role='dialog']//p[text()='Transaction reference']/following-sibling::p
  Then I verify details on Exchange Success modal popup                                 # anhtester.com.hubpay.corp.stepdefinitions.ExchangePageStepDefinition.I_verify_details_exchange_success_modal()
From File after Merging Maps:
{COMMON={toCurrencyName=Australian Dollar, toCurrencyCode=AUD, fromCurrencyName=UAE Dirham, fromCurrencyCode=AED, toCurrencyWalletBalance=AUD 0.00, feePerPayment=21 AUD, processingTime=Instant, fromCurrencyWalletBalance=AED 33,240.45, noOfPayments=0, totalReceiveAmount=AUD 500.00, totalAmount=, totalFees=AUD 0.00, totalPayable=AUD 500.00, balanceDue=AUD 0.00, expectedPaymentDate=31st July 2023, liveRate=1 AUD = 2.46613 AED, settlementDate=2nd August 2023, formatted_settlementDate=2nd Augu 2023}, EXCHANGE={toAmount=30.00, fromAmount=73.98, type=Foreign Exchange, createdAt=Tuesday 1 August 2023, transactionReference=AF-3GOS-EI9Z, orderedAt=01/08/2023, orderSettledAt=-, rejectedAt=-, completedAt=-, totalFundsDue=73.98}}
{COMMON={toCurrencyName=Australian Dollar, toCurrencyCode=AUD, fromCurrencyName=UAE Dirham, fromCurrencyCode=AED, toCurrencyWalletBalance=AUD 0.00, feePerPayment=21 AUD, processingTime=Instant, fromCurrencyWalletBalance=AED 33,240.45, noOfPayments=0, totalReceiveAmount=AUD 500.00, totalAmount=, totalFees=AUD 0.00, totalPayable=AUD 500.00, balanceDue=AUD 0.00, expectedPaymentDate=31st July 2023, liveRate=1 AUD = 2.46613 AED, settlementDate=2nd August 2023, formatted_settlementDate=2nd Augu 2023}, EXCHANGE={toAmount=30.00, fromAmount=73.98, type=Foreign Exchange, createdAt=Tuesday 1 August 2023, transactionReference=AF-3GOS-EI9Z, orderedAt=01/08/2023, orderSettledAt=-, rejectedAt=-, completedAt=-, totalFundsDue=73.98}}
[INFO] 01-08-2023 18:09:20 [LogUtils] - Verify element visible By.xpath: //div[@role='dialog']//button[text()='Done']
[INFO] 01-08-2023 18:09:21 [LogUtils] - Clicked on the element By.xpath: //div[@role='dialog']//button[text()='Done']
  When I click "Done" button on Exchange Success modal popup                            # anhtester.com.hubpay.corp.stepdefinitions.ExchangePageStepDefinition.I_click_button_exchange_success_modal(java.lang.String)
[INFO] 01-08-2023 18:09:21 [LogUtils] - Verify element visible By.xpath: //h1[text()='Dashboard']
[INFO] 01-08-2023 18:09:21 [LogUtils] - Verify element visible By.xpath: //h1[text()='Dashboard']
  Then I verify Dashboard page is displayed                                             # anhtester.com.hubpay.corp.stepdefinitions.DashboardPageStepDefinition.I_verify_dashboard_page_is_displayed()
[INFO] 01-08-2023 18:09:21 [LogUtils] - Verify element visible By.xpath: //button[text()='Transactions']
[INFO] 01-08-2023 18:09:21 [LogUtils] - Clicked on the element By.xpath: //button[text()='Transactions']
  Then I navigate to Transactions tab page                                              # anhtester.com.hubpay.corp.stepdefinitions.DashboardPageStepDefinition.I_navigate_to_transactions_page()
{COMMON={toCurrencyName=Australian Dollar, toCurrencyCode=AUD, fromCurrencyName=UAE Dirham, fromCurrencyCode=AED, toCurrencyWalletBalance=AUD 0.00, feePerPayment=21 AUD, processingTime=Instant, fromCurrencyWalletBalance=AED 33,240.45, noOfPayments=0, totalReceiveAmount=AUD 500.00, totalAmount=, totalFees=AUD 0.00, totalPayable=AUD 500.00, balanceDue=AUD 0.00, expectedPaymentDate=31st July 2023, liveRate=1 AUD = 2.46613 AED, settlementDate=2nd August 2023, formatted_settlementDate=2nd Augu 2023}, EXCHANGE={toAmount=30.00, fromAmount=73.98, type=Foreign Exchange, createdAt=Tuesday 1 August 2023, transactionReference=AF-3GOS-EI9Z, orderedAt=01/08/2023, orderSettledAt=-, rejectedAt=-, completedAt=-, totalFundsDue=73.98}}
Before openTransactionDetailsPage:{COMMON={toCurrencyName=Australian Dollar, toCurrencyCode=AUD, fromCurrencyName=UAE Dirham, fromCurrencyCode=AED, toCurrencyWalletBalance=AUD 0.00, feePerPayment=21 AUD, processingTime=Instant, fromCurrencyWalletBalance=AED 33,240.45, noOfPayments=0, totalReceiveAmount=AUD 500.00, totalAmount=, totalFees=AUD 0.00, totalPayable=AUD 500.00, balanceDue=AUD 0.00, expectedPaymentDate=31st July 2023, liveRate=1 AUD = 2.46613 AED, settlementDate=2nd August 2023, formatted_settlementDate=2nd Augu 2023}, EXCHANGE={toAmount=30.00, fromAmount=73.98, type=Foreign Exchange, createdAt=Tuesday 1 August 2023, transactionReference=AF-3GOS-EI9Z, orderedAt=01/08/2023, orderSettledAt=-, rejectedAt=-, completedAt=-, totalFundsDue=73.98}}
[INFO] 01-08-2023 18:09:22 [LogUtils] - Verify element visible By.xpath: //td[.='AF-3GOS-EI9Z']/parent::tr
[INFO] 01-08-2023 18:09:22 [LogUtils] - Verify TRUE: true
6
[INFO] 01-08-2023 18:09:22 [LogUtils] - Verify TRUE: true
[INFO] 01-08-2023 18:09:22 [LogUtils] - Verify TRUE: true
[INFO] 01-08-2023 18:09:22 [LogUtils] - Verify TRUE: true
[INFO] 01-08-2023 18:09:22 [LogUtils] - Verify TRUE: true
[INFO] 01-08-2023 18:09:22 [LogUtils] - Verify element visible By.xpath: //td[.='AF-3GOS-EI9Z']/parent::tr
[INFO] 01-08-2023 18:09:22 [LogUtils] - Clicked on the element By.xpath: //td[.='AF-3GOS-EI9Z']/parent::tr
[INFO] 01-08-2023 18:09:23 [LogUtils] - Verify element visible By.xpath: //h2[contains(@id,'radix-')]/h1
  Then I verify transaction status "Ordered" in table and open transaction details view # anhtester.com.hubpay.corp.stepdefinitions.DashboardPageStepDefinition.I_verify_transactions_status_open_details_view(java.lang.String)
[INFO] 01-08-2023 18:09:23 [LogUtils] - Verify element visible By.xpath: //h2[contains(@id,'radix-')]/div
[INFO] 01-08-2023 18:09:23 [LogUtils] - Verify element visible By.xpath: //h2[contains(@id,'radix-')]/div
[INFO] 01-08-2023 18:09:23 [LogUtils] - Verify element visible By.xpath: //h2[contains(@id,'radix-')]/div
[INFO] 01-08-2023 18:09:23 [LogUtils] - Verify TRUE: true
  Then I verify exchange transaction status is "Ordered" on transaction details view    # anhtester.com.hubpay.corp.stepdefinitions.DashboardPageStepDefinition.I_verify_transactions_status_on_details_view(java.lang.String)
[INFO] 01-08-2023 18:09:23 [LogUtils] - Verify element visible By.xpath: //h1[text()='Exchange receipt']/parent::h2/following-sibling::p
[INFO] 01-08-2023 18:09:23 [LogUtils] - Verify element visible By.xpath: //h1[text()='Exchange receipt']/parent::h2/following-sibling::p
[INFO] 01-08-2023 18:09:23 [LogUtils] - Verify element visible By.xpath: //h1[text()='Exchange receipt']/parent::h2/following-sibling::p
[INFO] 01-08-2023 18:09:23 [LogUtils] - Verify text of an element [Contains]: true
[INFO] 01-08-2023 18:09:23 [LogUtils] - Verify element visible By.xpath: //h1[text()='Exchange receipt']/parent::h2/following-sibling::p
[INFO] 01-08-2023 18:09:23 [LogUtils] - Verify element visible By.xpath: //h1[text()='Exchange receipt']/parent::h2/following-sibling::p
[INFO] 01-08-2023 18:09:23 [LogUtils] - Verify element visible By.xpath: //span[text()='Settlement due date']/following-sibling::div
[INFO] 01-08-2023 18:09:23 [LogUtils] - Verify element visible By.xpath: //span[text()='Settlement due date']/following-sibling::div
[INFO] 01-08-2023 18:09:23 [LogUtils] - Verify TRUE: false
  Then I verify details of exchange transaction on transaction details view             # anhtester.com.hubpay.corp.stepdefinitions.DashboardPageStepDefinition.I_verify_transactions_status_open_details_view()
      java.lang.AssertionError: Actual value:'02/08/2023 & Expected value:'' expected [true] but found [false]
	at org.testng.Assert.fail(Assert.java:111)
	at org.testng.Assert.failNotEquals(Assert.java:1578)
	at org.testng.Assert.assertTrue(Assert.java:57)
	at anhtester.com.keywords.WebUI.verifyTrue(WebUI.java:1053)
	at anhtester.com.hubpay.corp.pages.DashboardPage.verifyFieldValue(DashboardPage.java:144)
	at anhtester.com.hubpay.corp.pages.DashboardPage.verifyOnlyExchangeTransactionDetails(DashboardPage.java:162)
	at anhtester.com.hubpay.corp.stepdefinitions.DashboardPageStepDefinition.I_verify_transactions_status_open_details_view(DashboardPageStepDefinition.java:162)
	at ✽.I verify details of exchange transaction on transaction details view(file:///Users/kanthreddy/wip/Hubpay_QAAutomation/src/test/resources/features/ExchangeFlow_AUD.feature:34)


    Embedding Screenshot Failed [image/png 404242 bytes]

  When I close the transaction details view                                             # anhtester.com.hubpay.corp.stepdefinitions.DashboardPageStepDefinition.I_close_the_exchange_transaction_details_view()
  Then I navigate to Wallets tab page                                                   # anhtester.com.hubpay.corp.stepdefinitions.DashboardPageStepDefinition.I_navigate_to_wallets_tab_page()
  Then I verify available funds for the "AUD" corridor                                  # anhtester.com.hubpay.corp.stepdefinitions.DashboardPageStepDefinition.I_verify_available_funds_for_corridor(java.lang.String)
  Then I verify available funds for the "AED" corridor                                  # anhtester.com.hubpay.corp.stepdefinitions.DashboardPageStepDefinition.I_verify_available_funds_for_corridor(java.lang.String)
  When I'm Sign out from the Corp portal                                                # anhtester.com.common.CommonSteps.I_signout_corp_portal()
[ERROR] 01-08-2023 18:09:25 [LifecycleNotifier] - Could not invoke listener method
org.openqa.selenium.NoSuchSessionException: Session ID is null. Using WebDriver after calling quit()?
Build info: version: '4.10.0', revision: 'c14d967899'
System info: os.name: 'Mac OS X', os.arch: 'aarch64', os.version: '12.6', java.version: '11.0.16'
Driver info: org.openqa.selenium.chrome.ChromeDriver
Command: [null, screenshot {}]
Capabilities {acceptInsecureCerts: false, browserName: chrome, browserVersion: 115.0.5790.114, chrome: {chromedriverVersion: 114.0.5735.90 (386bc09e8f4f..., userDataDir: /var/folders/bz/l4ntdftn1jd...}, goog:chromeOptions: {debuggerAddress: localhost:61274}, networkConnectionEnabled: false, pageLoadStrategy: normal, platformName: mac, proxy: Proxy(), se:cdp: ws://localhost:61274/devtoo..., se:cdpVersion: 115.0.5790.114, setWindowRect: true, strictFileInteractability: false, timeouts: {implicit: 0, pageLoad: 300000, script: 30000}, unhandledPromptBehavior: dismiss and notify, webauthn:extension:credBlob: true, webauthn:extension:largeBlob: true, webauthn:extension:minPinLength: true, webauthn:extension:prf: true, webauthn:virtualAuthenticators: true}
	at org.openqa.selenium.remote.HttpCommandExecutor.execute(HttpCommandExecutor.java:152) ~[selenium-remote-driver-4.10.0.jar:?]
	at org.openqa.selenium.remote.service.DriverCommandExecutor.invokeExecute(DriverCommandExecutor.java:196) ~[selenium-remote-driver-4.10.0.jar:?]
	at org.openqa.selenium.remote.service.DriverCommandExecutor.execute(DriverCommandExecutor.java:171) ~[selenium-remote-driver-4.10.0.jar:?]
	at org.openqa.selenium.remote.RemoteWebDriver.execute(RemoteWebDriver.java:531) ~[selenium-remote-driver-4.10.0.jar:?]
	at org.openqa.selenium.remote.RemoteWebDriver.execute(RemoteWebDriver.java:590) ~[selenium-remote-driver-4.10.0.jar:?]
	at org.openqa.selenium.remote.RemoteWebDriver.execute(RemoteWebDriver.java:594) ~[selenium-remote-driver-4.10.0.jar:?]
	at org.openqa.selenium.remote.RemoteWebDriver.getScreenshotAs(RemoteWebDriver.java:316) ~[selenium-remote-driver-4.10.0.jar:?]
	at jdk.internal.reflect.NativeMethodAccessorImpl.invoke0(Native Method) ~[?:?]
	at jdk.internal.reflect.NativeMethodAccessorImpl.invoke(NativeMethodAccessorImpl.java:62) ~[?:?]
	at jdk.internal.reflect.DelegatingMethodAccessorImpl.invoke(DelegatingMethodAccessorImpl.java:43) ~[?:?]
	at java.lang.reflect.Method.invoke(Method.java:566) ~[?:?]
	at org.openqa.selenium.support.ThreadGuard$WebDriverInvocationHandler.invokeUnderlying(ThreadGuard.java:99) ~[selenium-support-4.10.0.jar:?]
	at org.openqa.selenium.support.ThreadGuard$WebDriverInvocationHandler.invoke(ThreadGuard.java:91) ~[selenium-support-4.10.0.jar:?]
	at com.sun.proxy.$Proxy45.getScreenshotAs(Unknown Source) ~[?:?]
	at anhtester.com.listeners.AllureListener.beforeTestStop(AllureListener.java:43) ~[test-classes/:?]
	at io.qameta.allure.listener.LifecycleNotifier.lambda$runSafely$0(LifecycleNotifier.java:211) ~[allure-java-commons-2.22.1.jar:2.22.1]
	at java.util.ArrayList.forEach(ArrayList.java:1541) ~[?:?]
	at io.qameta.allure.listener.LifecycleNotifier.runSafely(LifecycleNotifier.java:209) ~[allure-java-commons-2.22.1.jar:2.22.1]
	at io.qameta.allure.listener.LifecycleNotifier.beforeTestStop(LifecycleNotifier.java:88) ~[allure-java-commons-2.22.1.jar:2.22.1]
	at io.qameta.allure.AllureLifecycle.stopTestCase(AllureLifecycle.java:420) ~[allure-java-commons-2.22.1.jar:2.22.1]
	at io.qameta.allure.cucumber7jvm.AllureCucumber7Jvm.handleTestCaseFinished(AllureCucumber7Jvm.java:197) ~[allure-cucumber7-jvm-2.22.1.jar:2.22.1]
	at io.cucumber.core.eventbus.AbstractEventPublisher.send(AbstractEventPublisher.java:51) ~[cucumber-core-7.12.1.jar:7.12.1]
	at io.cucumber.core.eventbus.AbstractEventBus.send(AbstractEventBus.java:12) ~[cucumber-core-7.12.1.jar:7.12.1]
	at io.cucumber.core.runtime.SynchronizedEventBus.send(SynchronizedEventBus.java:47) ~[cucumber-core-7.12.1.jar:7.12.1]
	at io.cucumber.core.runtime.ThreadLocalRunnerSupplier$LocalEventBus.send(ThreadLocalRunnerSupplier.java:62) ~[cucumber-core-7.12.1.jar:7.12.1]
	at io.cucumber.core.runner.TestCase.emitTestCaseFinished(TestCase.java:219) ~[cucumber-core-7.12.1.jar:7.12.1]
	at io.cucumber.core.runner.TestCase.run(TestCase.java:98) ~[cucumber-core-7.12.1.jar:7.12.1]
	at io.cucumber.core.runner.Runner.runPickle(Runner.java:75) ~[cucumber-core-7.12.1.jar:7.12.1]
	at io.cucumber.testng.TestNGCucumberRunner.lambda$runScenario$1(TestNGCucumberRunner.java:132) ~[cucumber-testng-7.12.1.jar:7.12.1]
	at io.cucumber.core.runtime.CucumberExecutionContext.lambda$runTestCase$5(CucumberExecutionContext.java:137) ~[cucumber-core-7.12.1.jar:7.12.1]
	at io.cucumber.core.runtime.RethrowingThrowableCollector.executeAndThrow(RethrowingThrowableCollector.java:23) [cucumber-core-7.12.1.jar:7.12.1]
	at io.cucumber.core.runtime.CucumberExecutionContext.runTestCase(CucumberExecutionContext.java:137) [cucumber-core-7.12.1.jar:7.12.1]
	at io.cucumber.testng.TestNGCucumberRunner.runScenario(TestNGCucumberRunner.java:129) [cucumber-testng-7.12.1.jar:7.12.1]
	at io.cucumber.testng.AbstractTestNGCucumberTests.runScenario(AbstractTestNGCucumberTests.java:35) [cucumber-testng-7.12.1.jar:7.12.1]
	at jdk.internal.reflect.NativeMethodAccessorImpl.invoke0(Native Method) ~[?:?]
	at jdk.internal.reflect.NativeMethodAccessorImpl.invoke(NativeMethodAccessorImpl.java:62) ~[?:?]
	at jdk.internal.reflect.DelegatingMethodAccessorImpl.invoke(DelegatingMethodAccessorImpl.java:43) ~[?:?]
	at java.lang.reflect.Method.invoke(Method.java:566) ~[?:?]
	at org.testng.internal.invokers.MethodInvocationHelper.invokeMethod(MethodInvocationHelper.java:139) [testng-7.8.0.jar:7.8.0]
	at org.testng.internal.invokers.TestInvoker.invokeMethod(TestInvoker.java:664) [testng-7.8.0.jar:7.8.0]
	at org.testng.internal.invokers.TestInvoker.invokeTestMethod(TestInvoker.java:227) [testng-7.8.0.jar:7.8.0]
	at org.testng.internal.invokers.TestMethodWithDataProviderMethodWorker.call(TestMethodWithDataProviderMethodWorker.java:80) [testng-7.8.0.jar:7.8.0]
	at org.testng.internal.invokers.TestMethodWithDataProviderMethodWorker.call(TestMethodWithDataProviderMethodWorker.java:17) [testng-7.8.0.jar:7.8.0]
	at java.util.concurrent.FutureTask.run(FutureTask.java:264) [?:?]
	at java.util.concurrent.Executors$RunnableAdapter.call(Executors.java:515) [?:?]
	at java.util.concurrent.FutureTask.run(FutureTask.java:264) [?:?]
	at java.util.concurrent.ThreadPoolExecutor.runWorker(ThreadPoolExecutor.java:1128) [?:?]
	at java.util.concurrent.ThreadPoolExecutor$Worker.run(ThreadPoolExecutor.java:628) [?:?]
	at java.lang.Thread.run(Thread.java:834) [?:?]
[ERROR] 01-08-2023 18:09:25 [LifecycleNotifier] - Could not invoke listener method
org.openqa.selenium.NoSuchSessionException: Session ID is null. Using WebDriver after calling quit()?
Build info: version: '4.10.0', revision: 'c14d967899'
System info: os.name: 'Mac OS X', os.arch: 'aarch64', os.version: '12.6', java.version: '11.0.16'
Driver info: org.openqa.selenium.chrome.ChromeDriver
Command: [null, screenshot {}]
Capabilities {acceptInsecureCerts: false, browserName: chrome, browserVersion: 115.0.5790.114, chrome: {chromedriverVersion: 114.0.5735.90 (386bc09e8f4f..., userDataDir: /var/folders/bz/l4ntdftn1jd...}, goog:chromeOptions: {debuggerAddress: localhost:61274}, networkConnectionEnabled: false, pageLoadStrategy: normal, platformName: mac, proxy: Proxy(), se:cdp: ws://localhost:61274/devtoo..., se:cdpVersion: 115.0.5790.114, setWindowRect: true, strictFileInteractability: false, timeouts: {implicit: 0, pageLoad: 300000, script: 30000}, unhandledPromptBehavior: dismiss and notify, webauthn:extension:credBlob: true, webauthn:extension:largeBlob: true, webauthn:extension:minPinLength: true, webauthn:extension:prf: true, webauthn:virtualAuthenticators: true}
	at org.openqa.selenium.remote.HttpCommandExecutor.execute(HttpCommandExecutor.java:152) ~[selenium-remote-driver-4.10.0.jar:?]
	at org.openqa.selenium.remote.service.DriverCommandExecutor.invokeExecute(DriverCommandExecutor.java:196) ~[selenium-remote-driver-4.10.0.jar:?]
	at org.openqa.selenium.remote.service.DriverCommandExecutor.execute(DriverCommandExecutor.java:171) ~[selenium-remote-driver-4.10.0.jar:?]
	at org.openqa.selenium.remote.RemoteWebDriver.execute(RemoteWebDriver.java:531) ~[selenium-remote-driver-4.10.0.jar:?]
	at org.openqa.selenium.remote.RemoteWebDriver.execute(RemoteWebDriver.java:590) ~[selenium-remote-driver-4.10.0.jar:?]
	at org.openqa.selenium.remote.RemoteWebDriver.execute(RemoteWebDriver.java:594) ~[selenium-remote-driver-4.10.0.jar:?]
	at org.openqa.selenium.remote.RemoteWebDriver.getScreenshotAs(RemoteWebDriver.java:316) ~[selenium-remote-driver-4.10.0.jar:?]
	at jdk.internal.reflect.NativeMethodAccessorImpl.invoke0(Native Method) ~[?:?]
	at jdk.internal.reflect.NativeMethodAccessorImpl.invoke(NativeMethodAccessorImpl.java:62) ~[?:?]
	at jdk.internal.reflect.DelegatingMethodAccessorImpl.invoke(DelegatingMethodAccessorImpl.java:43) ~[?:?]
	at java.lang.reflect.Method.invoke(Method.java:566) ~[?:?]
	at org.openqa.selenium.support.ThreadGuard$WebDriverInvocationHandler.invokeUnderlying(ThreadGuard.java:99) ~[selenium-support-4.10.0.jar:?]
	at org.openqa.selenium.support.ThreadGuard$WebDriverInvocationHandler.invoke(ThreadGuard.java:91) ~[selenium-support-4.10.0.jar:?]
	at com.sun.proxy.$Proxy45.getScreenshotAs(Unknown Source) ~[?:?]
	at anhtester.com.listeners.AllureListener.beforeTestStop(AllureListener.java:43) ~[test-classes/:?]
	at io.qameta.allure.listener.LifecycleNotifier.lambda$runSafely$0(LifecycleNotifier.java:211) ~[allure-java-commons-2.22.1.jar:2.22.1]
	at java.util.ArrayList.forEach(ArrayList.java:1541) [?:?]
	at io.qameta.allure.listener.LifecycleNotifier.runSafely(LifecycleNotifier.java:209) [allure-java-commons-2.22.1.jar:2.22.1]
	at io.qameta.allure.listener.LifecycleNotifier.beforeTestStop(LifecycleNotifier.java:88) [allure-java-commons-2.22.1.jar:2.22.1]
	at io.qameta.allure.AllureLifecycle.stopTestCase(AllureLifecycle.java:420) [allure-java-commons-2.22.1.jar:2.22.1]
	at io.qameta.allure.testng.AllureTestNg.stopTestCase(AllureTestNg.java:376) [allure-testng-2.22.1.jar:2.22.1]
	at io.qameta.allure.testng.AllureTestNg.onTestFailure(AllureTestNg.java:370) [allure-testng-2.22.1.jar:2.22.1]
	at org.testng.internal.TestListenerHelper.runTestListeners(TestListenerHelper.java:108) [testng-7.8.0.jar:7.8.0]
	at org.testng.internal.invokers.TestInvoker.runTestResultListener(TestInvoker.java:262) [testng-7.8.0.jar:7.8.0]
	at org.testng.internal.invokers.TestInvoker.invokeMethod(TestInvoker.java:751) [testng-7.8.0.jar:7.8.0]
	at org.testng.internal.invokers.TestInvoker.invokeTestMethod(TestInvoker.java:227) [testng-7.8.0.jar:7.8.0]
	at org.testng.internal.invokers.TestMethodWithDataProviderMethodWorker.call(TestMethodWithDataProviderMethodWorker.java:80) [testng-7.8.0.jar:7.8.0]
	at org.testng.internal.invokers.TestMethodWithDataProviderMethodWorker.call(TestMethodWithDataProviderMethodWorker.java:17) [testng-7.8.0.jar:7.8.0]
	at java.util.concurrent.FutureTask.run(FutureTask.java:264) [?:?]
	at java.util.concurrent.Executors$RunnableAdapter.call(Executors.java:515) [?:?]
	at java.util.concurrent.FutureTask.run(FutureTask.java:264) [?:?]
	at java.util.concurrent.ThreadPoolExecutor.runWorker(ThreadPoolExecutor.java:1128) [?:?]
	at java.util.concurrent.ThreadPoolExecutor$Worker.run(ThreadPoolExecutor.java:628) [?:?]
	at java.lang.Thread.run(Thread.java:834) [?:?]
]]></system-out>
    <system-err><![CDATA[Aug 01, 2023 6:08:57 PM org.openqa.selenium.remote.service.DriverService$Builder getLogOutput
INFO: Driver logs no longer sent to console by default; https://www.selenium.dev/documentation/webdriver/drivers/service/#setting-log-output
Aug 01, 2023 6:09:00 PM org.openqa.selenium.devtools.CdpVersionFinder findNearestMatch
WARNING: Unable to find an exact match for CDP version 115, so returning the closest version found: 114
java.text.ParseException: Unparseable date: "2nd Augu 2023"
	at java.base/java.text.DateFormat.parse(DateFormat.java:395)
	at anhtester.com.hubpay.corp.pages.DashboardPage.verifyOnlyExchangeTransactionDetails(DashboardPage.java:154)
	at anhtester.com.hubpay.corp.stepdefinitions.DashboardPageStepDefinition.I_verify_transactions_status_open_details_view(DashboardPageStepDefinition.java:162)
	at java.base/jdk.internal.reflect.NativeMethodAccessorImpl.invoke0(Native Method)
	at java.base/jdk.internal.reflect.NativeMethodAccessorImpl.invoke(NativeMethodAccessorImpl.java:62)
	at java.base/jdk.internal.reflect.DelegatingMethodAccessorImpl.invoke(DelegatingMethodAccessorImpl.java:43)
	at java.base/java.lang.reflect.Method.invoke(Method.java:566)
	at io.cucumber.java.Invoker.doInvoke(Invoker.java:66)
	at io.cucumber.java.Invoker.invoke(Invoker.java:24)
	at io.cucumber.java.AbstractGlueDefinition.invokeMethod(AbstractGlueDefinition.java:47)
	at io.cucumber.java.JavaStepDefinition.execute(JavaStepDefinition.java:29)
	at io.cucumber.core.runner.CoreStepDefinition.execute(CoreStepDefinition.java:66)
	at io.cucumber.core.runner.PickleStepDefinitionMatch.runStep(PickleStepDefinitionMatch.java:63)
	at io.cucumber.core.runner.ExecutionMode$1.execute(ExecutionMode.java:10)
	at io.cucumber.core.runner.TestStep.executeStep(TestStep.java:84)
	at io.cucumber.core.runner.TestStep.run(TestStep.java:56)
	at io.cucumber.core.runner.PickleStepTestStep.run(PickleStepTestStep.java:51)
	at io.cucumber.core.runner.TestCase.run(TestCase.java:84)
	at io.cucumber.core.runner.Runner.runPickle(Runner.java:75)
	at io.cucumber.testng.TestNGCucumberRunner.lambda$runScenario$1(TestNGCucumberRunner.java:132)
	at io.cucumber.core.runtime.CucumberExecutionContext.lambda$runTestCase$5(CucumberExecutionContext.java:137)
	at io.cucumber.core.runtime.RethrowingThrowableCollector.executeAndThrow(RethrowingThrowableCollector.java:23)
	at io.cucumber.core.runtime.CucumberExecutionContext.runTestCase(CucumberExecutionContext.java:137)
	at io.cucumber.testng.TestNGCucumberRunner.runScenario(TestNGCucumberRunner.java:129)
	at io.cucumber.testng.AbstractTestNGCucumberTests.runScenario(AbstractTestNGCucumberTests.java:35)
	at java.base/jdk.internal.reflect.NativeMethodAccessorImpl.invoke0(Native Method)
	at java.base/jdk.internal.reflect.NativeMethodAccessorImpl.invoke(NativeMethodAccessorImpl.java:62)
	at java.base/jdk.internal.reflect.DelegatingMethodAccessorImpl.invoke(DelegatingMethodAccessorImpl.java:43)
	at java.base/java.lang.reflect.Method.invoke(Method.java:566)
	at org.testng.internal.invokers.MethodInvocationHelper.invokeMethod(MethodInvocationHelper.java:139)
	at org.testng.internal.invokers.TestInvoker.invokeMethod(TestInvoker.java:664)
	at org.testng.internal.invokers.TestInvoker.invokeTestMethod(TestInvoker.java:227)
	at org.testng.internal.invokers.TestMethodWithDataProviderMethodWorker.call(TestMethodWithDataProviderMethodWorker.java:80)
	at org.testng.internal.invokers.TestMethodWithDataProviderMethodWorker.call(TestMethodWithDataProviderMethodWorker.java:17)
	at java.base/java.util.concurrent.FutureTask.run(FutureTask.java:264)
	at java.base/java.util.concurrent.Executors$RunnableAdapter.call(Executors.java:515)
	at java.base/java.util.concurrent.FutureTask.run(FutureTask.java:264)
	at java.base/java.util.concurrent.ThreadPoolExecutor.runWorker(ThreadPoolExecutor.java:1128)
	at java.base/java.util.concurrent.ThreadPoolExecutor$Worker.run(ThreadPoolExecutor.java:628)
	at java.base/java.lang.Thread.run(Thread.java:834)
]]></system-err>
  </testcase>
</testsuite>