<?xml version="1.0" encoding="UTF-8"?>
<testsuite xmlns:xsi="http://www.w3.org/2001/XMLSchema-instance" xsi:noNamespaceSchemaLocation="https://maven.apache.org/surefire/maven-surefire-plugin/xsd/surefire-test-report-3.0.xsd" version="3.0" name="TestSuite" time="39.515" tests="1" errors="0" skipped="0" failures="1">
  <properties>
    <property name="gopherProxySet" value="false"/>
    <property name="awt.toolkit" value="sun.lwawt.macosx.LWCToolkit"/>
    <property name="java.specification.version" value="11"/>
    <property name="webdriver.chrome.driver" value="/Users/kanthreddy/.cache/selenium/chromedriver/mac-arm64/114.0.5735.90/chromedriver"/>
    <property name="sun.cpu.isalist" value=""/>
    <property name="sun.jnu.encoding" value="UTF-8"/>
    <property name="sun.awt.enableExtraMouseButtons" value="true"/>
    <property name="java.class.path" value="/Users/kanthreddy/wip/Hubpay_QAAutomation/target/test-classes:/Users/kanthreddy/wip/Hubpay_QAAutomation/target/classes:/Users/kanthreddy/.m2/repository/net/datafaker/datafaker/1.9.0/datafaker-1.9.0.jar:/Users/kanthreddy/.m2/repository/org/yaml/snakeyaml/2.0/snakeyaml-2.0.jar:/Users/kanthreddy/.m2/repository/com/github/mifmif/generex/1.0.2/generex-1.0.2.jar:/Users/kanthreddy/.m2/repository/dk/brics/automaton/automaton/1.11-8/automaton-1.11-8.jar:/Users/kanthreddy/.m2/repository/org/apache/pdfbox/pdfbox/2.0.28/pdfbox-2.0.28.jar:/Users/kanthreddy/.m2/repository/org/apache/pdfbox/fontbox/2.0.28/fontbox-2.0.28.jar:/Users/kanthreddy/.m2/repository/commons-logging/commons-logging/1.2/commons-logging-1.2.jar:/Users/kanthreddy/.m2/repository/com/github/pengrad/java-telegram-bot-api/6.7.0/java-telegram-bot-api-6.7.0.jar:/Users/kanthreddy/.m2/repository/com/google/code/gson/gson/2.9.1/gson-2.9.1.jar:/Users/kanthreddy/.m2/repository/com/squareup/okhttp3/okhttp/4.10.0/okhttp-4.10.0.jar:/Users/kanthreddy/.m2/repository/com/squareup/okio/okio-jvm/3.0.0/okio-jvm-3.0.0.jar:/Users/kanthreddy/.m2/repository/org/jetbrains/kotlin/kotlin-stdlib-common/1.5.31/kotlin-stdlib-common-1.5.31.jar:/Users/kanthreddy/.m2/repository/org/jetbrains/kotlin/kotlin-stdlib/1.6.20/kotlin-stdlib-1.6.20.jar:/Users/kanthreddy/.m2/repository/org/jetbrains/annotations/13.0/annotations-13.0.jar:/Users/kanthreddy/.m2/repository/com/squareup/okhttp3/logging-interceptor/4.10.0/logging-interceptor-4.10.0.jar:/Users/kanthreddy/.m2/repository/org/jetbrains/kotlin/kotlin-stdlib-jdk8/1.6.10/kotlin-stdlib-jdk8-1.6.10.jar:/Users/kanthreddy/.m2/repository/org/jetbrains/kotlin/kotlin-stdlib-jdk7/1.6.10/kotlin-stdlib-jdk7-1.6.10.jar:/Users/kanthreddy/.m2/repository/io/cucumber/cucumber-java/7.12.1/cucumber-java-7.12.1.jar:/Users/kanthreddy/.m2/repository/io/cucumber/cucumber-core/7.12.1/cucumber-core-7.12.1.jar:/Users/kanthreddy/.m2/repository/io/cucumber/cucumber-gherkin-messages/7.12.1/cucumber-gherkin-messages-7.12.1.jar:/Users/kanthreddy/.m2/repository/io/cucumber/tag-expressions/5.0.1/tag-expressions-5.0.1.jar:/Users/kanthreddy/.m2/repository/io/cucumber/cucumber-expressions/16.1.2/cucumber-expressions-16.1.2.jar:/Users/kanthreddy/.m2/repository/io/cucumber/datatable/7.12.1/datatable-7.12.1.jar:/Users/kanthreddy/.m2/repository/io/cucumber/docstring/7.12.1/docstring-7.12.1.jar:/Users/kanthreddy/.m2/repository/io/cucumber/html-formatter/20.3.1/html-formatter-20.3.1.jar:/Users/kanthreddy/.m2/repository/io/cucumber/junit-xml-formatter/0.2.0/junit-xml-formatter-0.2.0.jar:/Users/kanthreddy/.m2/repository/io/cucumber/ci-environment/9.2.0/ci-environment-9.2.0.jar:/Users/kanthreddy/.m2/repository/org/apiguardian/apiguardian-api/1.1.2/apiguardian-api-1.1.2.jar:/Users/kanthreddy/.m2/repository/io/cucumber/cucumber-testng/7.12.1/cucumber-testng-7.12.1.jar:/Users/kanthreddy/.m2/repository/io/cucumber/cucumber-picocontainer/7.12.1/cucumber-picocontainer-7.12.1.jar:/Users/kanthreddy/.m2/repository/org/picocontainer/picocontainer/2.15/picocontainer-2.15.jar:/Users/kanthreddy/.m2/repository/io/cucumber/cucumber-gherkin/7.12.1/cucumber-gherkin-7.12.1.jar:/Users/kanthreddy/.m2/repository/io/cucumber/cucumber-plugin/7.12.1/cucumber-plugin-7.12.1.jar:/Users/kanthreddy/.m2/repository/io/cucumber/gherkin/26.2.0/gherkin-26.2.0.jar:/Users/kanthreddy/.m2/repository/io/cucumber/messages/22.0.0/messages-22.0.0.jar:/Users/kanthreddy/.m2/repository/com/aventstack/extentreports/5.0.9/extentreports-5.0.9.jar:/Users/kanthreddy/.m2/repository/io/reactivex/rxjava3/rxjava/3.0.4/rxjava-3.0.4.jar:/Users/kanthreddy/.m2/repository/org/reactivestreams/reactive-streams/1.0.3/reactive-streams-1.0.3.jar:/Users/kanthreddy/.m2/repository/org/freemarker/freemarker/2.3.30/freemarker-2.3.30.jar:/Users/kanthreddy/.m2/repository/tech/grasshopper/pdfextentreporter/1.3.2/pdfextentreporter-1.3.2.jar:/Users/kanthreddy/.m2/repository/org/knowm/xchart/xchart/3.8.0/xchart-3.8.0.jar:/Users/kanthreddy/.m2/repository/de/erichseifert/vectorgraphics2d/VectorGraphics2D/0.13/VectorGraphics2D-0.13.jar:/Users/kanthreddy/.m2/repository/de/rototor/pdfbox/graphics2d/0.30/graphics2d-0.30.jar:/Users/kanthreddy/.m2/repository/com/madgag/animated-gif-lib/1.4/animated-gif-lib-1.4.jar:/Users/kanthreddy/.m2/repository/org/jsoup/jsoup/1.14.3/jsoup-1.14.3.jar:/Users/kanthreddy/.m2/repository/tech/grasshopper/table-layout/1.5.1/table-layout-1.5.1.jar:/Users/kanthreddy/.m2/repository/tech/grasshopper/extentreports-cucumber7-adapter/1.13.0/extentreports-cucumber7-adapter-1.13.0.jar:/Users/kanthreddy/.m2/repository/com/aventstack/klov-reporter/5.0.9/klov-reporter-5.0.9.jar:/Users/kanthreddy/.m2/repository/org/mongodb/mongodb-driver/3.6.4/mongodb-driver-3.6.4.jar:/Users/kanthreddy/.m2/repository/org/mongodb/mongodb-driver-core/3.6.4/mongodb-driver-core-3.6.4.jar:/Users/kanthreddy/.m2/repository/org/mongodb/bson/3.6.4/bson-3.6.4.jar:/Users/kanthreddy/.m2/repository/org/apache/httpcomponents/httpclient/4.5.13/httpclient-4.5.13.jar:/Users/kanthreddy/.m2/repository/org/apache/httpcomponents/httpcore/4.4.13/httpcore-4.4.13.jar:/Users/kanthreddy/.m2/repository/org/apache/httpcomponents/httpmime/4.5.13/httpmime-4.5.13.jar:/Users/kanthreddy/.m2/repository/tech/grasshopper/htmlextentreporter/1.0.1/htmlextentreporter-1.0.1.jar:/Users/kanthreddy/.m2/repository/tech/grasshopper/extent-excel-report/1.3.0/extent-excel-report-1.3.0.jar:/Users/kanthreddy/.m2/repository/tech/grasshopper/extent-pdf-report/2.11.0/extent-pdf-report-2.11.0.jar:/Users/kanthreddy/.m2/repository/tech/grasshopper/cucumber-pdf-report/2.13.0/cucumber-pdf-report-2.13.0.jar:/Users/kanthreddy/.m2/repository/tech/grasshopper/rest-assured-cucumber-pdf-report/1.4.1/rest-assured-cucumber-pdf-report-1.4.1.jar:/Users/kanthreddy/.m2/repository/io/qameta/allure/allure-cucumber7-jvm/2.22.1/allure-cucumber7-jvm-2.22.1.jar:/Users/kanthreddy/.m2/repository/io/qameta/allure/allure-java-commons/2.22.1/allure-java-commons-2.22.1.jar:/Users/kanthreddy/.m2/repository/io/qameta/allure/allure-model/2.22.1/allure-model-2.22.1.jar:/Users/kanthreddy/.m2/repository/org/seleniumhq/selenium/selenium-java/4.10.0/selenium-java-4.10.0.jar:/Users/kanthreddy/.m2/repository/org/seleniumhq/selenium/selenium-api/4.10.0/selenium-api-4.10.0.jar:/Users/kanthreddy/.m2/repository/org/seleniumhq/selenium/selenium-chrome-driver/4.10.0/selenium-chrome-driver-4.10.0.jar:/Users/kanthreddy/.m2/repository/org/seleniumhq/selenium/selenium-chromium-driver/4.10.0/selenium-chromium-driver-4.10.0.jar:/Users/kanthreddy/.m2/repository/org/seleniumhq/selenium/selenium-json/4.10.0/selenium-json-4.10.0.jar:/Users/kanthreddy/.m2/repository/org/seleniumhq/selenium/selenium-manager/4.10.0/selenium-manager-4.10.0.jar:/Users/kanthreddy/.m2/repository/org/seleniumhq/selenium/selenium-devtools-v112/4.10.0/selenium-devtools-v112-4.10.0.jar:/Users/kanthreddy/.m2/repository/org/seleniumhq/selenium/selenium-devtools-v113/4.10.0/selenium-devtools-v113-4.10.0.jar:/Users/kanthreddy/.m2/repository/org/seleniumhq/selenium/selenium-devtools-v114/4.10.0/selenium-devtools-v114-4.10.0.jar:/Users/kanthreddy/.m2/repository/org/seleniumhq/selenium/selenium-devtools-v85/4.10.0/selenium-devtools-v85-4.10.0.jar:/Users/kanthreddy/.m2/repository/org/seleniumhq/selenium/selenium-edge-driver/4.10.0/selenium-edge-driver-4.10.0.jar:/Users/kanthreddy/.m2/repository/org/seleniumhq/selenium/selenium-firefox-driver/4.10.0/selenium-firefox-driver-4.10.0.jar:/Users/kanthreddy/.m2/repository/org/seleniumhq/selenium/selenium-ie-driver/4.10.0/selenium-ie-driver-4.10.0.jar:/Users/kanthreddy/.m2/repository/org/seleniumhq/selenium/selenium-remote-driver/4.10.0/selenium-remote-driver-4.10.0.jar:/Users/kanthreddy/.m2/repository/io/netty/netty-buffer/4.1.92.Final/netty-buffer-4.1.92.Final.jar:/Users/kanthreddy/.m2/repository/io/netty/netty-codec-http/4.1.92.Final/netty-codec-http-4.1.92.Final.jar:/Users/kanthreddy/.m2/repository/io/netty/netty-codec/4.1.92.Final/netty-codec-4.1.92.Final.jar:/Users/kanthreddy/.m2/repository/io/netty/netty-handler/4.1.92.Final/netty-handler-4.1.92.Final.jar:/Users/kanthreddy/.m2/repository/io/netty/netty-common/4.1.92.Final/netty-common-4.1.92.Final.jar:/Users/kanthreddy/.m2/repository/io/netty/netty-transport-classes-epoll/4.1.92.Final/netty-transport-classes-epoll-4.1.92.Final.jar:/Users/kanthreddy/.m2/repository/io/netty/netty-transport-classes-kqueue/4.1.92.Final/netty-transport-classes-kqueue-4.1.92.Final.jar:/Users/kanthreddy/.m2/repository/io/netty/netty-transport-native-epoll/4.1.92.Final/netty-transport-native-epoll-4.1.92.Final.jar:/Users/kanthreddy/.m2/repository/io/netty/netty-transport-native-kqueue/4.1.92.Final/netty-transport-native-kqueue-4.1.92.Final.jar:/Users/kanthreddy/.m2/repository/io/netty/netty-transport-native-unix-common/4.1.92.Final/netty-transport-native-unix-common-4.1.92.Final.jar:/Users/kanthreddy/.m2/repository/io/netty/netty-transport/4.1.92.Final/netty-transport-4.1.92.Final.jar:/Users/kanthreddy/.m2/repository/io/netty/netty-resolver/4.1.92.Final/netty-resolver-4.1.92.Final.jar:/Users/kanthreddy/.m2/repository/io/opentelemetry/opentelemetry-api/1.26.0/opentelemetry-api-1.26.0.jar:/Users/kanthreddy/.m2/repository/io/opentelemetry/opentelemetry-context/1.26.0/opentelemetry-context-1.26.0.jar:/Users/kanthreddy/.m2/repository/io/opentelemetry/opentelemetry-exporter-logging/1.26.0/opentelemetry-exporter-logging-1.26.0.jar:/Users/kanthreddy/.m2/repository/io/opentelemetry/opentelemetry-sdk-metrics/1.26.0/opentelemetry-sdk-metrics-1.26.0.jar:/Users/kanthreddy/.m2/repository/io/opentelemetry/opentelemetry-extension-incubator/1.26.0-alpha/opentelemetry-extension-incubator-1.26.0-alpha.jar:/Users/kanthreddy/.m2/repository/io/opentelemetry/opentelemetry-sdk-logs/1.26.0-alpha/opentelemetry-sdk-logs-1.26.0-alpha.jar:/Users/kanthreddy/.m2/repository/io/opentelemetry/opentelemetry-api-logs/1.26.0-alpha/opentelemetry-api-logs-1.26.0-alpha.jar:/Users/kanthreddy/.m2/repository/io/opentelemetry/opentelemetry-api-events/1.26.0-alpha/opentelemetry-api-events-1.26.0-alpha.jar:/Users/kanthreddy/.m2/repository/io/opentelemetry/opentelemetry-sdk-common/1.26.0/opentelemetry-sdk-common-1.26.0.jar:/Users/kanthreddy/.m2/repository/io/opentelemetry/opentelemetry-sdk-extension-autoconfigure-spi/1.26.0/opentelemetry-sdk-extension-autoconfigure-spi-1.26.0.jar:/Users/kanthreddy/.m2/repository/io/opentelemetry/opentelemetry-sdk-extension-autoconfigure/1.26.0-alpha/opentelemetry-sdk-extension-autoconfigure-1.26.0-alpha.jar:/Users/kanthreddy/.m2/repository/io/opentelemetry/opentelemetry-sdk-trace/1.26.0/opentelemetry-sdk-trace-1.26.0.jar:/Users/kanthreddy/.m2/repository/io/opentelemetry/opentelemetry-sdk/1.26.0/opentelemetry-sdk-1.26.0.jar:/Users/kanthreddy/.m2/repository/io/opentelemetry/opentelemetry-semconv/1.26.0-alpha/opentelemetry-semconv-1.26.0-alpha.jar:/Users/kanthreddy/.m2/repository/net/bytebuddy/byte-buddy/1.14.4/byte-buddy-1.14.4.jar:/Users/kanthreddy/.m2/repository/org/apache/commons/commons-exec/1.3/commons-exec-1.3.jar:/Users/kanthreddy/.m2/repository/org/asynchttpclient/async-http-client/2.12.3/async-http-client-2.12.3.jar:/Users/kanthreddy/.m2/repository/org/asynchttpclient/async-http-client-netty-utils/2.12.3/async-http-client-netty-utils-2.12.3.jar:/Users/kanthreddy/.m2/repository/io/netty/netty-codec-socks/4.1.60.Final/netty-codec-socks-4.1.60.Final.jar:/Users/kanthreddy/.m2/repository/io/netty/netty-handler-proxy/4.1.60.Final/netty-handler-proxy-4.1.60.Final.jar:/Users/kanthreddy/.m2/repository/io/netty/netty-transport-native-epoll/4.1.60.Final/netty-transport-native-epoll-4.1.60.Final-linux-x86_64.jar:/Users/kanthreddy/.m2/repository/io/netty/netty-transport-native-kqueue/4.1.60.Final/netty-transport-native-kqueue-4.1.60.Final-osx-x86_64.jar:/Users/kanthreddy/.m2/repository/com/typesafe/netty/netty-reactive-streams/2.0.4/netty-reactive-streams-2.0.4.jar:/Users/kanthreddy/.m2/repository/com/sun/activation/jakarta.activation/1.2.2/jakarta.activation-1.2.2.jar:/Users/kanthreddy/.m2/repository/org/seleniumhq/selenium/selenium-safari-driver/4.10.0/selenium-safari-driver-4.10.0.jar:/Users/kanthreddy/.m2/repository/org/seleniumhq/selenium/selenium-support/4.10.0/selenium-support-4.10.0.jar:/Users/kanthreddy/.m2/repository/org/seleniumhq/selenium/selenium-http-jdk-client/4.10.0/selenium-http-jdk-client-4.10.0.jar:/Users/kanthreddy/.m2/repository/com/google/auto/service/auto-service-annotations/1.0.1/auto-service-annotations-1.0.1.jar:/Users/kanthreddy/.m2/repository/com/google/auto/service/auto-service/1.0.1/auto-service-1.0.1.jar:/Users/kanthreddy/.m2/repository/com/google/auto/auto-common/1.2/auto-common-1.2.jar:/Users/kanthreddy/.m2/repository/org/seleniumhq/selenium/selenium-http/4.10.0/selenium-http-4.10.0.jar:/Users/kanthreddy/.m2/repository/dev/failsafe/failsafe/3.3.1/failsafe-3.3.1.jar:/Users/kanthreddy/.m2/repository/org/testng/testng/7.8.0/testng-7.8.0.jar:/Users/kanthreddy/.m2/repository/org/slf4j/slf4j-api/1.7.36/slf4j-api-1.7.36.jar:/Users/kanthreddy/.m2/repository/com/beust/jcommander/1.82/jcommander-1.82.jar:/Users/kanthreddy/.m2/repository/org/webjars/jquery/3.6.1/jquery-3.6.1.jar:/Users/kanthreddy/.m2/repository/com/fasterxml/jackson/core/jackson-databind/2.15.2/jackson-databind-2.15.2.jar:/Users/kanthreddy/.m2/repository/com/fasterxml/jackson/core/jackson-annotations/2.15.2/jackson-annotations-2.15.2.jar:/Users/kanthreddy/.m2/repository/com/fasterxml/jackson/core/jackson-core/2.15.2/jackson-core-2.15.2.jar:/Users/kanthreddy/.m2/repository/com/sun/mail/javax.mail/1.6.2/javax.mail-1.6.2.jar:/Users/kanthreddy/.m2/repository/javax/activation/activation/1.1/activation-1.1.jar:/Users/kanthreddy/.m2/repository/org/zeroturnaround/zt-zip/1.15/zt-zip-1.15.jar:/Users/kanthreddy/.m2/repository/org/apache/logging/log4j/log4j-api/2.20.0/log4j-api-2.20.0.jar:/Users/kanthreddy/.m2/repository/org/apache/logging/log4j/log4j-core/2.20.0/log4j-core-2.20.0.jar:/Users/kanthreddy/.m2/repository/org/apache/logging/log4j/log4j-slf4j-impl/2.20.0/log4j-slf4j-impl-2.20.0.jar:/Users/kanthreddy/.m2/repository/io/qameta/allure/allure-testng/2.22.1/allure-testng-2.22.1.jar:/Users/kanthreddy/.m2/repository/io/qameta/allure/allure-test-filter/2.22.1/allure-test-filter-2.22.1.jar:/Users/kanthreddy/.m2/repository/io/qameta/allure/allure-attachments/2.22.1/allure-attachments-2.22.1.jar:/Users/kanthreddy/.m2/repository/com/github/automatedowl/allure-environment-writer/1.0.0/allure-environment-writer-1.0.0.jar:/Users/kanthreddy/.m2/repository/io/github/bonigarcia/webdrivermanager/5.3.3/webdrivermanager-5.3.3.jar:/Users/kanthreddy/.m2/repository/com/github/docker-java/docker-java/3.3.0/docker-java-3.3.0.jar:/Users/kanthreddy/.m2/repository/com/github/docker-java/docker-java-core/3.3.0/docker-java-core-3.3.0.jar:/Users/kanthreddy/.m2/repository/com/github/docker-java/docker-java-api/3.3.0/docker-java-api-3.3.0.jar:/Users/kanthreddy/.m2/repository/org/bouncycastle/bcpkix-jdk15on/1.64/bcpkix-jdk15on-1.64.jar:/Users/kanthreddy/.m2/repository/org/bouncycastle/bcprov-jdk15on/1.64/bcprov-jdk15on-1.64.jar:/Users/kanthreddy/.m2/repository/org/slf4j/jcl-over-slf4j/1.7.30/jcl-over-slf4j-1.7.30.jar:/Users/kanthreddy/.m2/repository/com/github/docker-java/docker-java-transport-httpclient5/3.3.0/docker-java-transport-httpclient5-3.3.0.jar:/Users/kanthreddy/.m2/repository/com/github/docker-java/docker-java-transport/3.3.0/docker-java-transport-3.3.0.jar:/Users/kanthreddy/.m2/repository/net/java/dev/jna/jna/5.12.1/jna-5.12.1.jar:/Users/kanthreddy/.m2/repository/org/brotli/dec/0.1.2/dec-0.1.2.jar:/Users/kanthreddy/.m2/repository/org/apache/commons/commons-lang3/3.12.0/commons-lang3-3.12.0.jar:/Users/kanthreddy/.m2/repository/org/apache/httpcomponents/client5/httpclient5/5.2.1/httpclient5-5.2.1.jar:/Users/kanthreddy/.m2/repository/org/apache/httpcomponents/core5/httpcore5/5.2/httpcore5-5.2.jar:/Users/kanthreddy/.m2/repository/org/apache/httpcomponents/core5/httpcore5-h2/5.2/httpcore5-h2-5.2.jar:/Users/kanthreddy/.m2/repository/com/google/guava/guava/32.0.0-jre/guava-32.0.0-jre.jar:/Users/kanthreddy/.m2/repository/com/google/guava/failureaccess/1.0.1/failureaccess-1.0.1.jar:/Users/kanthreddy/.m2/repository/com/google/guava/listenablefuture/9999.0-empty-to-avoid-conflict-with-guava/listenablefuture-9999.0-empty-to-avoid-conflict-with-guava.jar:/Users/kanthreddy/.m2/repository/com/google/code/findbugs/jsr305/3.0.2/jsr305-3.0.2.jar:/Users/kanthreddy/.m2/repository/org/checkerframework/checker-qual/3.33.0/checker-qual-3.33.0.jar:/Users/kanthreddy/.m2/repository/com/google/errorprone/error_prone_annotations/2.18.0/error_prone_annotations-2.18.0.jar:/Users/kanthreddy/.m2/repository/com/google/j2objc/j2objc-annotations/2.8/j2objc-annotations-2.8.jar:/Users/kanthreddy/.m2/repository/org/apache/maven/plugins/maven-compiler-plugin/3.11.0/maven-compiler-plugin-3.11.0.jar:/Users/kanthreddy/.m2/repository/org/apache/maven/shared/maven-shared-utils/3.3.4/maven-shared-utils-3.3.4.jar:/Users/kanthreddy/.m2/repository/org/apache/maven/shared/maven-shared-incremental/1.1/maven-shared-incremental-1.1.jar:/Users/kanthreddy/.m2/repository/org/codehaus/plexus/plexus-component-annotations/1.5.5/plexus-component-annotations-1.5.5.jar:/Users/kanthreddy/.m2/repository/org/codehaus/plexus/plexus-java/1.1.2/plexus-java-1.1.2.jar:/Users/kanthreddy/.m2/repository/org/ow2/asm/asm/9.4/asm-9.4.jar:/Users/kanthreddy/.m2/repository/com/thoughtworks/qdox/qdox/2.0.3/qdox-2.0.3.jar:/Users/kanthreddy/.m2/repository/org/codehaus/plexus/plexus-compiler-api/2.13.0/plexus-compiler-api-2.13.0.jar:/Users/kanthreddy/.m2/repository/org/codehaus/plexus/plexus-utils/3.4.2/plexus-utils-3.4.2.jar:/Users/kanthreddy/.m2/repository/org/codehaus/plexus/plexus-compiler-manager/2.13.0/plexus-compiler-manager-2.13.0.jar:/Users/kanthreddy/.m2/repository/org/codehaus/plexus/plexus-compiler-javac/2.13.0/plexus-compiler-javac-2.13.0.jar:/Users/kanthreddy/.m2/repository/org/apache/maven/plugins/maven-surefire-plugin/3.1.2/maven-surefire-plugin-3.1.2.jar:/Users/kanthreddy/.m2/repository/org/apache/maven/surefire/maven-surefire-common/3.1.2/maven-surefire-common-3.1.2.jar:/Users/kanthreddy/.m2/repository/org/apache/maven/surefire/surefire-api/3.1.2/surefire-api-3.1.2.jar:/Users/kanthreddy/.m2/repository/org/apache/maven/surefire/surefire-logger-api/3.1.2/surefire-logger-api-3.1.2.jar:/Users/kanthreddy/.m2/repository/org/apache/maven/surefire/surefire-extensions-api/3.1.2/surefire-extensions-api-3.1.2.jar:/Users/kanthreddy/.m2/repository/org/apache/maven/surefire/surefire-booter/3.1.2/surefire-booter-3.1.2.jar:/Users/kanthreddy/.m2/repository/org/apache/maven/surefire/surefire-extensions-spi/3.1.2/surefire-extensions-spi-3.1.2.jar:/Users/kanthreddy/.m2/repository/org/eclipse/aether/aether-util/1.0.0.v20140518/aether-util-1.0.0.v20140518.jar:/Users/kanthreddy/.m2/repository/org/eclipse/aether/aether-api/1.0.0.v20140518/aether-api-1.0.0.v20140518.jar:/Users/kanthreddy/.m2/repository/org/apache/maven/shared/maven-common-artifact-filters/3.1.1/maven-common-artifact-filters-3.1.1.jar:/Users/kanthreddy/.m2/repository/org/apache/maven/maven-artifact/3.1.0/maven-artifact-3.1.0.jar:/Users/kanthreddy/.m2/repository/org/apache/maven/maven-core/3.1.0/maven-core-3.1.0.jar:/Users/kanthreddy/.m2/repository/org/apache/maven/maven-settings/3.1.0/maven-settings-3.1.0.jar:/Users/kanthreddy/.m2/repository/org/apache/maven/maven-settings-builder/3.1.0/maven-settings-builder-3.1.0.jar:/Users/kanthreddy/.m2/repository/org/apache/maven/maven-repository-metadata/3.1.0/maven-repository-metadata-3.1.0.jar:/Users/kanthreddy/.m2/repository/org/apache/maven/maven-model-builder/3.1.0/maven-model-builder-3.1.0.jar:/Users/kanthreddy/.m2/repository/org/apache/maven/maven-aether-provider/3.1.0/maven-aether-provider-3.1.0.jar:/Users/kanthreddy/.m2/repository/org/eclipse/aether/aether-spi/0.9.0.M2/aether-spi-0.9.0.M2.jar:/Users/kanthreddy/.m2/repository/org/eclipse/aether/aether-impl/0.9.0.M2/aether-impl-0.9.0.M2.jar:/Users/kanthreddy/.m2/repository/org/eclipse/sisu/org.eclipse.sisu.plexus/0.0.0.M2a/org.eclipse.sisu.plexus-0.0.0.M2a.jar:/Users/kanthreddy/.m2/repository/javax/enterprise/cdi-api/1.0/cdi-api-1.0.jar:/Users/kanthreddy/.m2/repository/javax/annotation/jsr250-api/1.0/jsr250-api-1.0.jar:/Users/kanthreddy/.m2/repository/javax/inject/javax.inject/1/javax.inject-1.jar:/Users/kanthreddy/.m2/repository/org/sonatype/sisu/sisu-guice/3.1.0/sisu-guice-3.1.0-no_aop.jar:/Users/kanthreddy/.m2/repository/aopalliance/aopalliance/1.0/aopalliance-1.0.jar:/Users/kanthreddy/.m2/repository/org/eclipse/sisu/org.eclipse.sisu.inject/0.0.0.M2a/org.eclipse.sisu.inject-0.0.0.M2a.jar:/Users/kanthreddy/.m2/repository/asm/asm/3.3.1/asm-3.3.1.jar:/Users/kanthreddy/.m2/repository/org/codehaus/plexus/plexus-interpolation/1.16/plexus-interpolation-1.16.jar:/Users/kanthreddy/.m2/repository/org/codehaus/plexus/plexus-classworlds/2.4.2/plexus-classworlds-2.4.2.jar:/Users/kanthreddy/.m2/repository/org/sonatype/plexus/plexus-sec-dispatcher/1.3/plexus-sec-dispatcher-1.3.jar:/Users/kanthreddy/.m2/repository/org/sonatype/plexus/plexus-cipher/1.4/plexus-cipher-1.4.jar:/Users/kanthreddy/.m2/repository/org/apache/maven/maven-plugin-api/3.1.0/maven-plugin-api-3.1.0.jar:/Users/kanthreddy/.m2/repository/org/apache/maven/surefire/surefire-shared-utils/3.1.2/surefire-shared-utils-3.1.2.jar:/Users/kanthreddy/.m2/repository/org/apache/poi/poi/5.2.3/poi-5.2.3.jar:/Users/kanthreddy/.m2/repository/commons-codec/commons-codec/1.15/commons-codec-1.15.jar:/Users/kanthreddy/.m2/repository/org/apache/commons/commons-collections4/4.4/commons-collections4-4.4.jar:/Users/kanthreddy/.m2/repository/org/apache/commons/commons-math3/3.6.1/commons-math3-3.6.1.jar:/Users/kanthreddy/.m2/repository/com/zaxxer/SparseBitSet/1.2/SparseBitSet-1.2.jar:/Users/kanthreddy/.m2/repository/org/apache/poi/poi-ooxml/5.2.3/poi-ooxml-5.2.3.jar:/Users/kanthreddy/.m2/repository/org/apache/poi/poi-ooxml-lite/5.2.3/poi-ooxml-lite-5.2.3.jar:/Users/kanthreddy/.m2/repository/org/apache/xmlbeans/xmlbeans/5.1.1/xmlbeans-5.1.1.jar:/Users/kanthreddy/.m2/repository/org/apache/commons/commons-compress/1.21/commons-compress-1.21.jar:/Users/kanthreddy/.m2/repository/com/github/virtuald/curvesapi/1.07/curvesapi-1.07.jar:/Users/kanthreddy/.m2/repository/commons-io/commons-io/2.13.0/commons-io-2.13.0.jar:/Users/kanthreddy/.m2/repository/com/github/stephenc/monte/monte-screen-recorder/0.7.7.0/monte-screen-recorder-0.7.7.0.jar:/Users/kanthreddy/.m2/repository/org/aeonbits/owner/owner/1.0.12/owner-1.0.12.jar:/Users/kanthreddy/.m2/repository/org/projectlombok/lombok/1.18.28/lombok-1.18.28.jar:/Users/kanthreddy/.m2/repository/com/mysql/mysql-connector-j/8.0.33/mysql-connector-j-8.0.33.jar:/Users/kanthreddy/.m2/repository/com/google/protobuf/protobuf-java/3.21.9/protobuf-java-3.21.9.jar:/Users/kanthreddy/.m2/repository/com/google/zxing/javase/3.5.1/javase-3.5.1.jar:/Users/kanthreddy/.m2/repository/com/github/jai-imageio/jai-imageio-core/1.4.0/jai-imageio-core-1.4.0.jar:/Users/kanthreddy/.m2/repository/com/google/zxing/core/3.5.1/core-3.5.1.jar:/Users/kanthreddy/.m2/repository/org/aspectj/aspectjweaver/1.9.19/aspectjweaver-1.9.19.jar:"/>
    <property name="java.vm.vendor" value="Oracle Corporation"/>
    <property name="sun.arch.data.model" value="64"/>
    <property name="sun.font.fontmanager" value="sun.font.CFontManager"/>
    <property name="java.vendor.url" value="https://openjdk.java.net/"/>
    <property name="user.timezone" value="Asia/Kolkata"/>
    <property name="java.vm.specification.version" value="11"/>
    <property name="os.name" value="Mac OS X"/>
    <property name="sun.java.launcher" value="SUN_STANDARD"/>
    <property name="user.country" value="IN"/>
    <property name="sun.boot.library.path" value="/Library/Java/JavaVirtualMachines/jdk-11.0.16.jdk/Contents/Home/lib"/>
    <property name="sun.java.command" value="/Users/kanthreddy/wip/Hubpay_QAAutomation/target/surefire/surefirebooter-20230801180849740_3.jar /Users/kanthreddy/wip/Hubpay_QAAutomation/target/surefire 2023-08-01T18-08-49_631-jvmRun1 surefire-20230801180849740_1tmp surefire_0-20230801180849740_2tmp"/>
    <property name="http.nonProxyHosts" value="local|*.local|169.254/16|*.169.254/16"/>
    <property name="jdk.debug" value="release"/>
    <property name="surefire.test.class.path" value="/Users/kanthreddy/wip/Hubpay_QAAutomation/target/test-classes:/Users/kanthreddy/wip/Hubpay_QAAutomation/target/classes:/Users/kanthreddy/.m2/repository/net/datafaker/datafaker/1.9.0/datafaker-1.9.0.jar:/Users/kanthreddy/.m2/repository/org/yaml/snakeyaml/2.0/snakeyaml-2.0.jar:/Users/kanthreddy/.m2/repository/com/github/mifmif/generex/1.0.2/generex-1.0.2.jar:/Users/kanthreddy/.m2/repository/dk/brics/automaton/automaton/1.11-8/automaton-1.11-8.jar:/Users/kanthreddy/.m2/repository/org/apache/pdfbox/pdfbox/2.0.28/pdfbox-2.0.28.jar:/Users/kanthreddy/.m2/repository/org/apache/pdfbox/fontbox/2.0.28/fontbox-2.0.28.jar:/Users/kanthreddy/.m2/repository/commons-logging/commons-logging/1.2/commons-logging-1.2.jar:/Users/kanthreddy/.m2/repository/com/github/pengrad/java-telegram-bot-api/6.7.0/java-telegram-bot-api-6.7.0.jar:/Users/kanthreddy/.m2/repository/com/google/code/gson/gson/2.9.1/gson-2.9.1.jar:/Users/kanthreddy/.m2/repository/com/squareup/okhttp3/okhttp/4.10.0/okhttp-4.10.0.jar:/Users/kanthreddy/.m2/repository/com/squareup/okio/okio-jvm/3.0.0/okio-jvm-3.0.0.jar:/Users/kanthreddy/.m2/repository/org/jetbrains/kotlin/kotlin-stdlib-common/1.5.31/kotlin-stdlib-common-1.5.31.jar:/Users/kanthreddy/.m2/repository/org/jetbrains/kotlin/kotlin-stdlib/1.6.20/kotlin-stdlib-1.6.20.jar:/Users/kanthreddy/.m2/repository/org/jetbrains/annotations/13.0/annotations-13.0.jar:/Users/kanthreddy/.m2/repository/com/squareup/okhttp3/logging-interceptor/4.10.0/logging-interceptor-4.10.0.jar:/Users/kanthreddy/.m2/repository/org/jetbrains/kotlin/kotlin-stdlib-jdk8/1.6.10/kotlin-stdlib-jdk8-1.6.10.jar:/Users/kanthreddy/.m2/repository/org/jetbrains/kotlin/kotlin-stdlib-jdk7/1.6.10/kotlin-stdlib-jdk7-1.6.10.jar:/Users/kanthreddy/.m2/repository/io/cucumber/cucumber-java/7.12.1/cucumber-java-7.12.1.jar:/Users/kanthreddy/.m2/repository/io/cucumber/cucumber-core/7.12.1/cucumber-core-7.12.1.jar:/Users/kanthreddy/.m2/repository/io/cucumber/cucumber-gherkin-messages/7.12.1/cucumber-gherkin-messages-7.12.1.jar:/Users/kanthreddy/.m2/repository/io/cucumber/tag-expressions/5.0.1/tag-expressions-5.0.1.jar:/Users/kanthreddy/.m2/repository/io/cucumber/cucumber-expressions/16.1.2/cucumber-expressions-16.1.2.jar:/Users/kanthreddy/.m2/repository/io/cucumber/datatable/7.12.1/datatable-7.12.1.jar:/Users/kanthreddy/.m2/repository/io/cucumber/docstring/7.12.1/docstring-7.12.1.jar:/Users/kanthreddy/.m2/repository/io/cucumber/html-formatter/20.3.1/html-formatter-20.3.1.jar:/Users/kanthreddy/.m2/repository/io/cucumber/junit-xml-formatter/0.2.0/junit-xml-formatter-0.2.0.jar:/Users/kanthreddy/.m2/repository/io/cucumber/ci-environment/9.2.0/ci-environment-9.2.0.jar:/Users/kanthreddy/.m2/repository/org/apiguardian/apiguardian-api/1.1.2/apiguardian-api-1.1.2.jar:/Users/kanthreddy/.m2/repository/io/cucumber/cucumber-testng/7.12.1/cucumber-testng-7.12.1.jar:/Users/kanthreddy/.m2/repository/io/cucumber/cucumber-picocontainer/7.12.1/cucumber-picocontainer-7.12.1.jar:/Users/kanthreddy/.m2/repository/org/picocontainer/picocontainer/2.15/picocontainer-2.15.jar:/Users/kanthreddy/.m2/repository/io/cucumber/cucumber-gherkin/7.12.1/cucumber-gherkin-7.12.1.jar:/Users/kanthreddy/.m2/repository/io/cucumber/cucumber-plugin/7.12.1/cucumber-plugin-7.12.1.jar:/Users/kanthreddy/.m2/repository/io/cucumber/gherkin/26.2.0/gherkin-26.2.0.jar:/Users/kanthreddy/.m2/repository/io/cucumber/messages/22.0.0/messages-22.0.0.jar:/Users/kanthreddy/.m2/repository/com/aventstack/extentreports/5.0.9/extentreports-5.0.9.jar:/Users/kanthreddy/.m2/repository/io/reactivex/rxjava3/rxjava/3.0.4/rxjava-3.0.4.jar:/Users/kanthreddy/.m2/repository/org/reactivestreams/reactive-streams/1.0.3/reactive-streams-1.0.3.jar:/Users/kanthreddy/.m2/repository/org/freemarker/freemarker/2.3.30/freemarker-2.3.30.jar:/Users/kanthreddy/.m2/repository/tech/grasshopper/pdfextentreporter/1.3.2/pdfextentreporter-1.3.2.jar:/Users/kanthreddy/.m2/repository/org/knowm/xchart/xchart/3.8.0/xchart-3.8.0.jar:/Users/kanthreddy/.m2/repository/de/erichseifert/vectorgraphics2d/VectorGraphics2D/0.13/VectorGraphics2D-0.13.jar:/Users/kanthreddy/.m2/repository/de/rototor/pdfbox/graphics2d/0.30/graphics2d-0.30.jar:/Users/kanthreddy/.m2/repository/com/madgag/animated-gif-lib/1.4/animated-gif-lib-1.4.jar:/Users/kanthreddy/.m2/repository/org/jsoup/jsoup/1.14.3/jsoup-1.14.3.jar:/Users/kanthreddy/.m2/repository/tech/grasshopper/table-layout/1.5.1/table-layout-1.5.1.jar:/Users/kanthreddy/.m2/repository/tech/grasshopper/extentreports-cucumber7-adapter/1.13.0/extentreports-cucumber7-adapter-1.13.0.jar:/Users/kanthreddy/.m2/repository/com/aventstack/klov-reporter/5.0.9/klov-reporter-5.0.9.jar:/Users/kanthreddy/.m2/repository/org/mongodb/mongodb-driver/3.6.4/mongodb-driver-3.6.4.jar:/Users/kanthreddy/.m2/repository/org/mongodb/mongodb-driver-core/3.6.4/mongodb-driver-core-3.6.4.jar:/Users/kanthreddy/.m2/repository/org/mongodb/bson/3.6.4/bson-3.6.4.jar:/Users/kanthreddy/.m2/repository/org/apache/httpcomponents/httpclient/4.5.13/httpclient-4.5.13.jar:/Users/kanthreddy/.m2/repository/org/apache/httpcomponents/httpcore/4.4.13/httpcore-4.4.13.jar:/Users/kanthreddy/.m2/repository/org/apache/httpcomponents/httpmime/4.5.13/httpmime-4.5.13.jar:/Users/kanthreddy/.m2/repository/tech/grasshopper/htmlextentreporter/1.0.1/htmlextentreporter-1.0.1.jar:/Users/kanthreddy/.m2/repository/tech/grasshopper/extent-excel-report/1.3.0/extent-excel-report-1.3.0.jar:/Users/kanthreddy/.m2/repository/tech/grasshopper/extent-pdf-report/2.11.0/extent-pdf-report-2.11.0.jar:/Users/kanthreddy/.m2/repository/tech/grasshopper/cucumber-pdf-report/2.13.0/cucumber-pdf-report-2.13.0.jar:/Users/kanthreddy/.m2/repository/tech/grasshopper/rest-assured-cucumber-pdf-report/1.4.1/rest-assured-cucumber-pdf-report-1.4.1.jar:/Users/kanthreddy/.m2/repository/io/qameta/allure/allure-cucumber7-jvm/2.22.1/allure-cucumber7-jvm-2.22.1.jar:/Users/kanthreddy/.m2/repository/io/qameta/allure/allure-java-commons/2.22.1/allure-java-commons-2.22.1.jar:/Users/kanthreddy/.m2/repository/io/qameta/allure/allure-model/2.22.1/allure-model-2.22.1.jar:/Users/kanthreddy/.m2/repository/org/seleniumhq/selenium/selenium-java/4.10.0/selenium-java-4.10.0.jar:/Users/kanthreddy/.m2/repository/org/seleniumhq/selenium/selenium-api/4.10.0/selenium-api-4.10.0.jar:/Users/kanthreddy/.m2/repository/org/seleniumhq/selenium/selenium-chrome-driver/4.10.0/selenium-chrome-driver-4.10.0.jar:/Users/kanthreddy/.m2/repository/org/seleniumhq/selenium/selenium-chromium-driver/4.10.0/selenium-chromium-driver-4.10.0.jar:/Users/kanthreddy/.m2/repository/org/seleniumhq/selenium/selenium-json/4.10.0/selenium-json-4.10.0.jar:/Users/kanthreddy/.m2/repository/org/seleniumhq/selenium/selenium-manager/4.10.0/selenium-manager-4.10.0.jar:/Users/kanthreddy/.m2/repository/org/seleniumhq/selenium/selenium-devtools-v112/4.10.0/selenium-devtools-v112-4.10.0.jar:/Users/kanthreddy/.m2/repository/org/seleniumhq/selenium/selenium-devtools-v113/4.10.0/selenium-devtools-v113-4.10.0.jar:/Users/kanthreddy/.m2/repository/org/seleniumhq/selenium/selenium-devtools-v114/4.10.0/selenium-devtools-v114-4.10.0.jar:/Users/kanthreddy/.m2/repository/org/seleniumhq/selenium/selenium-devtools-v85/4.10.0/selenium-devtools-v85-4.10.0.jar:/Users/kanthreddy/.m2/repository/org/seleniumhq/selenium/selenium-edge-driver/4.10.0/selenium-edge-driver-4.10.0.jar:/Users/kanthreddy/.m2/repository/org/seleniumhq/selenium/selenium-firefox-driver/4.10.0/selenium-firefox-driver-4.10.0.jar:/Users/kanthreddy/.m2/repository/org/seleniumhq/selenium/selenium-ie-driver/4.10.0/selenium-ie-driver-4.10.0.jar:/Users/kanthreddy/.m2/repository/org/seleniumhq/selenium/selenium-remote-driver/4.10.0/selenium-remote-driver-4.10.0.jar:/Users/kanthreddy/.m2/repository/io/netty/netty-buffer/4.1.92.Final/netty-buffer-4.1.92.Final.jar:/Users/kanthreddy/.m2/repository/io/netty/netty-codec-http/4.1.92.Final/netty-codec-http-4.1.92.Final.jar:/Users/kanthreddy/.m2/repository/io/netty/netty-codec/4.1.92.Final/netty-codec-4.1.92.Final.jar:/Users/kanthreddy/.m2/repository/io/netty/netty-handler/4.1.92.Final/netty-handler-4.1.92.Final.jar:/Users/kanthreddy/.m2/repository/io/netty/netty-common/4.1.92.Final/netty-common-4.1.92.Final.jar:/Users/kanthreddy/.m2/repository/io/netty/netty-transport-classes-epoll/4.1.92.Final/netty-transport-classes-epoll-4.1.92.Final.jar:/Users/kanthreddy/.m2/repository/io/netty/netty-transport-classes-kqueue/4.1.92.Final/netty-transport-classes-kqueue-4.1.92.Final.jar:/Users/kanthreddy/.m2/repository/io/netty/netty-transport-native-epoll/4.1.92.Final/netty-transport-native-epoll-4.1.92.Final.jar:/Users/kanthreddy/.m2/repository/io/netty/netty-transport-native-kqueue/4.1.92.Final/netty-transport-native-kqueue-4.1.92.Final.jar:/Users/kanthreddy/.m2/repository/io/netty/netty-transport-native-unix-common/4.1.92.Final/netty-transport-native-unix-common-4.1.92.Final.jar:/Users/kanthreddy/.m2/repository/io/netty/netty-transport/4.1.92.Final/netty-transport-4.1.92.Final.jar:/Users/kanthreddy/.m2/repository/io/netty/netty-resolver/4.1.92.Final/netty-resolver-4.1.92.Final.jar:/Users/kanthreddy/.m2/repository/io/opentelemetry/opentelemetry-api/1.26.0/opentelemetry-api-1.26.0.jar:/Users/kanthreddy/.m2/repository/io/opentelemetry/opentelemetry-context/1.26.0/opentelemetry-context-1.26.0.jar:/Users/kanthreddy/.m2/repository/io/opentelemetry/opentelemetry-exporter-logging/1.26.0/opentelemetry-exporter-logging-1.26.0.jar:/Users/kanthreddy/.m2/repository/io/opentelemetry/opentelemetry-sdk-metrics/1.26.0/opentelemetry-sdk-metrics-1.26.0.jar:/Users/kanthreddy/.m2/repository/io/opentelemetry/opentelemetry-extension-incubator/1.26.0-alpha/opentelemetry-extension-incubator-1.26.0-alpha.jar:/Users/kanthreddy/.m2/repository/io/opentelemetry/opentelemetry-sdk-logs/1.26.0-alpha/opentelemetry-sdk-logs-1.26.0-alpha.jar:/Users/kanthreddy/.m2/repository/io/opentelemetry/opentelemetry-api-logs/1.26.0-alpha/opentelemetry-api-logs-1.26.0-alpha.jar:/Users/kanthreddy/.m2/repository/io/opentelemetry/opentelemetry-api-events/1.26.0-alpha/opentelemetry-api-events-1.26.0-alpha.jar:/Users/kanthreddy/.m2/repository/io/opentelemetry/opentelemetry-sdk-common/1.26.0/opentelemetry-sdk-common-1.26.0.jar:/Users/kanthreddy/.m2/repository/io/opentelemetry/opentelemetry-sdk-extension-autoconfigure-spi/1.26.0/opentelemetry-sdk-extension-autoconfigure-spi-1.26.0.jar:/Users/kanthreddy/.m2/repository/io/opentelemetry/opentelemetry-sdk-extension-autoconfigure/1.26.0-alpha/opentelemetry-sdk-extension-autoconfigure-1.26.0-alpha.jar:/Users/kanthreddy/.m2/repository/io/opentelemetry/opentelemetry-sdk-trace/1.26.0/opentelemetry-sdk-trace-1.26.0.jar:/Users/kanthreddy/.m2/repository/io/opentelemetry/opentelemetry-sdk/1.26.0/opentelemetry-sdk-1.26.0.jar:/Users/kanthreddy/.m2/repository/io/opentelemetry/opentelemetry-semconv/1.26.0-alpha/opentelemetry-semconv-1.26.0-alpha.jar:/Users/kanthreddy/.m2/repository/net/bytebuddy/byte-buddy/1.14.4/byte-buddy-1.14.4.jar:/Users/kanthreddy/.m2/repository/org/apache/commons/commons-exec/1.3/commons-exec-1.3.jar:/Users/kanthreddy/.m2/repository/org/asynchttpclient/async-http-client/2.12.3/async-http-client-2.12.3.jar:/Users/kanthreddy/.m2/repository/org/asynchttpclient/async-http-client-netty-utils/2.12.3/async-http-client-netty-utils-2.12.3.jar:/Users/kanthreddy/.m2/repository/io/netty/netty-codec-socks/4.1.60.Final/netty-codec-socks-4.1.60.Final.jar:/Users/kanthreddy/.m2/repository/io/netty/netty-handler-proxy/4.1.60.Final/netty-handler-proxy-4.1.60.Final.jar:/Users/kanthreddy/.m2/repository/io/netty/netty-transport-native-epoll/4.1.60.Final/netty-transport-native-epoll-4.1.60.Final-linux-x86_64.jar:/Users/kanthreddy/.m2/repository/io/netty/netty-transport-native-kqueue/4.1.60.Final/netty-transport-native-kqueue-4.1.60.Final-osx-x86_64.jar:/Users/kanthreddy/.m2/repository/com/typesafe/netty/netty-reactive-streams/2.0.4/netty-reactive-streams-2.0.4.jar:/Users/kanthreddy/.m2/repository/com/sun/activation/jakarta.activation/1.2.2/jakarta.activation-1.2.2.jar:/Users/kanthreddy/.m2/repository/org/seleniumhq/selenium/selenium-safari-driver/4.10.0/selenium-safari-driver-4.10.0.jar:/Users/kanthreddy/.m2/repository/org/seleniumhq/selenium/selenium-support/4.10.0/selenium-support-4.10.0.jar:/Users/kanthreddy/.m2/repository/org/seleniumhq/selenium/selenium-http-jdk-client/4.10.0/selenium-http-jdk-client-4.10.0.jar:/Users/kanthreddy/.m2/repository/com/google/auto/service/auto-service-annotations/1.0.1/auto-service-annotations-1.0.1.jar:/Users/kanthreddy/.m2/repository/com/google/auto/service/auto-service/1.0.1/auto-service-1.0.1.jar:/Users/kanthreddy/.m2/repository/com/google/auto/auto-common/1.2/auto-common-1.2.jar:/Users/kanthreddy/.m2/repository/org/seleniumhq/selenium/selenium-http/4.10.0/selenium-http-4.10.0.jar:/Users/kanthreddy/.m2/repository/dev/failsafe/failsafe/3.3.1/failsafe-3.3.1.jar:/Users/kanthreddy/.m2/repository/org/testng/testng/7.8.0/testng-7.8.0.jar:/Users/kanthreddy/.m2/repository/org/slf4j/slf4j-api/1.7.36/slf4j-api-1.7.36.jar:/Users/kanthreddy/.m2/repository/com/beust/jcommander/1.82/jcommander-1.82.jar:/Users/kanthreddy/.m2/repository/org/webjars/jquery/3.6.1/jquery-3.6.1.jar:/Users/kanthreddy/.m2/repository/com/fasterxml/jackson/core/jackson-databind/2.15.2/jackson-databind-2.15.2.jar:/Users/kanthreddy/.m2/repository/com/fasterxml/jackson/core/jackson-annotations/2.15.2/jackson-annotations-2.15.2.jar:/Users/kanthreddy/.m2/repository/com/fasterxml/jackson/core/jackson-core/2.15.2/jackson-core-2.15.2.jar:/Users/kanthreddy/.m2/repository/com/sun/mail/javax.mail/1.6.2/javax.mail-1.6.2.jar:/Users/kanthreddy/.m2/repository/javax/activation/activation/1.1/activation-1.1.jar:/Users/kanthreddy/.m2/repository/org/zeroturnaround/zt-zip/1.15/zt-zip-1.15.jar:/Users/kanthreddy/.m2/repository/org/apache/logging/log4j/log4j-api/2.20.0/log4j-api-2.20.0.jar:/Users/kanthreddy/.m2/repository/org/apache/logging/log4j/log4j-core/2.20.0/log4j-core-2.20.0.jar:/Users/kanthreddy/.m2/repository/org/apache/logging/log4j/log4j-slf4j-impl/2.20.0/log4j-slf4j-impl-2.20.0.jar:/Users/kanthreddy/.m2/repository/io/qameta/allure/allure-testng/2.22.1/allure-testng-2.22.1.jar:/Users/kanthreddy/.m2/repository/io/qameta/allure/allure-test-filter/2.22.1/allure-test-filter-2.22.1.jar:/Users/kanthreddy/.m2/repository/io/qameta/allure/allure-attachments/2.22.1/allure-attachments-2.22.1.jar:/Users/kanthreddy/.m2/repository/com/github/automatedowl/allure-environment-writer/1.0.0/allure-environment-writer-1.0.0.jar:/Users/kanthreddy/.m2/repository/io/github/bonigarcia/webdrivermanager/5.3.3/webdrivermanager-5.3.3.jar:/Users/kanthreddy/.m2/repository/com/github/docker-java/docker-java/3.3.0/docker-java-3.3.0.jar:/Users/kanthreddy/.m2/repository/com/github/docker-java/docker-java-core/3.3.0/docker-java-core-3.3.0.jar:/Users/kanthreddy/.m2/repository/com/github/docker-java/docker-java-api/3.3.0/docker-java-api-3.3.0.jar:/Users/kanthreddy/.m2/repository/org/bouncycastle/bcpkix-jdk15on/1.64/bcpkix-jdk15on-1.64.jar:/Users/kanthreddy/.m2/repository/org/bouncycastle/bcprov-jdk15on/1.64/bcprov-jdk15on-1.64.jar:/Users/kanthreddy/.m2/repository/org/slf4j/jcl-over-slf4j/1.7.30/jcl-over-slf4j-1.7.30.jar:/Users/kanthreddy/.m2/repository/com/github/docker-java/docker-java-transport-httpclient5/3.3.0/docker-java-transport-httpclient5-3.3.0.jar:/Users/kanthreddy/.m2/repository/com/github/docker-java/docker-java-transport/3.3.0/docker-java-transport-3.3.0.jar:/Users/kanthreddy/.m2/repository/net/java/dev/jna/jna/5.12.1/jna-5.12.1.jar:/Users/kanthreddy/.m2/repository/org/brotli/dec/0.1.2/dec-0.1.2.jar:/Users/kanthreddy/.m2/repository/org/apache/commons/commons-lang3/3.12.0/commons-lang3-3.12.0.jar:/Users/kanthreddy/.m2/repository/org/apache/httpcomponents/client5/httpclient5/5.2.1/httpclient5-5.2.1.jar:/Users/kanthreddy/.m2/repository/org/apache/httpcomponents/core5/httpcore5/5.2/httpcore5-5.2.jar:/Users/kanthreddy/.m2/repository/org/apache/httpcomponents/core5/httpcore5-h2/5.2/httpcore5-h2-5.2.jar:/Users/kanthreddy/.m2/repository/com/google/guava/guava/32.0.0-jre/guava-32.0.0-jre.jar:/Users/kanthreddy/.m2/repository/com/google/guava/failureaccess/1.0.1/failureaccess-1.0.1.jar:/Users/kanthreddy/.m2/repository/com/google/guava/listenablefuture/9999.0-empty-to-avoid-conflict-with-guava/listenablefuture-9999.0-empty-to-avoid-conflict-with-guava.jar:/Users/kanthreddy/.m2/repository/com/google/code/findbugs/jsr305/3.0.2/jsr305-3.0.2.jar:/Users/kanthreddy/.m2/repository/org/checkerframework/checker-qual/3.33.0/checker-qual-3.33.0.jar:/Users/kanthreddy/.m2/repository/com/google/errorprone/error_prone_annotations/2.18.0/error_prone_annotations-2.18.0.jar:/Users/kanthreddy/.m2/repository/com/google/j2objc/j2objc-annotations/2.8/j2objc-annotations-2.8.jar:/Users/kanthreddy/.m2/repository/org/apache/maven/plugins/maven-compiler-plugin/3.11.0/maven-compiler-plugin-3.11.0.jar:/Users/kanthreddy/.m2/repository/org/apache/maven/shared/maven-shared-utils/3.3.4/maven-shared-utils-3.3.4.jar:/Users/kanthreddy/.m2/repository/org/apache/maven/shared/maven-shared-incremental/1.1/maven-shared-incremental-1.1.jar:/Users/kanthreddy/.m2/repository/org/codehaus/plexus/plexus-component-annotations/1.5.5/plexus-component-annotations-1.5.5.jar:/Users/kanthreddy/.m2/repository/org/codehaus/plexus/plexus-java/1.1.2/plexus-java-1.1.2.jar:/Users/kanthreddy/.m2/repository/org/ow2/asm/asm/9.4/asm-9.4.jar:/Users/kanthreddy/.m2/repository/com/thoughtworks/qdox/qdox/2.0.3/qdox-2.0.3.jar:/Users/kanthreddy/.m2/repository/org/codehaus/plexus/plexus-compiler-api/2.13.0/plexus-compiler-api-2.13.0.jar:/Users/kanthreddy/.m2/repository/org/codehaus/plexus/plexus-utils/3.4.2/plexus-utils-3.4.2.jar:/Users/kanthreddy/.m2/repository/org/codehaus/plexus/plexus-compiler-manager/2.13.0/plexus-compiler-manager-2.13.0.jar:/Users/kanthreddy/.m2/repository/org/codehaus/plexus/plexus-compiler-javac/2.13.0/plexus-compiler-javac-2.13.0.jar:/Users/kanthreddy/.m2/repository/org/apache/maven/plugins/maven-surefire-plugin/3.1.2/maven-surefire-plugin-3.1.2.jar:/Users/kanthreddy/.m2/repository/org/apache/maven/surefire/maven-surefire-common/3.1.2/maven-surefire-common-3.1.2.jar:/Users/kanthreddy/.m2/repository/org/apache/maven/surefire/surefire-api/3.1.2/surefire-api-3.1.2.jar:/Users/kanthreddy/.m2/repository/org/apache/maven/surefire/surefire-logger-api/3.1.2/surefire-logger-api-3.1.2.jar:/Users/kanthreddy/.m2/repository/org/apache/maven/surefire/surefire-extensions-api/3.1.2/surefire-extensions-api-3.1.2.jar:/Users/kanthreddy/.m2/repository/org/apache/maven/surefire/surefire-booter/3.1.2/surefire-booter-3.1.2.jar:/Users/kanthreddy/.m2/repository/org/apache/maven/surefire/surefire-extensions-spi/3.1.2/surefire-extensions-spi-3.1.2.jar:/Users/kanthreddy/.m2/repository/org/eclipse/aether/aether-util/1.0.0.v20140518/aether-util-1.0.0.v20140518.jar:/Users/kanthreddy/.m2/repository/org/eclipse/aether/aether-api/1.0.0.v20140518/aether-api-1.0.0.v20140518.jar:/Users/kanthreddy/.m2/repository/org/apache/maven/shared/maven-common-artifact-filters/3.1.1/maven-common-artifact-filters-3.1.1.jar:/Users/kanthreddy/.m2/repository/org/apache/maven/maven-artifact/3.1.0/maven-artifact-3.1.0.jar:/Users/kanthreddy/.m2/repository/org/apache/maven/maven-core/3.1.0/maven-core-3.1.0.jar:/Users/kanthreddy/.m2/repository/org/apache/maven/maven-settings/3.1.0/maven-settings-3.1.0.jar:/Users/kanthreddy/.m2/repository/org/apache/maven/maven-settings-builder/3.1.0/maven-settings-builder-3.1.0.jar:/Users/kanthreddy/.m2/repository/org/apache/maven/maven-repository-metadata/3.1.0/maven-repository-metadata-3.1.0.jar:/Users/kanthreddy/.m2/repository/org/apache/maven/maven-model-builder/3.1.0/maven-model-builder-3.1.0.jar:/Users/kanthreddy/.m2/repository/org/apache/maven/maven-aether-provider/3.1.0/maven-aether-provider-3.1.0.jar:/Users/kanthreddy/.m2/repository/org/eclipse/aether/aether-spi/0.9.0.M2/aether-spi-0.9.0.M2.jar:/Users/kanthreddy/.m2/repository/org/eclipse/aether/aether-impl/0.9.0.M2/aether-impl-0.9.0.M2.jar:/Users/kanthreddy/.m2/repository/org/eclipse/sisu/org.eclipse.sisu.plexus/0.0.0.M2a/org.eclipse.sisu.plexus-0.0.0.M2a.jar:/Users/kanthreddy/.m2/repository/javax/enterprise/cdi-api/1.0/cdi-api-1.0.jar:/Users/kanthreddy/.m2/repository/javax/annotation/jsr250-api/1.0/jsr250-api-1.0.jar:/Users/kanthreddy/.m2/repository/javax/inject/javax.inject/1/javax.inject-1.jar:/Users/kanthreddy/.m2/repository/org/sonatype/sisu/sisu-guice/3.1.0/sisu-guice-3.1.0-no_aop.jar:/Users/kanthreddy/.m2/repository/aopalliance/aopalliance/1.0/aopalliance-1.0.jar:/Users/kanthreddy/.m2/repository/org/eclipse/sisu/org.eclipse.sisu.inject/0.0.0.M2a/org.eclipse.sisu.inject-0.0.0.M2a.jar:/Users/kanthreddy/.m2/repository/asm/asm/3.3.1/asm-3.3.1.jar:/Users/kanthreddy/.m2/repository/org/codehaus/plexus/plexus-interpolation/1.16/plexus-interpolation-1.16.jar:/Users/kanthreddy/.m2/repository/org/codehaus/plexus/plexus-classworlds/2.4.2/plexus-classworlds-2.4.2.jar:/Users/kanthreddy/.m2/repository/org/sonatype/plexus/plexus-sec-dispatcher/1.3/plexus-sec-dispatcher-1.3.jar:/Users/kanthreddy/.m2/repository/org/sonatype/plexus/plexus-cipher/1.4/plexus-cipher-1.4.jar:/Users/kanthreddy/.m2/repository/org/apache/maven/maven-plugin-api/3.1.0/maven-plugin-api-3.1.0.jar:/Users/kanthreddy/.m2/repository/org/apache/maven/surefire/surefire-shared-utils/3.1.2/surefire-shared-utils-3.1.2.jar:/Users/kanthreddy/.m2/repository/org/apache/poi/poi/5.2.3/poi-5.2.3.jar:/Users/kanthreddy/.m2/repository/commons-codec/commons-codec/1.15/commons-codec-1.15.jar:/Users/kanthreddy/.m2/repository/org/apache/commons/commons-collections4/4.4/commons-collections4-4.4.jar:/Users/kanthreddy/.m2/repository/org/apache/commons/commons-math3/3.6.1/commons-math3-3.6.1.jar:/Users/kanthreddy/.m2/repository/com/zaxxer/SparseBitSet/1.2/SparseBitSet-1.2.jar:/Users/kanthreddy/.m2/repository/org/apache/poi/poi-ooxml/5.2.3/poi-ooxml-5.2.3.jar:/Users/kanthreddy/.m2/repository/org/apache/poi/poi-ooxml-lite/5.2.3/poi-ooxml-lite-5.2.3.jar:/Users/kanthreddy/.m2/repository/org/apache/xmlbeans/xmlbeans/5.1.1/xmlbeans-5.1.1.jar:/Users/kanthreddy/.m2/repository/org/apache/commons/commons-compress/1.21/commons-compress-1.21.jar:/Users/kanthreddy/.m2/repository/com/github/virtuald/curvesapi/1.07/curvesapi-1.07.jar:/Users/kanthreddy/.m2/repository/commons-io/commons-io/2.13.0/commons-io-2.13.0.jar:/Users/kanthreddy/.m2/repository/com/github/stephenc/monte/monte-screen-recorder/0.7.7.0/monte-screen-recorder-0.7.7.0.jar:/Users/kanthreddy/.m2/repository/org/aeonbits/owner/owner/1.0.12/owner-1.0.12.jar:/Users/kanthreddy/.m2/repository/org/projectlombok/lombok/1.18.28/lombok-1.18.28.jar:/Users/kanthreddy/.m2/repository/com/mysql/mysql-connector-j/8.0.33/mysql-connector-j-8.0.33.jar:/Users/kanthreddy/.m2/repository/com/google/protobuf/protobuf-java/3.21.9/protobuf-java-3.21.9.jar:/Users/kanthreddy/.m2/repository/com/google/zxing/javase/3.5.1/javase-3.5.1.jar:/Users/kanthreddy/.m2/repository/com/github/jai-imageio/jai-imageio-core/1.4.0/jai-imageio-core-1.4.0.jar:/Users/kanthreddy/.m2/repository/com/google/zxing/core/3.5.1/core-3.5.1.jar:/Users/kanthreddy/.m2/repository/org/aspectj/aspectjweaver/1.9.19/aspectjweaver-1.9.19.jar:"/>
    <property name="sun.cpu.endian" value="little"/>
    <property name="allure.results.directory" value="target/allure-results"/>
    <property name="user.home" value="/Users/kanthreddy"/>
    <property name="user.language" value="en"/>
    <property name="java.specification.vendor" value="Oracle Corporation"/>
    <property name="java.version.date" value="2022-07-19"/>
    <property name="java.home" value="/Library/Java/JavaVirtualMachines/jdk-11.0.16.jdk/Contents/Home"/>
    <property name="file.separator" value="/"/>
    <property name="basedir" value="/Users/kanthreddy/wip/Hubpay_QAAutomation"/>
    <property name="java.vm.compressedOopsMode" value="Zero based"/>
    <property name="line.separator" value="&#10;"/>
    <property name="java.specification.name" value="Java Platform API Specification"/>
    <property name="java.vm.specification.vendor" value="Oracle Corporation"/>
    <property name="java.awt.graphicsenv" value="sun.awt.CGraphicsEnvironment"/>
    <property name="surefire.real.class.path" value="/Users/kanthreddy/wip/Hubpay_QAAutomation/target/surefire/surefirebooter-20230801180849740_3.jar"/>
    <property name="sun.management.compiler" value="HotSpot 64-Bit Tiered Compilers"/>
    <property name="ftp.nonProxyHosts" value="local|*.local|169.254/16|*.169.254/16"/>
    <property name="java.runtime.version" value="11.0.16+11-LTS-199"/>
    <property name="user.name" value="kanthreddy"/>
    <property name="path.separator" value=":"/>
    <property name="os.version" value="12.6"/>
    <property name="java.runtime.name" value="Java(TM) SE Runtime Environment"/>
    <property name="file.encoding" value="UTF-8"/>
    <property name="java.vm.name" value="Java HotSpot(TM) 64-Bit Server VM"/>
    <property name="java.vendor.version" value="18.9"/>
    <property name="localRepository" value="/Users/kanthreddy/.m2/repository"/>
    <property name="java.vendor.url.bug" value="https://bugreport.java.com/bugreport/"/>
    <property name="java.io.tmpdir" value="/var/folders/bz/l4ntdftn1jd_wcytx8kp0fnh0000gn/T/"/>
    <property name="java.version" value="11.0.16"/>
    <property name="user.dir" value="/Users/kanthreddy/wip/Hubpay_QAAutomation"/>
    <property name="os.arch" value="aarch64"/>
    <property name="java.vm.specification.name" value="Java Virtual Machine Specification"/>
    <property name="java.awt.printerjob" value="sun.lwawt.macosx.CPrinterJob"/>
    <property name="sun.os.patch.level" value="unknown"/>
    <property name="java.library.path" value="/Users/kanthreddy/Library/Java/Extensions:/Library/Java/Extensions:/Network/Library/Java/Extensions:/System/Library/Java/Extensions:/usr/lib/java:."/>
    <property name="java.vendor" value="Oracle Corporation"/>
    <property name="java.vm.info" value="mixed mode"/>
    <property name="java.vm.version" value="11.0.16+11-LTS-199"/>
    <property name="sun.io.unicode.encoding" value="UnicodeBig"/>
    <property name="java.class.version" value="55.0"/>
    <property name="socksNonProxyHosts" value="local|*.local|169.254/16|*.169.254/16"/>
    <property name="webdriver.http.factory" value="jdk-http-client"/>
  </properties>
  <testcase name="runScenario[&quot;Verify the end to end flow of Exchange flow for AUD corridor&quot;, &quot;End to End Exchange flow - AUD&quot;](1)" classname="anhtester.com.runners.OpsTestRunner" time="33.018">
    <failure message="Actual value:&apos;02/08/2023 &amp; Expected value:&apos;&apos; expected [true] but found [false]" type="java.lang.AssertionError"><![CDATA[java.lang.AssertionError: Actual value:'02/08/2023 & Expected value:'' expected [true] but found [false]
	at org.testng.Assert.fail(Assert.java:111)
	at org.testng.Assert.failNotEquals(Assert.java:1578)
	at org.testng.Assert.assertTrue(Assert.java:57)
	at anhtester.com.keywords.WebUI.verifyTrue(WebUI.java:1053)
	at anhtester.com.hubpay.corp.pages.DashboardPage.verifyFieldValue(DashboardPage.java:144)
	at anhtester.com.hubpay.corp.pages.DashboardPage.verifyOnlyExchangeTransactionDetails(DashboardPage.java:162)
	at anhtester.com.hubpay.corp.stepdefinitions.DashboardPageStepDefinition.I_verify_transactions_status_open_details_view(DashboardPageStepDefinition.java:162)
	at .I verify details of exchange transaction on transaction details view(file:///Users/kanthreddy/wip/Hubpay_QAAutomation/src/test/resources/features/ExchangeFlow_AUD.feature:34)
]]></failure>
    <system-out><![CDATA[================ BEFORE ALL ================
[INFO] 01-08-2023 18:08:52 [LogUtils] - Loaded all properties files.
[INFO] 01-08-2023 18:08:52 [LogUtils] - {TARGET=local, ownerDetail=xpath&&//div[@id='s2id_created_by']//a[@class='select2-choice']/span[1], menuClients=xpath&&//span[normalize-space()='Clients'], TELEGRAM_CHATID=, OVERRIDE_REPORTS=yes, inputPhone=xpath&&//input[@id='phone'], inputClientGroups=xpath&&(//label[normalize-space()='Client groups']/following-sibling::div//input)[1], buttonSaveOnDialog=xpath&&//div[@id='ajaxModalContent']//button[normalize-space()='Save'], spanFirstItemClientGroups=xpath&&//span[@class='select2-match'], inputCountry=xpath&&//input[@id='country'], SEND_REPORT_TO_TELEGRAM=no, SEND_EMAIL_TO_USERS=no, ZIP_FOLDER_NAME=CucumberExtentReports.zip, WAIT_DEFAULT=5, REMOTE_PORT=4444, TELEGRAM_TOKEN=, buttonAddClient=xpath&&//a[normalize-space()='Add client'], URL_CORP=https://corporate-dev.hubpay.ae/auth/signin, labelClientGroups=xpath&&//li[@class='select2-search-choice']/div, URL_OPS=https://ops-portal-dev.hubpay.ae/wallet/, inputState=xpath&&//input[@id='state'], labelOnClientPage=xpath&&//span[normalize-space()='Total clients'], inputPassword=xpath&&//input[@id='password'], EXTENT_REPORT_PDF=PdfReport.pdf, inputAddress=xpath&&//textarea[@id='address'], VIDEO_RECORD=no, inputSearchOwner=xpath&&//div[@id='select2-drop']//input, tabClient=xpath&&//ul[@id='client-tabs']//li[2], labelEmailError=id&&email-error, tabClientInfo=xpath&&//a[normalize-space()='Client info'], PASSWORD=T+wyT5u9cOelDJbBWNgxLw, inputWebsite=xpath&&//input[@id='website'], SCREENSHOT_ALL_STEPS=no, labelAuthentication=xpath&&//div[@role='alert'], EXTENT_REPORT_NAME=ExtentReport, EXPORT_VIDEO_PATH=ExportData/Videos, EXPORT_CAPTURE_PATH=ExportData/Images, WAIT_PAGE_LOADED=30, SCREENSHOT_PASSED_STEPS=no, radioOrganization=xpath&&//input[@id='type_organization'], EXTENT_REPORT_FOLDER=reports/CucumberExtentReports, itemClientFirstRow=xpath&&//table[@id='client-table']//tbody/tr[1]/td[2]/a, WAIT_EXPLICIT=10, BROWSER=chrome, SCREENSHOT_SKIPPED_STEPS=yes, inputEmail=xpath&&//input[@id='email'], menuDashboard=xpath&&//span[normalize-space()='Dashboard'], REPORT_TITLE=Report | Automation Framework Cucumber TestNG | Anh Tester, AUTHOR=Anh Tester, EXCEL_DATA_FILE_PATH=src/test/resources/testdata/ClientsDataExcel.xlsx, WAIT_IMPLICIT=20, PROJECT_NAME=Automation Framework Cucumber TestNG | Anh Tester, HEADLESS=false, REMOTE_URL=localhost, inputCompanyName=xpath&&//input[@id='company_name'], selectOwner=xpath&&//div[@id='s2id_created_by'], inputCity=xpath&&//input[@id='city'], SCREENSHOT_FAILED_STEPS=yes, TXT_FILE_PATH=src/test/resources/testdata/TxtFileData.txt, selectFirstItemOwner=xpath&&(//div[contains(@id,'select2-result-label')])[1], buttonSignIn=xpath&&//button[normalize-space()='Sign in'], JSON_DATA_FILE_PATH=src/test/resources/config/config.json, inputVat=xpath&&//input[@id='vat_number'], ACTIVE_PAGE_LOADED=true, headerPageClientInfo=xpath&&//form[@id='company-form']//h4, URL_CRM=https://rise.fairsketch.com/signin, WAIT_SLEEP_STEP=0, OPEN_REPORTS_AFTER_EXECUTION=no, buttonDynamicXpath=xpath&&//button[normalize-space()='%s'], ZIP_FOLDER_PATH=reports/CucumberExtentReports, inputZip=xpath&&//input[@id='zip'], inputSearch=xpath&&//input[@placeholder='Search'], ZIP_FOLDER=no, menuProjects=xpath&&//span[normalize-space()='Projects']}
[INFO] 01-08-2023 18:08:52 [LogUtils] - Loaded all properties files.
[INFO] 01-08-2023 18:08:52 [LogUtils] - {TARGET=local, ownerDetail=xpath&&//div[@id='s2id_created_by']//a[@class='select2-choice']/span[1], menuClients=xpath&&//span[normalize-space()='Clients'], TELEGRAM_CHATID=, OVERRIDE_REPORTS=yes, inputPhone=xpath&&//input[@id='phone'], inputClientGroups=xpath&&(//label[normalize-space()='Client groups']/following-sibling::div//input)[1], buttonSaveOnDialog=xpath&&//div[@id='ajaxModalContent']//button[normalize-space()='Save'], spanFirstItemClientGroups=xpath&&//span[@class='select2-match'], inputCountry=xpath&&//input[@id='country'], SEND_REPORT_TO_TELEGRAM=no, SEND_EMAIL_TO_USERS=no, ZIP_FOLDER_NAME=CucumberExtentReports.zip, WAIT_DEFAULT=5, REMOTE_PORT=4444, TELEGRAM_TOKEN=, buttonAddClient=xpath&&//a[normalize-space()='Add client'], URL_CORP=https://corporate-dev.hubpay.ae/auth/signin, labelClientGroups=xpath&&//li[@class='select2-search-choice']/div, URL_OPS=https://ops-portal-dev.hubpay.ae/wallet/, inputState=xpath&&//input[@id='state'], labelOnClientPage=xpath&&//span[normalize-space()='Total clients'], inputPassword=xpath&&//input[@id='password'], EXTENT_REPORT_PDF=PdfReport.pdf, inputAddress=xpath&&//textarea[@id='address'], VIDEO_RECORD=no, inputSearchOwner=xpath&&//div[@id='select2-drop']//input, tabClient=xpath&&//ul[@id='client-tabs']//li[2], labelEmailError=id&&email-error, tabClientInfo=xpath&&//a[normalize-space()='Client info'], PASSWORD=T+wyT5u9cOelDJbBWNgxLw, inputWebsite=xpath&&//input[@id='website'], SCREENSHOT_ALL_STEPS=no, labelAuthentication=xpath&&//div[@role='alert'], EXTENT_REPORT_NAME=ExtentReport, EXPORT_VIDEO_PATH=ExportData/Videos, EXPORT_CAPTURE_PATH=ExportData/Images, WAIT_PAGE_LOADED=30, SCREENSHOT_PASSED_STEPS=no, radioOrganization=xpath&&//input[@id='type_organization'], EXTENT_REPORT_FOLDER=reports/CucumberExtentReports, itemClientFirstRow=xpath&&//table[@id='client-table']//tbody/tr[1]/td[2]/a, WAIT_EXPLICIT=10, BROWSER=chrome, SCREENSHOT_SKIPPED_STEPS=yes, inputEmail=xpath&&//input[@id='email'], menuDashboard=xpath&&//span[normalize-space()='Dashboard'], REPORT_TITLE=Report | Automation Framework Cucumber TestNG | Anh Tester, AUTHOR=Anh Tester, EXCEL_DATA_FILE_PATH=src/test/resources/testdata/ClientsDataExcel.xlsx, WAIT_IMPLICIT=20, PROJECT_NAME=Automation Framework Cucumber TestNG | Anh Tester, HEADLESS=false, REMOTE_URL=localhost, inputCompanyName=xpath&&//input[@id='company_name'], selectOwner=xpath&&//div[@id='s2id_created_by'], inputCity=xpath&&//input[@id='city'], SCREENSHOT_FAILED_STEPS=yes, TXT_FILE_PATH=src/test/resources/testdata/TxtFileData.txt, selectFirstItemOwner=xpath&&(//div[contains(@id,'select2-result-label')])[1], buttonSignIn=xpath&&//button[normalize-space()='Sign in'], JSON_DATA_FILE_PATH=src/test/resources/config/config.json, inputVat=xpath&&//input[@id='vat_number'], ACTIVE_PAGE_LOADED=true, headerPageClientInfo=xpath&&//form[@id='company-form']//h4, URL_CRM=https://rise.fairsketch.com/signin, WAIT_SLEEP_STEP=0, OPEN_REPORTS_AFTER_EXECUTION=no, buttonDynamicXpath=xpath&&//button[normalize-space()='%s'], ZIP_FOLDER_PATH=reports/CucumberExtentReports, inputZip=xpath&&//input[@id='zip'], inputSearch=xpath&&//input[@placeholder='Search'], ZIP_FOLDER=no, menuProjects=xpath&&//span[normalize-space()='Projects']}
Data From FrameworkConstants: {TARGET=local, ownerDetail=xpath&&//div[@id='s2id_created_by']//a[@class='select2-choice']/span[1], menuClients=xpath&&//span[normalize-space()='Clients'], TELEGRAM_CHATID=, OVERRIDE_REPORTS=yes, inputPhone=xpath&&//input[@id='phone'], inputClientGroups=xpath&&(//label[normalize-space()='Client groups']/following-sibling::div//input)[1], buttonSaveOnDialog=xpath&&//div[@id='ajaxModalContent']//button[normalize-space()='Save'], spanFirstItemClientGroups=xpath&&//span[@class='select2-match'], inputCountry=xpath&&//input[@id='country'], SEND_REPORT_TO_TELEGRAM=no, SEND_EMAIL_TO_USERS=no, ZIP_FOLDER_NAME=CucumberExtentReports.zip, WAIT_DEFAULT=5, REMOTE_PORT=4444, TELEGRAM_TOKEN=, buttonAddClient=xpath&&//a[normalize-space()='Add client'], URL_CORP=https://corporate-dev.hubpay.ae/auth/signin, labelClientGroups=xpath&&//li[@class='select2-search-choice']/div, URL_OPS=https://ops-portal-dev.hubpay.ae/wallet/, inputState=xpath&&//input[@id='state'], labelOnClientPage=xpath&&//span[normalize-space()='Total clients'], inputPassword=xpath&&//input[@id='password'], EXTENT_REPORT_PDF=PdfReport.pdf, inputAddress=xpath&&//textarea[@id='address'], VIDEO_RECORD=no, inputSearchOwner=xpath&&//div[@id='select2-drop']//input, tabClient=xpath&&//ul[@id='client-tabs']//li[2], labelEmailError=id&&email-error, tabClientInfo=xpath&&//a[normalize-space()='Client info'], PASSWORD=T+wyT5u9cOelDJbBWNgxLw, inputWebsite=xpath&&//input[@id='website'], SCREENSHOT_ALL_STEPS=no, labelAuthentication=xpath&&//div[@role='alert'], EXTENT_REPORT_NAME=ExtentReport, EXPORT_VIDEO_PATH=ExportData/Videos, EXPORT_CAPTURE_PATH=ExportData/Images, WAIT_PAGE_LOADED=30, SCREENSHOT_PASSED_STEPS=no, radioOrganization=xpath&&//input[@id='type_organization'], EXTENT_REPORT_FOLDER=reports/CucumberExtentReports, itemClientFirstRow=xpath&&//table[@id='client-table']//tbody/tr[1]/td[2]/a, WAIT_EXPLICIT=10, BROWSER=chrome, SCREENSHOT_SKIPPED_STEPS=yes, inputEmail=xpath&&//input[@id='email'], menuDashboard=xpath&&//span[normalize-space()='Dashboard'], REPORT_TITLE=Report | Automation Framework Cucumber TestNG | Anh Tester, AUTHOR=Anh Tester, EXCEL_DATA_FILE_PATH=src/test/resources/testdata/ClientsDataExcel.xlsx, WAIT_IMPLICIT=20, PROJECT_NAME=Automation Framework Cucumber TestNG | Anh Tester, HEADLESS=false, REMOTE_URL=localhost, inputCompanyName=xpath&&//input[@id='company_name'], selectOwner=xpath&&//div[@id='s2id_created_by'], inputCity=xpath&&//input[@id='city'], SCREENSHOT_FAILED_STEPS=yes, TXT_FILE_PATH=src/test/resources/testdata/TxtFileData.txt, selectFirstItemOwner=xpath&&(//div[contains(@id,'select2-result-label')])[1], buttonSignIn=xpath&&//button[normalize-space()='Sign in'], JSON_DATA_FILE_PATH=src/test/resources/config/config.json, inputVat=xpath&&//input[@id='vat_number'], ACTIVE_PAGE_LOADED=true, headerPageClientInfo=xpath&&//form[@id='company-form']//h4, URL_CRM=https://rise.fairsketch.com/signin, WAIT_SLEEP_STEP=0, OPEN_REPORTS_AFTER_EXECUTION=no, buttonDynamicXpath=xpath&&//button[normalize-space()='%s'], ZIP_FOLDER_PATH=reports/CucumberExtentReports, inputZip=xpath&&//input[@id='zip'], inputSearch=xpath&&//input[@placeholder='Search'], ZIP_FOLDER=no, menuProjects=xpath&&//span[normalize-space()='Projects']}
null
Allure environment data saved.
Allure Reports is installed.

@exchange @aud @corp
Scenario Outline: Verify the end to end flow of Exchange flow for AUD corridor          # src/test/resources/features/ExchangeFlow_AUD.feature:94
[ERROR] 01-08-2023 18:08:55 [HttpClient] - Error HTTP 404 executing https://chromedriver.storage.googleapis.com/LATEST_RELEASE_115
[WARN] 01-08-2023 18:08:55 [VersionDetector] - Exception reading https://chromedriver.storage.googleapis.com/LATEST_RELEASE_115 to get latest version of chromedriver (Error HTTP 404 executing https://chromedriver.storage.googleapis.com/LATEST_RELEASE_115)
[INFO] 01-08-2023 18:08:57 [WebDriverManager] - Exporting webdriver.chrome.driver as /Users/kanthreddy/.cache/selenium/chromedriver/mac-arm64/114.0.5735.90/chromedriver
[INFO] 01-08-2023 18:09:01 [LogUtils] - Driver in TestContext: ChromeDriver: chrome on mac (bf2dd70c44b92839cd71dfaa1d496f74)
  Given I setup test data file name for "ForeignExchange" "AUD" "30"                    # anhtester.com.common.CommonSteps.I_create_testdata_file_for(java.lang.String,java.lang.String,java.lang.String)
[INFO] 01-08-2023 18:09:02 [LogUtils] - Open URL: https://corporate-dev.hubpay.ae/auth/signin
[INFO] 01-08-2023 18:09:02 [LogUtils] - Verify element visible By.cssSelector: input[name='username']
[INFO] 01-08-2023 18:09:02 [LogUtils] - Set text corp-demo-1@hubpay.ae on By.cssSelector: input[name='username']
[INFO] 01-08-2023 18:09:03 [LogUtils] - Verify element visible By.cssSelector: input[name='password']
[INFO] 01-08-2023 18:09:03 [LogUtils] - Set text CorpDemo123! on By.cssSelector: input[name='password']
[INFO] 01-08-2023 18:09:03 [LogUtils] - Click on element with JS: By.xpath: //button[text()='Next']
[INFO] 01-08-2023 18:09:05 [LogUtils] - Verify element visible By.xpath: //li[contains(.,'Sign out')]
Login successful
  Given I'm Logged in to the Corp portal                                                # anhtester.com.common.CommonSteps.I_enter_credentials_on_CorpSuite_Login_Page()
{COMMON={toCurrencyName=Australian Dollar, toCurrencyCode=AUD, fromCurrencyName=UAE Dirham, fromCurrencyCode=AED, toCurrencyWalletBalance=AUD 0.00, feePerPayment=21 AUD, processingTime=Instant, fromCurrencyWalletBalance=AED 33,240.45, noOfPayments=0, totalReceiveAmount=AUD 500.00, totalAmount=, totalFees=AUD 0.00, totalPayable=AUD 500.00, balanceDue=AUD 0.00, expectedPaymentDate=31st July 2023, liveRate=1 AUD = 2.46572 AED, settlementDate=2nd August 2023, formatted_settlementDate=2nd Augu 2023}, EXCHANGE={toAmount=30.00, fromAmount=73.97, type=Foreign Exchange, createdAt=Monday 31 July 2023, transactionReference=AF-WT2V-NJHK, orderedAt=31/07/2023, orderSettledAt=-, rejectedAt=-, completedAt=-, totalFundsDue=75.26}}
[INFO] 01-08-2023 18:09:08 [LogUtils] - Verify element visible By.xpath: //h1[text()='Dashboard']
[INFO] 01-08-2023 18:09:08 [LogUtils] - Verify element visible By.xpath: //h1[text()='Dashboard']
  Then I verify Dashboard page is displayed                                             # anhtester.com.hubpay.corp.stepdefinitions.DashboardPageStepDefinition.I_verify_dashboard_page_is_displayed()
I_note_wallet_balance_for_corridor:src/test/resources/testdata/ForeignExchange_AUD_30.json
[INFO] 01-08-2023 18:09:09 [LogUtils] - Verify element visible By.xpath: //p[contains(text(),'AUD')]
[INFO] 01-08-2023 18:09:09 [LogUtils] - Verify element visible By.xpath: //p[contains(text(),'AUD')]
[INFO] 01-08-2023 18:09:09 [LogUtils] - Verify element visible By.xpath: //p[contains(text(),'AED')]
[INFO] 01-08-2023 18:09:09 [LogUtils] - Verify element visible By.xpath: //p[contains(text(),'AED')]
  Then I Note the wallet balance for the "AUD" corridor                                 # anhtester.com.hubpay.corp.stepdefinitions.DashboardPageStepDefinition.I_note_wallet_balance_for_corridor(java.lang.String)
I_verify_default_details_on_exchange_page:src/test/resources/testdata/ForeignExchange_AUD_30.json
[INFO] 01-08-2023 18:09:09 [LogUtils] - Verify element visible By.xpath: //a[text()='Exchange']
[INFO] 01-08-2023 18:09:09 [LogUtils] - Clicked on the element By.xpath: //a[text()='Exchange']
[INFO] 01-08-2023 18:09:10 [LogUtils] - Verify element visible By.xpath: //h1[text()='Exchange']
  Then I navigate to Exchange page                                                      # anhtester.com.hubpay.corp.stepdefinitions.DashboardPageStepDefinition.I_navigate_to_exchange_page()
{COMMON={toCurrencyName=Australian Dollar, toCurrencyCode=AUD, fromCurrencyName=UAE Dirham, fromCurrencyCode=AED, toCurrencyWalletBalance=AUD 0.00, feePerPayment=21 AUD, processingTime=Instant, fromCurrencyWalletBalance=AED 33,240.45, noOfPayments=0, totalReceiveAmount=AUD 500.00, totalAmount=, totalFees=AUD 0.00, totalPayable=AUD 500.00, balanceDue=AUD 0.00, expectedPaymentDate=31st July 2023, liveRate=1 AUD = 2.46572 AED, settlementDate=2nd August 2023, formatted_settlementDate=2nd Augu 2023}, EXCHANGE={toAmount=30.00, fromAmount=73.97, type=Foreign Exchange, createdAt=Monday 31 July 2023, transactionReference=AF-WT2V-NJHK, orderedAt=31/07/2023, orderSettledAt=-, rejectedAt=-, completedAt=-, totalFundsDue=75.26}}
[INFO] 01-08-2023 18:09:10 [LogUtils] - Verify element visible By.xpath: //h1[text()='Exchange']
[INFO] 01-08-2023 18:09:11 [LogUtils] - Verify element visible By.xpath: //p[text()='Convert money between your wallets']
[INFO] 01-08-2023 18:09:11 [LogUtils] - Verify element visible By.xpath: //span[text()='Amount']/preceding-sibling::span[text()='1']/parent::span
[INFO] 01-08-2023 18:09:11 [LogUtils] - Verify element visible By.xpath: //span[text()='Review & confirm']/preceding-sibling::span[text()='2']/parent::span
[INFO] 01-08-2023 18:09:11 [LogUtils] - Verify element visible By.xpath: //h1[text()='Amount']
[INFO] 01-08-2023 18:09:11 [LogUtils] - Verify element visible By.xpath: //h1[text()='Amount']/following-sibling::p[text()='Select the wallet you want to exchange to and define the amount']
[INFO] 01-08-2023 18:09:11 [LogUtils] - Verify element visible By.xpath: //input[@name='amount']/following-sibling::div/button
[INFO] 01-08-2023 18:09:11 [LogUtils] - Verify element visible By.xpath: //label[text()='Sell']/following-sibling::div/input[@placeholder='0.00']/following-sibling::div[.='AED']
[INFO] 01-08-2023 18:09:11 [LogUtils] - Verify TRUE: true
  Then I verify default details on Exchange page                                        # anhtester.com.hubpay.corp.stepdefinitions.ExchangePageStepDefinition.I_verify_default_details_on_exchange_page()
[INFO] 01-08-2023 18:09:11 [LogUtils] - Verify element visible By.xpath: //span[text()='Amount']/preceding-sibling::span[text()='1']/parent::span
[INFO] 01-08-2023 18:09:11 [LogUtils] - Verify element visible By.xpath: //span[text()='Amount']/preceding-sibling::span[text()='1']/parent::span
[INFO] 01-08-2023 18:09:11 [LogUtils] - Verify element visible By.xpath: //span[text()='Amount']/preceding-sibling::span[text()='1']/parent::span
[INFO] 01-08-2023 18:09:11 [LogUtils] - Verify TRUE: true
  Then I verify "Amount" step is "Active" on "Exchange" page                            # anhtester.com.hubpay.corp.stepdefinitions.ExchangePageStepDefinition.I_verify_step_status_on_exchange_page(java.lang.String,java.lang.String,java.lang.String)
[INFO] 01-08-2023 18:09:11 [LogUtils] - Verify element visible By.xpath: //span[text()='Review & confirm']/preceding-sibling::span[text()='2']/parent::span
[INFO] 01-08-2023 18:09:11 [LogUtils] - Verify element visible By.xpath: //span[text()='Review & confirm']/preceding-sibling::span[text()='2']/parent::span
[INFO] 01-08-2023 18:09:11 [LogUtils] - Verify element visible By.xpath: //span[text()='Review & confirm']/preceding-sibling::span[text()='2']/parent::span
[INFO] 01-08-2023 18:09:11 [LogUtils] - Verify TRUE: true
  Then I verify "Review & confirm" step is "Inactive" on "Exchange" page                # anhtester.com.hubpay.corp.stepdefinitions.ExchangePageStepDefinition.I_verify_step_status_on_exchange_page(java.lang.String,java.lang.String,java.lang.String)
[INFO] 01-08-2023 18:09:11 [LogUtils] - Verify element visible By.xpath: //input[@name='amount']
[INFO] 01-08-2023 18:09:11 [LogUtils] - Verify element visible By.xpath: //input[@name='amount']
[INFO] 01-08-2023 18:09:11 [LogUtils] - Clear and Fill 30.00 on By.xpath: //input[@name='amount']
  When I select "AUD" corridor and input "30.00" amount on Exchange page                # anhtester.com.hubpay.corp.stepdefinitions.ExchangePageStepDefinition.I_select_corridor_and_input_amount_on_exchange_page(java.lang.String,java.lang.String)
[INFO] 01-08-2023 18:09:12 [LogUtils] - Verify element visible By.xpath: //div[text()='Live rate']/preceding-sibling::div//p
[INFO] 01-08-2023 18:09:12 [LogUtils] - Verify element visible By.xpath: //div[text()='Live rate']/preceding-sibling::div//p
[INFO] 01-08-2023 18:09:12 [LogUtils] - Verify element visible By.xpath: //div[text()='Live rate']/preceding-sibling::div//p
[INFO] 01-08-2023 18:09:12 [LogUtils] - Verify element visible By.xpath: //div[text()='Live rate']/preceding-sibling::div//p
[INFO] 01-08-2023 18:09:12 [LogUtils] - Verify text of an element [Contains]: true
[INFO] 01-08-2023 18:09:12 [LogUtils] - Verify element visible By.xpath: //div[text()='Live rate']/preceding-sibling::div//p
[INFO] 01-08-2023 18:09:12 [LogUtils] - Verify element visible By.xpath: //div[text()='Live rate']/preceding-sibling::div//p
  Then I verify Live rate is displayed for "AUD" corridor                               # anhtester.com.hubpay.corp.stepdefinitions.ExchangePageStepDefinition.I_verify_live_rate_is_displayed_exchange_page(java.lang.String)
[INFO] 01-08-2023 18:09:12 [LogUtils] - Verify element visible By.xpath: //div[text()='Processing time']/preceding-sibling::div
[INFO] 01-08-2023 18:09:12 [LogUtils] - Verify element visible By.xpath: //div[text()='Processing time']/preceding-sibling::div
[INFO] 01-08-2023 18:09:12 [LogUtils] - Verify element visible By.xpath: //div[text()='Processing time']/preceding-sibling::div
[INFO] 01-08-2023 18:09:12 [LogUtils] - Verify text of an element [Equals]: true
[INFO] 01-08-2023 18:09:12 [LogUtils] - Verify element visible By.xpath: //div[text()='Processing time']/preceding-sibling::div
[INFO] 01-08-2023 18:09:12 [LogUtils] - Verify element visible By.xpath: //div[text()='Processing time']/preceding-sibling::div
[INFO] 01-08-2023 18:09:12 [LogUtils] - Verify element visible By.xpath: //div[text()='Processing time']/preceding-sibling::div
[INFO] 01-08-2023 18:09:12 [LogUtils] - Verify element visible By.xpath: //div[text()='Processing time']/preceding-sibling::div
[INFO] 01-08-2023 18:09:12 [LogUtils] - Verify element visible By.xpath: //div[text()='Processing time']/preceding-sibling::div
[INFO] 01-08-2023 18:09:12 [LogUtils] - Verify element visible By.xpath: //div[text()='Processing time']/preceding-sibling::div
In Exchange steps:Print from File
{COMMON={toCurrencyName=Australian Dollar, toCurrencyCode=AUD, fromCurrencyName=UAE Dirham, fromCurrencyCode=AED, toCurrencyWalletBalance=AUD 0.00, feePerPayment=21 AUD, processingTime=Instant, fromCurrencyWalletBalance=AED 33,240.45, noOfPayments=0, totalReceiveAmount=AUD 500.00, totalAmount=, totalFees=AUD 0.00, totalPayable=AUD 500.00, balanceDue=AUD 0.00, expectedPaymentDate=31st July 2023, liveRate=1 AUD = 2.46572 AED, settlementDate=2nd August 2023, formatted_settlementDate=2nd Augu 2023}, EXCHANGE={toAmount=30.00, fromAmount=73.97, type=Foreign Exchange, createdAt=Monday 31 July 2023, transactionReference=AF-WT2V-NJHK, orderedAt=31/07/2023, orderSettledAt=-, rejectedAt=-, completedAt=-, totalFundsDue=75.26}}
[INFO] 01-08-2023 18:09:12 [LogUtils] - Verify element visible By.xpath: //input[@name='amount']
[INFO] 01-08-2023 18:09:12 [LogUtils] - Verify element visible By.xpath: //button/span
[INFO] 01-08-2023 18:09:12 [LogUtils] - Verify element visible By.xpath: //div[text()='Live rate']/preceding-sibling::div//p
[INFO] 01-08-2023 18:09:12 [LogUtils] - Verify element visible By.xpath: //div[text()='Live rate']/preceding-sibling::div//p
[INFO] 01-08-2023 18:09:12 [LogUtils] - Verify element visible By.xpath: //div[text()='Live rate']/preceding-sibling::div//p
[INFO] 01-08-2023 18:09:12 [LogUtils] - Verify element visible By.xpath: //div[text()='Live rate']/preceding-sibling::div//p
calculated sell amount:73.98
[INFO] 01-08-2023 18:09:12 [LogUtils] - Verify element visible By.xpath: //div[text()='Settlement date']/preceding-sibling::div
[INFO] 01-08-2023 18:09:12 [LogUtils] - Verify element visible By.xpath: //div[text()='Settlement date']/preceding-sibling::div
[INFO] 01-08-2023 18:09:13 [LogUtils] - Verify element visible By.xpath: //div[text()='Settlement date']/preceding-sibling::div
[INFO] 01-08-2023 18:09:13 [LogUtils] - Verify element visible By.xpath: //div[text()='Settlement date']/preceding-sibling::div
[INFO] 01-08-2023 18:09:13 [LogUtils] - Verify element visible By.xpath: //div[text()='Settlement date']/preceding-sibling::div
[INFO] 01-08-2023 18:09:13 [LogUtils] - Verify element visible By.xpath: //div[text()='Settlement date']/preceding-sibling::div
[INFO] 01-08-2023 18:09:13 [LogUtils] - Verify element visible By.xpath: //div[text()='Settlement date']/preceding-sibling::div
[INFO] 01-08-2023 18:09:13 [LogUtils] - Verify element visible By.xpath: //div[text()='Settlement date']/preceding-sibling::div
After Merging Maps:
{COMMON={toCurrencyName=Australian Dollar, toCurrencyCode=AUD, fromCurrencyName=UAE Dirham, fromCurrencyCode=AED, toCurrencyWalletBalance=AUD 0.00, feePerPayment=21 AUD, processingTime=Instant, fromCurrencyWalletBalance=AED 33,240.45, noOfPayments=0, totalReceiveAmount=AUD 500.00, totalAmount=, totalFees=AUD 0.00, totalPayable=AUD 500.00, balanceDue=AUD 0.00, expectedPaymentDate=31st July 2023, liveRate=1 AUD = 2.46613 AED, settlementDate=2nd August 2023, formatted_settlementDate=2nd Augu 2023}, EXCHANGE={toAmount=30.00, fromAmount=73.98, type=Foreign Exchange, createdAt=Monday 31 July 2023, transactionReference=AF-WT2V-NJHK, orderedAt=31/07/2023, orderSettledAt=-, rejectedAt=-, completedAt=-, totalFundsDue=75.26}}
  Then I verify "Instant" for the "AUD" corridor                                        # anhtester.com.hubpay.corp.stepdefinitions.ExchangePageStepDefinition.I_verify_processingtime_for_the_corridor(java.lang.String,java.lang.String)
[INFO] 01-08-2023 18:09:13 [LogUtils] - Click on element with JS: By.xpath: //button[contains(.,'Next')]
[INFO] 01-08-2023 18:09:15 [LogUtils] - Verify element visible By.xpath: //h1[text()='Review & confirm']
  When I click "Next" button on "Exchange" page                                         # anhtester.com.hubpay.corp.stepdefinitions.ExchangePageStepDefinition.I_click_button_on_exchange_page(java.lang.String,java.lang.String)
[INFO] 01-08-2023 18:09:15 [LogUtils] - Verify element visible By.xpath: //button[@id='confirm']
[INFO] 01-08-2023 18:09:15 [LogUtils] - Clicked on the element By.xpath: //button[@id='confirm']
  When I "check" consent checkbox on Exchange page                                      # anhtester.com.hubpay.corp.stepdefinitions.ExchangePageStepDefinition.I_consent_checkbox_exchange_page(java.lang.String)
{COMMON={toCurrencyName=Australian Dollar, toCurrencyCode=AUD, fromCurrencyName=UAE Dirham, fromCurrencyCode=AED, toCurrencyWalletBalance=AUD 0.00, feePerPayment=21 AUD, processingTime=Instant, fromCurrencyWalletBalance=AED 33,240.45, noOfPayments=0, totalReceiveAmount=AUD 500.00, totalAmount=, totalFees=AUD 0.00, totalPayable=AUD 500.00, balanceDue=AUD 0.00, expectedPaymentDate=31st July 2023, liveRate=1 AUD = 2.46613 AED, settlementDate=2nd August 2023, formatted_settlementDate=2nd Augu 2023}, EXCHANGE={toAmount=30.00, fromAmount=73.98, type=Foreign Exchange, createdAt=Monday 31 July 2023, transactionReference=AF-WT2V-NJHK, orderedAt=31/07/2023, orderSettledAt=-, rejectedAt=-, completedAt=-, totalFundsDue=75.26}}
{COMMON={toCurrencyName=Australian Dollar, toCurrencyCode=AUD, fromCurrencyName=UAE Dirham, fromCurrencyCode=AED, toCurrencyWalletBalance=AUD 0.00, feePerPayment=21 AUD, processingTime=Instant, fromCurrencyWalletBalance=AED 33,240.45, noOfPayments=0, totalReceiveAmount=AUD 500.00, totalAmount=, totalFees=AUD 0.00, totalPayable=AUD 500.00, balanceDue=AUD 0.00, expectedPaymentDate=31st July 2023, liveRate=1 AUD = 2.46613 AED, settlementDate=2nd August 2023, formatted_settlementDate=2nd Augu 2023}, EXCHANGE={toAmount=30.00, fromAmount=73.98, type=Foreign Exchange, createdAt=Monday 31 July 2023, transactionReference=AF-WT2V-NJHK, orderedAt=31/07/2023, orderSettledAt=-, rejectedAt=-, completedAt=-, totalFundsDue=75.26}}
[INFO] 01-08-2023 18:09:15 [LogUtils] - Verify element visible By.xpath: //div[text()='Buy']/following-sibling::div
[INFO] 01-08-2023 18:09:15 [LogUtils] - Verify element visible By.xpath: //div[text()='Buy']/following-sibling::div
[INFO] 01-08-2023 18:09:15 [LogUtils] - Verify element visible By.xpath: //div[text()='Buy']/following-sibling::div
[INFO] 01-08-2023 18:09:15 [LogUtils] - Verify text of an element [Equals]: true
[INFO] 01-08-2023 18:09:15 [LogUtils] - Verify element visible By.xpath: //div[text()='Buy']/following-sibling::div
[INFO] 01-08-2023 18:09:15 [LogUtils] - Verify element visible By.xpath: //div[text()='Buy']/following-sibling::div
[INFO] 01-08-2023 18:09:15 [LogUtils] - Verify element visible By.xpath: //div[text()='Buy']/following-sibling::div
[INFO] 01-08-2023 18:09:15 [LogUtils] - Verify element visible By.xpath: //div[text()='Buy']/following-sibling::div
[INFO] 01-08-2023 18:09:15 [LogUtils] - Verify element visible By.xpath: //div[text()='Buy']/following-sibling::div
[INFO] 01-08-2023 18:09:15 [LogUtils] - Verify element visible By.xpath: //div[text()='Buy']/following-sibling::div
[INFO] 01-08-2023 18:09:15 [LogUtils] - Verify element visible By.xpath: //div[text()='Buy']/following-sibling::div
[INFO] 01-08-2023 18:09:15 [LogUtils] - Verify element visible By.xpath: //div[text()='Buy']/following-sibling::div
[INFO] 01-08-2023 18:09:15 [LogUtils] - Verify element visible By.xpath: //div[text()='Buy']/following-sibling::div
[INFO] 01-08-2023 18:09:15 [LogUtils] - Verify text of an element [Equals]: true
[INFO] 01-08-2023 18:09:15 [LogUtils] - Verify element visible By.xpath: //div[text()='Buy']/following-sibling::div
[INFO] 01-08-2023 18:09:15 [LogUtils] - Verify element visible By.xpath: //div[text()='Buy']/following-sibling::div
[INFO] 01-08-2023 18:09:15 [LogUtils] - Verify element visible By.xpath: //div[text()='Buy']/following-sibling::div
[INFO] 01-08-2023 18:09:15 [LogUtils] - Verify element visible By.xpath: //div[text()='Buy']/following-sibling::div
[INFO] 01-08-2023 18:09:15 [LogUtils] - Verify element visible By.xpath: //div[text()='Buy']/following-sibling::div
[INFO] 01-08-2023 18:09:15 [LogUtils] - Verify element visible By.xpath: //div[text()='Buy']/following-sibling::div
[INFO] 01-08-2023 18:09:15 [LogUtils] - Verify element visible By.xpath: //div[contains(text(),' Rate:')]/following-sibling::div
[INFO] 01-08-2023 18:09:15 [LogUtils] - Verify element visible By.xpath: //div[contains(text(),' Rate:')]/following-sibling::div
[INFO] 01-08-2023 18:09:15 [LogUtils] - Verify element visible By.xpath: //div[contains(text(),' Rate:')]/following-sibling::div
[INFO] 01-08-2023 18:09:15 [LogUtils] - Verify text of an element [Equals]: true
[INFO] 01-08-2023 18:09:16 [LogUtils] - Verify element visible By.xpath: //div[contains(text(),' Rate:')]/following-sibling::div
[INFO] 01-08-2023 18:09:16 [LogUtils] - Verify element visible By.xpath: //div[contains(text(),' Rate:')]/following-sibling::div
[INFO] 01-08-2023 18:09:16 [LogUtils] - Verify element visible By.xpath: //div[contains(text(),' Rate:')]/following-sibling::div
[INFO] 01-08-2023 18:09:16 [LogUtils] - Verify element visible By.xpath: //div[contains(text(),' Rate:')]/following-sibling::div
[INFO] 01-08-2023 18:09:16 [LogUtils] - Verify element visible By.xpath: //div[contains(text(),' Rate:')]/following-sibling::div
[INFO] 01-08-2023 18:09:16 [LogUtils] - Verify element visible By.xpath: //div[contains(text(),' Rate:')]/following-sibling::div
[INFO] 01-08-2023 18:09:16 [LogUtils] - Verify element visible By.xpath: //div[contains(text(),' Sell:')]/following-sibling::div
[INFO] 01-08-2023 18:09:16 [LogUtils] - Verify element visible By.xpath: //div[contains(text(),' Sell:')]/following-sibling::div
[INFO] 01-08-2023 18:09:16 [LogUtils] - Verify TRUE: true
[INFO] 01-08-2023 18:09:16 [LogUtils] - Verify element visible By.xpath: //div[.='Total payable:']/following-sibling::div
[INFO] 01-08-2023 18:09:16 [LogUtils] - Verify element visible By.xpath: //div[.='Total payable:']/following-sibling::div
[INFO] 01-08-2023 18:09:16 [LogUtils] - Verify TRUE: true
[INFO] 01-08-2023 18:09:16 [LogUtils] - Verify element visible By.xpath: //div[.='Total payable:']/following-sibling::div
[INFO] 01-08-2023 18:09:16 [LogUtils] - Verify element visible By.xpath: //div[.='Total payable:']/following-sibling::div
AED 73.98
[INFO] 01-08-2023 18:09:16 [LogUtils] - Verify element visible By.xpath: //div[.='Total payable:']/following-sibling::div
[INFO] 01-08-2023 18:09:16 [LogUtils] - Verify element visible By.xpath: //div[.='Total payable:']/following-sibling::div
[INFO] 01-08-2023 18:09:17 [LogUtils] - Verify element visible By.xpath: //div[contains(.,'Available from ') and contains(.,'allet balance:')]/following-sibling::div
[INFO] 01-08-2023 18:09:17 [LogUtils] - Verify element visible By.xpath: //div[contains(.,'Available from ') and contains(.,'allet balance:')]/following-sibling::div
act:'-AED 73.98'
Exp:'-AED 73.98'
73.98
[INFO] 01-08-2023 18:09:17 [LogUtils] - Verify element visible By.xpath: //div[contains(.,'Available from ') and contains(.,'allet balance:')]/following-sibling::div
[INFO] 01-08-2023 18:09:17 [LogUtils] - Verify element visible By.xpath: //div[contains(.,'Available from ') and contains(.,'allet balance:')]/following-sibling::div
[INFO] 01-08-2023 18:09:17 [LogUtils] - Verify TRUE: true
[INFO] 01-08-2023 18:09:17 [LogUtils] - Verify element visible By.xpath: //div[.='Balance due:']/following-sibling::div
[INFO] 01-08-2023 18:09:17 [LogUtils] - Verify element visible By.xpath: //div[.='Balance due:']/following-sibling::div
act:AED 0.00'
Exp:'AED 0.00
[INFO] 01-08-2023 18:09:17 [LogUtils] - Verify element visible By.xpath: //div[.='Balance due:']/following-sibling::div
[INFO] 01-08-2023 18:09:17 [LogUtils] - Verify element visible By.xpath: //div[.='Balance due:']/following-sibling::div
[INFO] 01-08-2023 18:09:17 [LogUtils] - Verify TRUE: true
  Then I review Exchange summary for "AUD" corridor and "30.00" amount                  # anhtester.com.hubpay.corp.stepdefinitions.ExchangePageStepDefinition.I_review_exchangesummary_for_corridor_and_amount(java.lang.String,java.lang.String)
[INFO] 01-08-2023 18:09:18 [LogUtils] - Verify element visible By.xpath: //button[contains(.,'Confirm Exchange')]
[INFO] 01-08-2023 18:09:18 [LogUtils] - Clicked on the element By.xpath: //button[contains(.,'Confirm Exchange')]
  When I Confirm the Exchange transaction                                               # anhtester.com.hubpay.corp.stepdefinitions.ExchangePageStepDefinition.I_confirm_the_exchange_transaction()
[INFO] 01-08-2023 18:09:19 [LogUtils] - Verify element visible By.xpath: //div[@role='dialog']//h2[text()='Success!']
[INFO] 01-08-2023 18:09:19 [LogUtils] - Verify element visible By.xpath: //div[@role='dialog']//h2[text()='Success!']
[INFO] 01-08-2023 18:09:19 [LogUtils] - Verify element visible By.xpath: //div[@role='dialog']//h2[text()='Success!']
[INFO] 01-08-2023 18:09:19 [LogUtils] - Verify element visible By.xpath: //div[@role='dialog']//p[text()='Please ensure you add sufficient funds to your AED wallet by the settlement date']
[INFO] 01-08-2023 18:09:19 [LogUtils] - Verify element visible By.xpath: //div[@role='dialog']//p[text()='Total amount converted']/following-sibling::p
[INFO] 01-08-2023 18:09:19 [LogUtils] - Verify element visible By.xpath: //div[@role='dialog']//p[text()='Total amount converted']/following-sibling::p
[INFO] 01-08-2023 18:09:19 [LogUtils] - Verify element visible By.xpath: //div[@role='dialog']//p[text()='Total amount converted']/following-sibling::p
[INFO] 01-08-2023 18:09:19 [LogUtils] - Verify text of an element [Equals]: true
[INFO] 01-08-2023 18:09:19 [LogUtils] - Verify element visible By.xpath: //div[@role='dialog']//p[text()='Total amount converted']/following-sibling::p
[INFO] 01-08-2023 18:09:19 [LogUtils] - Verify element visible By.xpath: //div[@role='dialog']//p[text()='Total amount converted']/following-sibling::p
[INFO] 01-08-2023 18:09:19 [LogUtils] - Verify element visible By.xpath: //div[@role='dialog']//p[text()='Total amount converted']/following-sibling::p
[INFO] 01-08-2023 18:09:19 [LogUtils] - Verify element visible By.xpath: //div[@role='dialog']//p[text()='Total amount converted']/following-sibling::p
[INFO] 01-08-2023 18:09:19 [LogUtils] - Verify element visible By.xpath: //div[@role='dialog']//p[text()='Total amount converted']/following-sibling::p
[INFO] 01-08-2023 18:09:19 [LogUtils] - Verify element visible By.xpath: //div[@role='dialog']//p[text()='Total amount converted']/following-sibling::p
[INFO] 01-08-2023 18:09:19 [LogUtils] - Verify element visible By.xpath: //div[@role='dialog']//p[text()='Settlement due date']/following-sibling::p
[INFO] 01-08-2023 18:09:19 [LogUtils] - Verify element visible By.xpath: //div[@role='dialog']//p[text()='Settlement due date']/following-sibling::p
[INFO] 01-08-2023 18:09:19 [LogUtils] - Verify element visible By.xpath: //div[@role='dialog']//p[text()='Settlement due date']/following-sibling::p
[INFO] 01-08-2023 18:09:19 [LogUtils] - Verify text of an element [Equals]: true
[INFO] 01-08-2023 18:09:19 [LogUtils] - Verify element visible By.xpath: //div[@role='dialog']//p[text()='Settlement due date']/following-sibling::p
[INFO] 01-08-2023 18:09:19 [LogUtils] - Verify element visible By.xpath: //div[@role='dialog']//p[text()='Settlement due date']/following-sibling::p
[INFO] 01-08-2023 18:09:19 [LogUtils] - Verify element visible By.xpath: //div[@role='dialog']//p[text()='Settlement due date']/following-sibling::p
[INFO] 01-08-2023 18:09:19 [LogUtils] - Verify element visible By.xpath: //div[@role='dialog']//p[text()='Settlement due date']/following-sibling::p
[INFO] 01-08-2023 18:09:19 [LogUtils] - Verify element visible By.xpath: //div[@role='dialog']//p[text()='Settlement due date']/following-sibling::p
[INFO] 01-08-2023 18:09:19 [LogUtils] - Verify element visible By.xpath: //div[@role='dialog']//p[text()='Settlement due date']/following-sibling::p
[INFO] 01-08-2023 18:09:19 [LogUtils] - Verify element visible By.xpath: //div[@role='dialog']//p[text()='Transaction reference']/following-sibling::p
[INFO] 01-08-2023 18:09:20 [LogUtils] - Verify element visible By.xpath: //div[@role='dialog']//p[text()='Transaction reference']/following-sibling::p
[INFO] 01-08-2023 18:09:20 [LogUtils] - Verify TRUE: true
[INFO] 01-08-2023 18:09:20 [LogUtils] - Verify element visible By.xpath: //div[@role='dialog']//p[text()='Transaction reference']/following-sibling::p
[INFO] 01-08-2023 18:09:20 [LogUtils] - Verify element visible By.xpath: //div[@role='dialog']//p[text()='Transaction reference']/following-sibling::p
  Then I verify details on Exchange Success modal popup                                 # anhtester.com.hubpay.corp.stepdefinitions.ExchangePageStepDefinition.I_verify_details_exchange_success_modal()
From File after Merging Maps:
{COMMON={toCurrencyName=Australian Dollar, toCurrencyCode=AUD, fromCurrencyName=UAE Dirham, fromCurrencyCode=AED, toCurrencyWalletBalance=AUD 0.00, feePerPayment=21 AUD, processingTime=Instant, fromCurrencyWalletBalance=AED 33,240.45, noOfPayments=0, totalReceiveAmount=AUD 500.00, totalAmount=, totalFees=AUD 0.00, totalPayable=AUD 500.00, balanceDue=AUD 0.00, expectedPaymentDate=31st July 2023, liveRate=1 AUD = 2.46613 AED, settlementDate=2nd August 2023, formatted_settlementDate=2nd Augu 2023}, EXCHANGE={toAmount=30.00, fromAmount=73.98, type=Foreign Exchange, createdAt=Tuesday 1 August 2023, transactionReference=AF-3GOS-EI9Z, orderedAt=01/08/2023, orderSettledAt=-, rejectedAt=-, completedAt=-, totalFundsDue=73.98}}
{COMMON={toCurrencyName=Australian Dollar, toCurrencyCode=AUD, fromCurrencyName=UAE Dirham, fromCurrencyCode=AED, toCurrencyWalletBalance=AUD 0.00, feePerPayment=21 AUD, processingTime=Instant, fromCurrencyWalletBalance=AED 33,240.45, noOfPayments=0, totalReceiveAmount=AUD 500.00, totalAmount=, totalFees=AUD 0.00, totalPayable=AUD 500.00, balanceDue=AUD 0.00, expectedPaymentDate=31st July 2023, liveRate=1 AUD = 2.46613 AED, settlementDate=2nd August 2023, formatted_settlementDate=2nd Augu 2023}, EXCHANGE={toAmount=30.00, fromAmount=73.98, type=Foreign Exchange, createdAt=Tuesday 1 August 2023, transactionReference=AF-3GOS-EI9Z, orderedAt=01/08/2023, orderSettledAt=-, rejectedAt=-, completedAt=-, totalFundsDue=73.98}}
[INFO] 01-08-2023 18:09:20 [LogUtils] - Verify element visible By.xpath: //div[@role='dialog']//button[text()='Done']
[INFO] 01-08-2023 18:09:21 [LogUtils] - Clicked on the element By.xpath: //div[@role='dialog']//button[text()='Done']
  When I click "Done" button on Exchange Success modal popup                            # anhtester.com.hubpay.corp.stepdefinitions.ExchangePageStepDefinition.I_click_button_exchange_success_modal(java.lang.String)
[INFO] 01-08-2023 18:09:21 [LogUtils] - Verify element visible By.xpath: //h1[text()='Dashboard']
[INFO] 01-08-2023 18:09:21 [LogUtils] - Verify element visible By.xpath: //h1[text()='Dashboard']
  Then I verify Dashboard page is displayed                                             # anhtester.com.hubpay.corp.stepdefinitions.DashboardPageStepDefinition.I_verify_dashboard_page_is_displayed()
[INFO] 01-08-2023 18:09:21 [LogUtils] - Verify element visible By.xpath: //button[text()='Transactions']
[INFO] 01-08-2023 18:09:21 [LogUtils] - Clicked on the element By.xpath: //button[text()='Transactions']
  Then I navigate to Transactions tab page                                              # anhtester.com.hubpay.corp.stepdefinitions.DashboardPageStepDefinition.I_navigate_to_transactions_page()
{COMMON={toCurrencyName=Australian Dollar, toCurrencyCode=AUD, fromCurrencyName=UAE Dirham, fromCurrencyCode=AED, toCurrencyWalletBalance=AUD 0.00, feePerPayment=21 AUD, processingTime=Instant, fromCurrencyWalletBalance=AED 33,240.45, noOfPayments=0, totalReceiveAmount=AUD 500.00, totalAmount=, totalFees=AUD 0.00, totalPayable=AUD 500.00, balanceDue=AUD 0.00, expectedPaymentDate=31st July 2023, liveRate=1 AUD = 2.46613 AED, settlementDate=2nd August 2023, formatted_settlementDate=2nd Augu 2023}, EXCHANGE={toAmount=30.00, fromAmount=73.98, type=Foreign Exchange, createdAt=Tuesday 1 August 2023, transactionReference=AF-3GOS-EI9Z, orderedAt=01/08/2023, orderSettledAt=-, rejectedAt=-, completedAt=-, totalFundsDue=73.98}}
Before openTransactionDetailsPage:{COMMON={toCurrencyName=Australian Dollar, toCurrencyCode=AUD, fromCurrencyName=UAE Dirham, fromCurrencyCode=AED, toCurrencyWalletBalance=AUD 0.00, feePerPayment=21 AUD, processingTime=Instant, fromCurrencyWalletBalance=AED 33,240.45, noOfPayments=0, totalReceiveAmount=AUD 500.00, totalAmount=, totalFees=AUD 0.00, totalPayable=AUD 500.00, balanceDue=AUD 0.00, expectedPaymentDate=31st July 2023, liveRate=1 AUD = 2.46613 AED, settlementDate=2nd August 2023, formatted_settlementDate=2nd Augu 2023}, EXCHANGE={toAmount=30.00, fromAmount=73.98, type=Foreign Exchange, createdAt=Tuesday 1 August 2023, transactionReference=AF-3GOS-EI9Z, orderedAt=01/08/2023, orderSettledAt=-, rejectedAt=-, completedAt=-, totalFundsDue=73.98}}
[INFO] 01-08-2023 18:09:22 [LogUtils] - Verify element visible By.xpath: //td[.='AF-3GOS-EI9Z']/parent::tr
[INFO] 01-08-2023 18:09:22 [LogUtils] - Verify TRUE: true
6
[INFO] 01-08-2023 18:09:22 [LogUtils] - Verify TRUE: true
[INFO] 01-08-2023 18:09:22 [LogUtils] - Verify TRUE: true
[INFO] 01-08-2023 18:09:22 [LogUtils] - Verify TRUE: true
[INFO] 01-08-2023 18:09:22 [LogUtils] - Verify TRUE: true
[INFO] 01-08-2023 18:09:22 [LogUtils] - Verify element visible By.xpath: //td[.='AF-3GOS-EI9Z']/parent::tr
[INFO] 01-08-2023 18:09:22 [LogUtils] - Clicked on the element By.xpath: //td[.='AF-3GOS-EI9Z']/parent::tr
[INFO] 01-08-2023 18:09:23 [LogUtils] - Verify element visible By.xpath: //h2[contains(@id,'radix-')]/h1
  Then I verify transaction status "Ordered" in table and open transaction details view # anhtester.com.hubpay.corp.stepdefinitions.DashboardPageStepDefinition.I_verify_transactions_status_open_details_view(java.lang.String)
[INFO] 01-08-2023 18:09:23 [LogUtils] - Verify element visible By.xpath: //h2[contains(@id,'radix-')]/div
[INFO] 01-08-2023 18:09:23 [LogUtils] - Verify element visible By.xpath: //h2[contains(@id,'radix-')]/div
[INFO] 01-08-2023 18:09:23 [LogUtils] - Verify element visible By.xpath: //h2[contains(@id,'radix-')]/div
[INFO] 01-08-2023 18:09:23 [LogUtils] - Verify TRUE: true
  Then I verify exchange transaction status is "Ordered" on transaction details view    # anhtester.com.hubpay.corp.stepdefinitions.DashboardPageStepDefinition.I_verify_transactions_status_on_details_view(java.lang.String)
[INFO] 01-08-2023 18:09:23 [LogUtils] - Verify element visible By.xpath: //h1[text()='Exchange receipt']/parent::h2/following-sibling::p
[INFO] 01-08-2023 18:09:23 [LogUtils] - Verify element visible By.xpath: //h1[text()='Exchange receipt']/parent::h2/following-sibling::p
[INFO] 01-08-2023 18:09:23 [LogUtils] - Verify element visible By.xpath: //h1[text()='Exchange receipt']/parent::h2/following-sibling::p
[INFO] 01-08-2023 18:09:23 [LogUtils] - Verify text of an element [Contains]: true
[INFO] 01-08-2023 18:09:23 [LogUtils] - Verify element visible By.xpath: //h1[text()='Exchange receipt']/parent::h2/following-sibling::p
[INFO] 01-08-2023 18:09:23 [LogUtils] - Verify element visible By.xpath: //h1[text()='Exchange receipt']/parent::h2/following-sibling::p
[INFO] 01-08-2023 18:09:23 [LogUtils] - Verify element visible By.xpath: //span[text()='Settlement due date']/following-sibling::div
[INFO] 01-08-2023 18:09:23 [LogUtils] - Verify element visible By.xpath: //span[text()='Settlement due date']/following-sibling::div
[INFO] 01-08-2023 18:09:23 [LogUtils] - Verify TRUE: false
  Then I verify details of exchange transaction on transaction details view             # anhtester.com.hubpay.corp.stepdefinitions.DashboardPageStepDefinition.I_verify_transactions_status_open_details_view()
      java.lang.AssertionError: Actual value:'02/08/2023 & Expected value:'' expected [true] but found [false]
	at org.testng.Assert.fail(Assert.java:111)
	at org.testng.Assert.failNotEquals(Assert.java:1578)
	at org.testng.Assert.assertTrue(Assert.java:57)
	at anhtester.com.keywords.WebUI.verifyTrue(WebUI.java:1053)
	at anhtester.com.hubpay.corp.pages.DashboardPage.verifyFieldValue(DashboardPage.java:144)
	at anhtester.com.hubpay.corp.pages.DashboardPage.verifyOnlyExchangeTransactionDetails(DashboardPage.java:162)
	at anhtester.com.hubpay.corp.stepdefinitions.DashboardPageStepDefinition.I_verify_transactions_status_open_details_view(DashboardPageStepDefinition.java:162)
	at .I verify details of exchange transaction on transaction details view(file:///Users/kanthreddy/wip/Hubpay_QAAutomation/src/test/resources/features/ExchangeFlow_AUD.feature:34)


    Embedding Screenshot Failed [image/png 404242 bytes]

  When I close the transaction details view                                             # anhtester.com.hubpay.corp.stepdefinitions.DashboardPageStepDefinition.I_close_the_exchange_transaction_details_view()
  Then I navigate to Wallets tab page                                                   # anhtester.com.hubpay.corp.stepdefinitions.DashboardPageStepDefinition.I_navigate_to_wallets_tab_page()
  Then I verify available funds for the "AUD" corridor                                  # anhtester.com.hubpay.corp.stepdefinitions.DashboardPageStepDefinition.I_verify_available_funds_for_corridor(java.lang.String)
  Then I verify available funds for the "AED" corridor                                  # anhtester.com.hubpay.corp.stepdefinitions.DashboardPageStepDefinition.I_verify_available_funds_for_corridor(java.lang.String)
  When I'm Sign out from the Corp portal                                                # anhtester.com.common.CommonSteps.I_signout_corp_portal()
[ERROR] 01-08-2023 18:09:25 [LifecycleNotifier] - Could not invoke listener method
org.openqa.selenium.NoSuchSessionException: Session ID is null. Using WebDriver after calling quit()?
Build info: version: '4.10.0', revision: 'c14d967899'
System info: os.name: 'Mac OS X', os.arch: 'aarch64', os.version: '12.6', java.version: '11.0.16'
Driver info: org.openqa.selenium.chrome.ChromeDriver
Command: [null, screenshot {}]
Capabilities {acceptInsecureCerts: false, browserName: chrome, browserVersion: 115.0.5790.114, chrome: {chromedriverVersion: 114.0.5735.90 (386bc09e8f4f..., userDataDir: /var/folders/bz/l4ntdftn1jd...}, goog:chromeOptions: {debuggerAddress: localhost:61274}, networkConnectionEnabled: false, pageLoadStrategy: normal, platformName: mac, proxy: Proxy(), se:cdp: ws://localhost:61274/devtoo..., se:cdpVersion: 115.0.5790.114, setWindowRect: true, strictFileInteractability: false, timeouts: {implicit: 0, pageLoad: 300000, script: 30000}, unhandledPromptBehavior: dismiss and notify, webauthn:extension:credBlob: true, webauthn:extension:largeBlob: true, webauthn:extension:minPinLength: true, webauthn:extension:prf: true, webauthn:virtualAuthenticators: true}
	at org.openqa.selenium.remote.HttpCommandExecutor.execute(HttpCommandExecutor.java:152) ~[selenium-remote-driver-4.10.0.jar:?]
	at org.openqa.selenium.remote.service.DriverCommandExecutor.invokeExecute(DriverCommandExecutor.java:196) ~[selenium-remote-driver-4.10.0.jar:?]
	at org.openqa.selenium.remote.service.DriverCommandExecutor.execute(DriverCommandExecutor.java:171) ~[selenium-remote-driver-4.10.0.jar:?]
	at org.openqa.selenium.remote.RemoteWebDriver.execute(RemoteWebDriver.java:531) ~[selenium-remote-driver-4.10.0.jar:?]
	at org.openqa.selenium.remote.RemoteWebDriver.execute(RemoteWebDriver.java:590) ~[selenium-remote-driver-4.10.0.jar:?]
	at org.openqa.selenium.remote.RemoteWebDriver.execute(RemoteWebDriver.java:594) ~[selenium-remote-driver-4.10.0.jar:?]
	at org.openqa.selenium.remote.RemoteWebDriver.getScreenshotAs(RemoteWebDriver.java:316) ~[selenium-remote-driver-4.10.0.jar:?]
	at jdk.internal.reflect.NativeMethodAccessorImpl.invoke0(Native Method) ~[?:?]
	at jdk.internal.reflect.NativeMethodAccessorImpl.invoke(NativeMethodAccessorImpl.java:62) ~[?:?]
	at jdk.internal.reflect.DelegatingMethodAccessorImpl.invoke(DelegatingMethodAccessorImpl.java:43) ~[?:?]
	at java.lang.reflect.Method.invoke(Method.java:566) ~[?:?]
	at org.openqa.selenium.support.ThreadGuard$WebDriverInvocationHandler.invokeUnderlying(ThreadGuard.java:99) ~[selenium-support-4.10.0.jar:?]
	at org.openqa.selenium.support.ThreadGuard$WebDriverInvocationHandler.invoke(ThreadGuard.java:91) ~[selenium-support-4.10.0.jar:?]
	at com.sun.proxy.$Proxy45.getScreenshotAs(Unknown Source) ~[?:?]
	at anhtester.com.listeners.AllureListener.beforeTestStop(AllureListener.java:43) ~[test-classes/:?]
	at io.qameta.allure.listener.LifecycleNotifier.lambda$runSafely$0(LifecycleNotifier.java:211) ~[allure-java-commons-2.22.1.jar:2.22.1]
	at java.util.ArrayList.forEach(ArrayList.java:1541) ~[?:?]
	at io.qameta.allure.listener.LifecycleNotifier.runSafely(LifecycleNotifier.java:209) ~[allure-java-commons-2.22.1.jar:2.22.1]
	at io.qameta.allure.listener.LifecycleNotifier.beforeTestStop(LifecycleNotifier.java:88) ~[allure-java-commons-2.22.1.jar:2.22.1]
	at io.qameta.allure.AllureLifecycle.stopTestCase(AllureLifecycle.java:420) ~[allure-java-commons-2.22.1.jar:2.22.1]
	at io.qameta.allure.cucumber7jvm.AllureCucumber7Jvm.handleTestCaseFinished(AllureCucumber7Jvm.java:197) ~[allure-cucumber7-jvm-2.22.1.jar:2.22.1]
	at io.cucumber.core.eventbus.AbstractEventPublisher.send(AbstractEventPublisher.java:51) ~[cucumber-core-7.12.1.jar:7.12.1]
	at io.cucumber.core.eventbus.AbstractEventBus.send(AbstractEventBus.java:12) ~[cucumber-core-7.12.1.jar:7.12.1]
	at io.cucumber.core.runtime.SynchronizedEventBus.send(SynchronizedEventBus.java:47) ~[cucumber-core-7.12.1.jar:7.12.1]
	at io.cucumber.core.runtime.ThreadLocalRunnerSupplier$LocalEventBus.send(ThreadLocalRunnerSupplier.java:62) ~[cucumber-core-7.12.1.jar:7.12.1]
	at io.cucumber.core.runner.TestCase.emitTestCaseFinished(TestCase.java:219) ~[cucumber-core-7.12.1.jar:7.12.1]
	at io.cucumber.core.runner.TestCase.run(TestCase.java:98) ~[cucumber-core-7.12.1.jar:7.12.1]
	at io.cucumber.core.runner.Runner.runPickle(Runner.java:75) ~[cucumber-core-7.12.1.jar:7.12.1]
	at io.cucumber.testng.TestNGCucumberRunner.lambda$runScenario$1(TestNGCucumberRunner.java:132) ~[cucumber-testng-7.12.1.jar:7.12.1]
	at io.cucumber.core.runtime.CucumberExecutionContext.lambda$runTestCase$5(CucumberExecutionContext.java:137) ~[cucumber-core-7.12.1.jar:7.12.1]
	at io.cucumber.core.runtime.RethrowingThrowableCollector.executeAndThrow(RethrowingThrowableCollector.java:23) [cucumber-core-7.12.1.jar:7.12.1]
	at io.cucumber.core.runtime.CucumberExecutionContext.runTestCase(CucumberExecutionContext.java:137) [cucumber-core-7.12.1.jar:7.12.1]
	at io.cucumber.testng.TestNGCucumberRunner.runScenario(TestNGCucumberRunner.java:129) [cucumber-testng-7.12.1.jar:7.12.1]
	at io.cucumber.testng.AbstractTestNGCucumberTests.runScenario(AbstractTestNGCucumberTests.java:35) [cucumber-testng-7.12.1.jar:7.12.1]
	at jdk.internal.reflect.NativeMethodAccessorImpl.invoke0(Native Method) ~[?:?]
	at jdk.internal.reflect.NativeMethodAccessorImpl.invoke(NativeMethodAccessorImpl.java:62) ~[?:?]
	at jdk.internal.reflect.DelegatingMethodAccessorImpl.invoke(DelegatingMethodAccessorImpl.java:43) ~[?:?]
	at java.lang.reflect.Method.invoke(Method.java:566) ~[?:?]
	at org.testng.internal.invokers.MethodInvocationHelper.invokeMethod(MethodInvocationHelper.java:139) [testng-7.8.0.jar:7.8.0]
	at org.testng.internal.invokers.TestInvoker.invokeMethod(TestInvoker.java:664) [testng-7.8.0.jar:7.8.0]
	at org.testng.internal.invokers.TestInvoker.invokeTestMethod(TestInvoker.java:227) [testng-7.8.0.jar:7.8.0]
	at org.testng.internal.invokers.TestMethodWithDataProviderMethodWorker.call(TestMethodWithDataProviderMethodWorker.java:80) [testng-7.8.0.jar:7.8.0]
	at org.testng.internal.invokers.TestMethodWithDataProviderMethodWorker.call(TestMethodWithDataProviderMethodWorker.java:17) [testng-7.8.0.jar:7.8.0]
	at java.util.concurrent.FutureTask.run(FutureTask.java:264) [?:?]
	at java.util.concurrent.Executors$RunnableAdapter.call(Executors.java:515) [?:?]
	at java.util.concurrent.FutureTask.run(FutureTask.java:264) [?:?]
	at java.util.concurrent.ThreadPoolExecutor.runWorker(ThreadPoolExecutor.java:1128) [?:?]
	at java.util.concurrent.ThreadPoolExecutor$Worker.run(ThreadPoolExecutor.java:628) [?:?]
	at java.lang.Thread.run(Thread.java:834) [?:?]
[ERROR] 01-08-2023 18:09:25 [LifecycleNotifier] - Could not invoke listener method
org.openqa.selenium.NoSuchSessionException: Session ID is null. Using WebDriver after calling quit()?
Build info: version: '4.10.0', revision: 'c14d967899'
System info: os.name: 'Mac OS X', os.arch: 'aarch64', os.version: '12.6', java.version: '11.0.16'
Driver info: org.openqa.selenium.chrome.ChromeDriver
Command: [null, screenshot {}]
Capabilities {acceptInsecureCerts: false, browserName: chrome, browserVersion: 115.0.5790.114, chrome: {chromedriverVersion: 114.0.5735.90 (386bc09e8f4f..., userDataDir: /var/folders/bz/l4ntdftn1jd...}, goog:chromeOptions: {debuggerAddress: localhost:61274}, networkConnectionEnabled: false, pageLoadStrategy: normal, platformName: mac, proxy: Proxy(), se:cdp: ws://localhost:61274/devtoo..., se:cdpVersion: 115.0.5790.114, setWindowRect: true, strictFileInteractability: false, timeouts: {implicit: 0, pageLoad: 300000, script: 30000}, unhandledPromptBehavior: dismiss and notify, webauthn:extension:credBlob: true, webauthn:extension:largeBlob: true, webauthn:extension:minPinLength: true, webauthn:extension:prf: true, webauthn:virtualAuthenticators: true}
	at org.openqa.selenium.remote.HttpCommandExecutor.execute(HttpCommandExecutor.java:152) ~[selenium-remote-driver-4.10.0.jar:?]
	at org.openqa.selenium.remote.service.DriverCommandExecutor.invokeExecute(DriverCommandExecutor.java:196) ~[selenium-remote-driver-4.10.0.jar:?]
	at org.openqa.selenium.remote.service.DriverCommandExecutor.execute(DriverCommandExecutor.java:171) ~[selenium-remote-driver-4.10.0.jar:?]
	at org.openqa.selenium.remote.RemoteWebDriver.execute(RemoteWebDriver.java:531) ~[selenium-remote-driver-4.10.0.jar:?]
	at org.openqa.selenium.remote.RemoteWebDriver.execute(RemoteWebDriver.java:590) ~[selenium-remote-driver-4.10.0.jar:?]
	at org.openqa.selenium.remote.RemoteWebDriver.execute(RemoteWebDriver.java:594) ~[selenium-remote-driver-4.10.0.jar:?]
	at org.openqa.selenium.remote.RemoteWebDriver.getScreenshotAs(RemoteWebDriver.java:316) ~[selenium-remote-driver-4.10.0.jar:?]
	at jdk.internal.reflect.NativeMethodAccessorImpl.invoke0(Native Method) ~[?:?]
	at jdk.internal.reflect.NativeMethodAccessorImpl.invoke(NativeMethodAccessorImpl.java:62) ~[?:?]
	at jdk.internal.reflect.DelegatingMethodAccessorImpl.invoke(DelegatingMethodAccessorImpl.java:43) ~[?:?]
	at java.lang.reflect.Method.invoke(Method.java:566) ~[?:?]
	at org.openqa.selenium.support.ThreadGuard$WebDriverInvocationHandler.invokeUnderlying(ThreadGuard.java:99) ~[selenium-support-4.10.0.jar:?]
	at org.openqa.selenium.support.ThreadGuard$WebDriverInvocationHandler.invoke(ThreadGuard.java:91) ~[selenium-support-4.10.0.jar:?]
	at com.sun.proxy.$Proxy45.getScreenshotAs(Unknown Source) ~[?:?]
	at anhtester.com.listeners.AllureListener.beforeTestStop(AllureListener.java:43) ~[test-classes/:?]
	at io.qameta.allure.listener.LifecycleNotifier.lambda$runSafely$0(LifecycleNotifier.java:211) ~[allure-java-commons-2.22.1.jar:2.22.1]
	at java.util.ArrayList.forEach(ArrayList.java:1541) [?:?]
	at io.qameta.allure.listener.LifecycleNotifier.runSafely(LifecycleNotifier.java:209) [allure-java-commons-2.22.1.jar:2.22.1]
	at io.qameta.allure.listener.LifecycleNotifier.beforeTestStop(LifecycleNotifier.java:88) [allure-java-commons-2.22.1.jar:2.22.1]
	at io.qameta.allure.AllureLifecycle.stopTestCase(AllureLifecycle.java:420) [allure-java-commons-2.22.1.jar:2.22.1]
	at io.qameta.allure.testng.AllureTestNg.stopTestCase(AllureTestNg.java:376) [allure-testng-2.22.1.jar:2.22.1]
	at io.qameta.allure.testng.AllureTestNg.onTestFailure(AllureTestNg.java:370) [allure-testng-2.22.1.jar:2.22.1]
	at org.testng.internal.TestListenerHelper.runTestListeners(TestListenerHelper.java:108) [testng-7.8.0.jar:7.8.0]
	at org.testng.internal.invokers.TestInvoker.runTestResultListener(TestInvoker.java:262) [testng-7.8.0.jar:7.8.0]
	at org.testng.internal.invokers.TestInvoker.invokeMethod(TestInvoker.java:751) [testng-7.8.0.jar:7.8.0]
	at org.testng.internal.invokers.TestInvoker.invokeTestMethod(TestInvoker.java:227) [testng-7.8.0.jar:7.8.0]
	at org.testng.internal.invokers.TestMethodWithDataProviderMethodWorker.call(TestMethodWithDataProviderMethodWorker.java:80) [testng-7.8.0.jar:7.8.0]
	at org.testng.internal.invokers.TestMethodWithDataProviderMethodWorker.call(TestMethodWithDataProviderMethodWorker.java:17) [testng-7.8.0.jar:7.8.0]
	at java.util.concurrent.FutureTask.run(FutureTask.java:264) [?:?]
	at java.util.concurrent.Executors$RunnableAdapter.call(Executors.java:515) [?:?]
	at java.util.concurrent.FutureTask.run(FutureTask.java:264) [?:?]
	at java.util.concurrent.ThreadPoolExecutor.runWorker(ThreadPoolExecutor.java:1128) [?:?]
	at java.util.concurrent.ThreadPoolExecutor$Worker.run(ThreadPoolExecutor.java:628) [?:?]
	at java.lang.Thread.run(Thread.java:834) [?:?]
]]></system-out>
    <system-err><![CDATA[Aug 01, 2023 6:08:57 PM org.openqa.selenium.remote.service.DriverService$Builder getLogOutput
INFO: Driver logs no longer sent to console by default; https://www.selenium.dev/documentation/webdriver/drivers/service/#setting-log-output
Aug 01, 2023 6:09:00 PM org.openqa.selenium.devtools.CdpVersionFinder findNearestMatch
WARNING: Unable to find an exact match for CDP version 115, so returning the closest version found: 114
java.text.ParseException: Unparseable date: "2nd Augu 2023"
	at java.base/java.text.DateFormat.parse(DateFormat.java:395)
	at anhtester.com.hubpay.corp.pages.DashboardPage.verifyOnlyExchangeTransactionDetails(DashboardPage.java:154)
	at anhtester.com.hubpay.corp.stepdefinitions.DashboardPageStepDefinition.I_verify_transactions_status_open_details_view(DashboardPageStepDefinition.java:162)
	at java.base/jdk.internal.reflect.NativeMethodAccessorImpl.invoke0(Native Method)
	at java.base/jdk.internal.reflect.NativeMethodAccessorImpl.invoke(NativeMethodAccessorImpl.java:62)
	at java.base/jdk.internal.reflect.DelegatingMethodAccessorImpl.invoke(DelegatingMethodAccessorImpl.java:43)
	at java.base/java.lang.reflect.Method.invoke(Method.java:566)
	at io.cucumber.java.Invoker.doInvoke(Invoker.java:66)
	at io.cucumber.java.Invoker.invoke(Invoker.java:24)
	at io.cucumber.java.AbstractGlueDefinition.invokeMethod(AbstractGlueDefinition.java:47)
	at io.cucumber.java.JavaStepDefinition.execute(JavaStepDefinition.java:29)
	at io.cucumber.core.runner.CoreStepDefinition.execute(CoreStepDefinition.java:66)
	at io.cucumber.core.runner.PickleStepDefinitionMatch.runStep(PickleStepDefinitionMatch.java:63)
	at io.cucumber.core.runner.ExecutionMode$1.execute(ExecutionMode.java:10)
	at io.cucumber.core.runner.TestStep.executeStep(TestStep.java:84)
	at io.cucumber.core.runner.TestStep.run(TestStep.java:56)
	at io.cucumber.core.runner.PickleStepTestStep.run(PickleStepTestStep.java:51)
	at io.cucumber.core.runner.TestCase.run(TestCase.java:84)
	at io.cucumber.core.runner.Runner.runPickle(Runner.java:75)
	at io.cucumber.testng.TestNGCucumberRunner.lambda$runScenario$1(TestNGCucumberRunner.java:132)
	at io.cucumber.core.runtime.CucumberExecutionContext.lambda$runTestCase$5(CucumberExecutionContext.java:137)
	at io.cucumber.core.runtime.RethrowingThrowableCollector.executeAndThrow(RethrowingThrowableCollector.java:23)
	at io.cucumber.core.runtime.CucumberExecutionContext.runTestCase(CucumberExecutionContext.java:137)
	at io.cucumber.testng.TestNGCucumberRunner.runScenario(TestNGCucumberRunner.java:129)
	at io.cucumber.testng.AbstractTestNGCucumberTests.runScenario(AbstractTestNGCucumberTests.java:35)
	at java.base/jdk.internal.reflect.NativeMethodAccessorImpl.invoke0(Native Method)
	at java.base/jdk.internal.reflect.NativeMethodAccessorImpl.invoke(NativeMethodAccessorImpl.java:62)
	at java.base/jdk.internal.reflect.DelegatingMethodAccessorImpl.invoke(DelegatingMethodAccessorImpl.java:43)
	at java.base/java.lang.reflect.Method.invoke(Method.java:566)
	at org.testng.internal.invokers.MethodInvocationHelper.invokeMethod(MethodInvocationHelper.java:139)
	at org.testng.internal.invokers.TestInvoker.invokeMethod(TestInvoker.java:664)
	at org.testng.internal.invokers.TestInvoker.invokeTestMethod(TestInvoker.java:227)
	at org.testng.internal.invokers.TestMethodWithDataProviderMethodWorker.call(TestMethodWithDataProviderMethodWorker.java:80)
	at org.testng.internal.invokers.TestMethodWithDataProviderMethodWorker.call(TestMethodWithDataProviderMethodWorker.java:17)
	at java.base/java.util.concurrent.FutureTask.run(FutureTask.java:264)
	at java.base/java.util.concurrent.Executors$RunnableAdapter.call(Executors.java:515)
	at java.base/java.util.concurrent.FutureTask.run(FutureTask.java:264)
	at java.base/java.util.concurrent.ThreadPoolExecutor.runWorker(ThreadPoolExecutor.java:1128)
	at java.base/java.util.concurrent.ThreadPoolExecutor$Worker.run(ThreadPoolExecutor.java:628)
	at java.base/java.lang.Thread.run(Thread.java:834)
]]></system-err>
  </testcase>
</testsuite>